Step 99 -- Top-K Class Vote, P-MNIST
N_TASKS=10, D_OUT=384, DEVICE=cuda
Config: lr=0.001, spawn_thresh=0.7 (cosine)
k_vote sweep: [1, 3, 5, 10]  (k=1 should == 1-NN)

Loading MNIST...
Pre-embedding test sets...
  Done: 10 tasks x 10000 samples

=== Task 0 ===
  cb: 0->969 (+969)
  Train: 1.7s
  Eval (1 tasks): 0.1s
  Peek: k=1=88.0% k=3=92.7% k=10=86.7%

=== Task 1 ===
  cb: 969->1781 (+812)
  Train: 1.7s
  Eval (2 tasks): 0.0s
  Peek: k=1=85.8% k=3=90.9% k=10=87.4%

=== Task 2 ===
  cb: 1781->2641 (+860)
  Train: 1.7s
  Eval (3 tasks): 0.1s
  Peek: k=1=86.7% k=3=92.7% k=10=91.3%

=== Task 3 ===
  cb: 2641->3505 (+864)
  Train: 1.8s
  Eval (4 tasks): 0.3s
  Peek: k=1=88.0% k=3=91.8% k=10=88.7%

=== Task 4 ===
  cb: 3505->4360 (+855)
  Train: 1.8s
  Eval (5 tasks): 0.2s
  Peek: k=1=86.6% k=3=91.7% k=10=88.6%

=== Task 5 ===
  cb: 4360->5384 (+1024)
  Train: 1.7s
  Eval (6 tasks): 0.1s
  Peek: k=1=88.3% k=3=92.8% k=10=91.6%

=== Task 6 ===
  cb: 5384->6167 (+783)
  Train: 1.7s
  Eval (7 tasks): 0.2s
  Peek: k=1=86.6% k=3=91.9% k=10=87.9%

=== Task 7 ===
  cb: 6167->6994 (+827)
  Train: 1.6s
  Eval (8 tasks): 0.2s
  Peek: k=1=86.7% k=3=91.4% k=10=86.4%

=== Task 8 ===
  cb: 6994->7816 (+822)
  Train: 1.6s
  Eval (9 tasks): 0.2s
  Peek: k=1=85.9% k=3=91.5% k=10=86.8%

=== Task 9 ===
  cb: 7816->8597 (+781)
  Train: 1.6s
  Eval (10 tasks): 0.3s
  Peek: k=1=85.4% k=3=91.0% k=10=86.4%

======================================================================
STEP 99 SUMMARY -- Top-K Class Vote P-MNIST
N_TASKS=10, lr=0.001, sp=0.7, DEVICE=cuda
======================================================================

   k |      AA  Forgetting |   vs k=1
----------------------------------------
   1 |   86.8%        0.0pp |    +0.0pp <-- 1-NN baseline
   3 |   91.8%        0.0pp |    +5.0pp
   5 |   91.8%        0.0pp |    +5.0pp
  10 |   88.2%        0.0pp |    +1.4pp

Final codebook size: 8597
Total spawned: 8597

Baseline (fold Step 65): 56.7% AA, 0.0pp forgetting
1-NN with cosine spawn:  86.8% AA (calibration vs fold baseline)
vs fold baseline (56.7%): +30.1pp

KILL CRITERION:
  Best top-k (k=5): 91.8%
  1-NN baseline:           86.8%
  VERDICT: PASSES +5.0pp over 1-NN
  FORGETTING: PASS (0.0pp <= 5pp)

Sanity check (k=1 == 1-NN):
  k=1 AA=86.816% == 1-NN: YES

Elapsed: 20.4s
