======================================================================
STEP 1141 — PixelScanSubstrate
Substrate: B:\M\the-search\experiments\sub1141_prosecution_v37.py
======================================================================
2026-03-26 01:31:37 | INFO | Successfully fetched 25 environment(s) from API
[PRISM] Selected 3 games from 25 available (seed=None)
  GAME_2=***  GAME_3=***  GAME_4=***
Budget: 10000 steps/game, 10 seeds, randomized order

2026-03-26 01:31:37 | INFO | Successfully fetched 25 environment(s) from API
2026-03-26 01:31:37 | INFO | Created new scorecard: d1970fc1-282f-44ce-8bee-34f20f17983e
2026-03-26 01:31:37 | INFO | Successfully fetched metadata for game re86
2026-03-26 01:31:37 | INFO | Successfully loaded game class Re86 from environment_files\re86\4e57566e\re86.py
2026-03-26 01:31:50 | INFO | Successfully fetched 25 environment(s) from API
2026-03-26 01:31:50 | INFO | Created new scorecard: 42292b8f-5423-46a2-98ca-53ba3f8787c0
2026-03-26 01:31:50 | INFO | Successfully fetched metadata for game ls20
2026-03-26 01:31:50 | INFO | Successfully loaded game class Ls20 from environment_files\ls20\9607627b\ls20.py
2026-03-26 01:32:10 | INFO | Successfully fetched 25 environment(s) from API
2026-03-26 01:32:10 | INFO | Created new scorecard: f06086db-f00c-49c5-a35d-7f2796fce629
2026-03-26 01:32:11 | INFO | Successfully fetched metadata for game tr87
2026-03-26 01:32:11 | INFO | Successfully loaded game class Tr87 from environment_files\tr87\cd924810\tr87.py

======================================================================
STEP 1141 RESULTS:
  GAME_1: L1=100%  SOLVED=0%  max_lvl=0  ARC=0.0000  avg_t=0.1s
  GAME_2: L1=0%  SOLVED=0%  max_lvl=0  ARC=0.0000  avg_t=19.1s
  GAME_3: L1=0%  SOLVED=0%  max_lvl=0  ARC=0.0000  avg_t=15.8s
  GAME_4: L1=0%  SOLVED=0%  max_lvl=0  ARC=0.0000  avg_t=20.8s
  GAME_5: L1=100%  SOLVED=0%  max_lvl=0  ARC=0.0000  avg_t=0.1s
  Chain score: 2/5
  ARC Prize score: 0.0000 (human_baseline=50 actions/level)
  ** DEBATE FAIL: one or more games at 0% L1 (Jun directive 2026-03-25) **
  ** WIN CONDITION NOT MET: 100% ALL LEVELS required on ALL games **
  Chain kill verdict: FAIL
    GAME_1: ++0% (100% → 100%)
    GAME_4: -100% (100% → 0%)
    GAME_5: ++0% (100% → 100%)
  Results: [blind]
  Elapsed: 565.8s
STEP 1141 DONE
