Step 113 -- Hebbian PCA + k-NN, CIFAR-100 raw pixels
N_TASKS=2, k=5, DEVICE=cuda
Loading CIFAR-100 raw pixels...
/home/jun/csi-train/lib/python3.12/site-packages/torchvision/datasets/cifar.py:83: VisibleDeprecationWarning: dtype(): align should be passed as Python or NumPy boolean but got `align=0`. Did you mean to pass a tuple to create a subarray type? (Deprecated NumPy 2.4)
  entry = pickle.load(f, encoding="latin1")
  Task 0: tr=5000, te=1000
  Task 1: tr=5000, te=1000
Loading ResNet-18 features...

============================================================
Condition 1: Raw pixel k-NN (d=3072)
============================================================
    T0: cb=5000 aa=44.6%
    T1: cb=10000 aa=32.6%

============================================================
Condition 4: ResNet-18 k-NN (d=512, ceiling)
============================================================
    T0: cb=5000 aa=70.9%
    T1: cb=10000 aa=56.7%

============================================================
Condition 2: Random projection k-NN (d_proj=128)
============================================================
    T0: cb=5000 aa=43.6%
    T1: cb=10000 aa=31.6%

============================================================
Condition 3: Hebbian PCA k-NN (d_proj=32, lr=0.001)
============================================================
    T0: train=1.3s rep=0.0s eval=0.0s cb=5000 aa=42.8%
    T1: train=1.2s rep=0.0s eval=0.0s cb=10000 aa=28.9%

============================================================
Condition 3: Hebbian PCA k-NN (d_proj=64, lr=0.001)
============================================================
    T0: train=1.2s rep=0.0s eval=0.0s cb=5000 aa=42.0%
    T1: train=1.2s rep=0.0s eval=0.0s cb=10000 aa=28.4%

============================================================
Condition 3: Hebbian PCA k-NN (d_proj=128, lr=0.001)
============================================================
    T0: train=1.2s rep=0.0s eval=0.0s cb=5000 aa=45.1%
    T1: train=1.3s rep=0.0s eval=0.0s cb=10000 aa=31.5%

============================================================
Condition 3: Hebbian PCA k-NN (d_proj=256, lr=0.001)
============================================================
    T0: train=1.2s rep=0.0s eval=0.0s cb=5000 aa=44.3%
    T1: train=1.2s rep=0.0s eval=0.0s cb=10000 aa=31.5%

========================================================================
STEP 113 FINAL -- Hebbian PCA + k-NN, CIFAR-100
Kill: Hebbian <= random_128 at same d_proj
========================================================================
  raw_knn              AA=32.6%  fgt=7.1pp  d=3072
  resnet_ceiling       AA=56.7%  fgt=10.6pp  d=512
  random_128           AA=31.6%  fgt=6.8pp  d=128
  hebbian_32           AA=28.9%  fgt=7.4pp  d=32  vs_rand=-2.6pp [DISPROVED]
  hebbian_64           AA=28.4%  fgt=7.5pp  d=64  vs_rand=-3.2pp [DISPROVED]
  hebbian_128          AA=31.5%  fgt=7.6pp  d=128  vs_rand=-0.1pp [DISPROVED]
  hebbian_256          AA=31.5%  fgt=7.1pp  d=256  vs_rand=-0.1pp [DISPROVED]

  OVERALL: DISPROVED

Elapsed: 17.4s
