======================================================================
STEP 1098 — CrossLevelReactiveSubstrate
Substrate: B:\M\the-search\experiments\sub1098_defense_v27.py
======================================================================
2026-03-25 20:41:51 | INFO | Successfully fetched 25 environment(s) from API
[PRISM] Selected 3 games from 25 available (seed=None)
  GAME_2=***  GAME_3=***  GAME_4=***
Budget: 10000 steps/game, 10 seeds, randomized order

2026-03-25 20:41:51 | INFO | Successfully fetched 25 environment(s) from API
2026-03-25 20:41:51 | INFO | Created new scorecard: 1b5c6e05-afff-404a-b93e-266dd93ca7b8
2026-03-25 20:41:51 | INFO | Successfully fetched metadata for game sc25
2026-03-25 20:41:51 | INFO | Successfully loaded game class Sc25 from environment_files\sc25\f9b21a2f\sc25.py
2026-03-25 20:41:57 | INFO | Successfully fetched 25 environment(s) from API
2026-03-25 20:41:57 | INFO | Created new scorecard: aa5c7a42-2232-49de-ba9f-044c6ad80196
2026-03-25 20:41:57 | INFO | Successfully fetched metadata for game wa30
2026-03-25 20:41:57 | INFO | Successfully loaded game class Wa30 from environment_files\wa30\ee6fef47\wa30.py
2026-03-25 20:42:06 | INFO | Successfully fetched 25 environment(s) from API
2026-03-25 20:42:06 | INFO | Created new scorecard: ab3bb8a9-69f3-4403-a7b0-8efc749afe53
2026-03-25 20:42:06 | INFO | Successfully fetched metadata for game dc22
2026-03-25 20:42:06 | INFO | Successfully loaded game class Dc22 from environment_files\dc22\4c9bff3e\dc22.py

======================================================================
STEP 1098 RESULTS:
  GAME_1: L1=100%  SOLVED=0%  max_lvl=0  ARC=0.0000  avg_t=0.1s
  GAME_2: L1=0%  SOLVED=0%  max_lvl=0  ARC=0.0000  avg_t=5.4s
  GAME_3: L1=0%  SOLVED=0%  max_lvl=0  ARC=0.0000  avg_t=6.2s
  GAME_4: L1=0%  SOLVED=0%  max_lvl=0  ARC=0.0000  avg_t=3.8s
  GAME_5: L1=100%  SOLVED=0%  max_lvl=0  ARC=0.0000  avg_t=0.1s
  Chain score: 2/5
  ARC Prize score: 0.0000 (human_baseline=50 actions/level)
  ** DEBATE FAIL: one or more games at 0% L1 (Jun directive 2026-03-25) **
  ** WIN CONDITION NOT MET: 100% ALL LEVELS required on ALL games **
  Chain kill verdict: PASS
    GAME_1: ++0% (100% → 100%)
    GAME_5: ++0% (100% → 100%)
  Results: [blind]
  Elapsed: 162.4s
STEP 1098 DONE
