Step 107 -- Unified Process (S1), CIFAR-100
sp=0.95, k=5, DEVICE=cuda
Baseline cond1 target: ~38.3% AA (Step 100b)
Kill: cond2 < cond1 - 5pp

Loading ResNet-18 features from /mnt/c/Users/Admin/cifar100_resnet18_features.npz...
  Train: 50000, Test: 10000, D=512
  Task 0: classes 0-9, train=5000, test=1000
  Task 1: classes 10-19, train=5000, test=1000
  Task 2: classes 20-29, train=5000, test=1000
  Task 3: classes 30-39, train=5000, test=1000
  Task 4: classes 40-49, train=5000, test=1000
  Task 5: classes 50-59, train=5000, test=1000
  Task 6: classes 60-69, train=5000, test=1000
  Task 7: classes 70-79, train=5000, test=1000
  Task 8: classes 80-89, train=5000, test=1000
  Task 9: classes 90-99, train=5000, test=1000

  T0: train=9.6s eval=2.1s cb=0->4791 c1=71.8% c2=71.1% spawned=921
  T1: train=18.4s eval=7.4s cb=4791->9740 c1=57.4% c2=57.2% spawned=1905
  T2: train=27.1s eval=16.9s cb=9740->14646 c1=53.7% c2=53.5% spawned=2874
  T3: train=36.5s eval=30.2s cb=14646->19577 c1=48.5% c2=48.4% spawned=3841
  T4: train=47.0s eval=43.3s cb=19577->24493 c1=46.1% c2=45.8% spawned=4790
  T5: train=52.5s eval=60.6s cb=24493->29295 c1=44.5% c2=43.9% spawned=5721
  T6: train=59.4s eval=85.2s cb=29295->34185 c1=43.3% c2=43.0% spawned=6682
  T7: train=70.0s eval=109.6s cb=34185->39046 c1=41.1% c2=40.8% spawned=7629
  T8: train=75.9s eval=137.0s cb=39046->43967 c1=40.0% c2=39.7% spawned=8603
  T9: train=84.5s eval=171.8s cb=43967->48849 c1=38.3% c2=38.0% spawned=9563

========================================================================
STEP 107 FINAL SUMMARY -- Unified Process (S1), CIFAR-100
========================================================================
  S1 compliant: YES (one function, no train/eval branch)
  Cond 1 (frozen):  AA=38.3%  fgt=11.6pp  (target: ~38.3%)
  Cond 2 (spawning): AA=38.0%  fgt=11.0pp  delta=-0.4pp

  VERDICT: PASSES -- self-supervised spawning neutral (-0.4pp, within 5pp)

Elapsed: 1145.8s
