Step 582: Operations as edge data
  K=12 MAX_STEPS=50000 PENALTY=100 BONUS=50

--- OpsData ---

seed 0:
2026-03-20 12:30:33 | INFO | Got anonymous API key: de693b31-841b-482f-8095-392d82e26e5f
2026-03-20 12:30:33 | INFO | You can register for an API key at https://three.arcprize.org
2026-03-20 12:30:33 | INFO | Successfully fetched 3 environment(s) from API
2026-03-20 12:30:33 | INFO | Created new scorecard: 9cda629c-7ab2-41a3-9467-d38bde6ee2bb
2026-03-20 12:30:33 | INFO | Successfully fetched metadata for game ls20
2026-03-20 12:30:33 | INFO | Successfully loaded game class Ls20 from environment_files\ls20\cb3b57cc\ls20.py
    s0 L1@5316
  s0: L1=1 L2=0 go=384 step=50000 cells=436 33s
    edges=1468 op0=1229 op2=82 op3=157 deaths=384 surprises=24461

seed 1:
2026-03-20 12:31:06 | INFO | Got anonymous API key: c1a5d27a-bd02-43aa-8081-de28890412ab
2026-03-20 12:31:06 | INFO | You can register for an API key at https://three.arcprize.org
2026-03-20 12:31:06 | INFO | Successfully fetched 3 environment(s) from API
2026-03-20 12:31:06 | INFO | Created new scorecard: a1d642e3-6af3-4aa7-9b78-9bf91837b0ae
2026-03-20 12:31:07 | INFO | Successfully fetched metadata for game ls20
2026-03-20 12:31:07 | INFO | Successfully loaded game class Ls20 from environment_files\ls20\cb3b57cc\ls20.py
    s1 L1@24252
  s1: L1=1 L2=0 go=384 step=50000 cells=363 36s
    edges=1313 op0=1066 op2=123 op3=124 deaths=384 surprises=26100

seed 2:
2026-03-20 12:31:42 | INFO | Got anonymous API key: e0c44747-ab27-4b4c-b9e2-3a03a4fbc76e
2026-03-20 12:31:42 | INFO | You can register for an API key at https://three.arcprize.org
2026-03-20 12:31:43 | INFO | Successfully fetched 3 environment(s) from API
2026-03-20 12:31:43 | INFO | Created new scorecard: 8f2a1388-9256-4159-bbbb-e9c2a67698b5
2026-03-20 12:31:43 | INFO | Successfully fetched metadata for game ls20
2026-03-20 12:31:43 | INFO | Successfully loaded game class Ls20 from environment_files\ls20\cb3b57cc\ls20.py
    s2 L1@4531
  s2: L1=1 L2=0 go=384 step=50000 cells=234 34s
    edges=763 op0=591 op2=74 op3=98 deaths=384 surprises=25742

seed 3:
2026-03-20 12:32:16 | INFO | Got anonymous API key: 050ec454-1bea-4429-9f94-d036bef93281
2026-03-20 12:32:16 | INFO | You can register for an API key at https://three.arcprize.org
2026-03-20 12:32:17 | INFO | Successfully fetched 3 environment(s) from API
2026-03-20 12:32:17 | INFO | Created new scorecard: e233fea2-f869-4562-b954-4332fd4e6d51
2026-03-20 12:32:17 | INFO | Successfully fetched metadata for game ls20
2026-03-20 12:32:17 | INFO | Successfully loaded game class Ls20 from environment_files\ls20\cb3b57cc\ls20.py
    s3 L1@26241
  s3: L1=1 L2=0 go=381 step=50000 cells=180 34s
    edges=648 op0=484 op2=86 op3=78 deaths=381 surprises=25040

seed 4:
2026-03-20 12:32:51 | INFO | Got anonymous API key: 0bd2d01e-1f6a-47ed-9fdf-da7ade29343f
2026-03-20 12:32:51 | INFO | You can register for an API key at https://three.arcprize.org
2026-03-20 12:32:51 | INFO | Successfully fetched 3 environment(s) from API
2026-03-20 12:32:51 | INFO | Created new scorecard: 7c2e242c-58e5-424d-9ced-bd5084eb59b2
2026-03-20 12:32:51 | INFO | Successfully fetched metadata for game ls20
2026-03-20 12:32:51 | INFO | Successfully loaded game class Ls20 from environment_files\ls20\cb3b57cc\ls20.py
  s4: L1=0 L2=0 go=385 step=50000 cells=326 36s
    edges=1213 op0=963 op2=116 op3=134 deaths=385 surprises=28352

--- Argmin baseline ---

seed 0:
2026-03-20 12:33:28 | INFO | Got anonymous API key: 893ecd59-c396-43a7-a87b-3af899176c0e
2026-03-20 12:33:28 | INFO | You can register for an API key at https://three.arcprize.org
2026-03-20 12:33:28 | INFO | Successfully fetched 3 environment(s) from API
2026-03-20 12:33:28 | INFO | Created new scorecard: fb186fb6-9f82-4948-89ac-dbcb1eda2fcc
2026-03-20 12:33:28 | INFO | Successfully fetched metadata for game ls20
2026-03-20 12:33:28 | INFO | Successfully loaded game class Ls20 from environment_files\ls20\cb3b57cc\ls20.py
    s0 L1@9016
  s0: L1=1 L2=0 go=383 step=50000 cells=454 28s

seed 1:
2026-03-20 12:33:57 | INFO | Got anonymous API key: 742c83b1-0da0-4413-bac8-7a96b6b79408
2026-03-20 12:33:57 | INFO | You can register for an API key at https://three.arcprize.org
2026-03-20 12:33:57 | INFO | Successfully fetched 3 environment(s) from API
2026-03-20 12:33:57 | INFO | Created new scorecard: 4fff15e8-afa0-413a-8b03-db9d5910edbd
2026-03-20 12:33:57 | INFO | Successfully fetched metadata for game ls20
2026-03-20 12:33:57 | INFO | Successfully loaded game class Ls20 from environment_files\ls20\cb3b57cc\ls20.py
    s1 L1@31819
  s1: L1=1 L2=0 go=385 step=50000 cells=352 25s

seed 2:
2026-03-20 12:34:22 | INFO | Got anonymous API key: d47e22d2-ce30-41d6-bc8a-fa9f85c2c5ba
2026-03-20 12:34:22 | INFO | You can register for an API key at https://three.arcprize.org
2026-03-20 12:34:22 | INFO | Successfully fetched 3 environment(s) from API
2026-03-20 12:34:22 | INFO | Created new scorecard: 64c55744-f27e-44ee-b448-509a31396c40
2026-03-20 12:34:23 | INFO | Successfully fetched metadata for game ls20
2026-03-20 12:34:23 | INFO | Successfully loaded game class Ls20 from environment_files\ls20\cb3b57cc\ls20.py
  s2: L1=0 L2=0 go=386 step=50000 cells=244 26s

seed 3:
2026-03-20 12:34:49 | INFO | Got anonymous API key: 9684b2f6-7d84-4430-9e2b-98dcfd40b5b0
2026-03-20 12:34:49 | INFO | You can register for an API key at https://three.arcprize.org
2026-03-20 12:34:49 | INFO | Successfully fetched 3 environment(s) from API
2026-03-20 12:34:49 | INFO | Created new scorecard: e619acf9-4113-4173-a067-e74ad7fbc85f
2026-03-20 12:34:49 | INFO | Successfully fetched metadata for game ls20
2026-03-20 12:34:49 | INFO | Successfully loaded game class Ls20 from environment_files\ls20\cb3b57cc\ls20.py
    s3 L1@18070
  s3: L1=1 L2=0 go=384 step=50000 cells=174 24s

seed 4:
2026-03-20 12:35:13 | INFO | Got anonymous API key: 5a22a7fb-9534-4343-ba46-9b6779c607ce
2026-03-20 12:35:13 | INFO | You can register for an API key at https://three.arcprize.org
2026-03-20 12:35:13 | INFO | Successfully fetched 3 environment(s) from API
2026-03-20 12:35:13 | INFO | Created new scorecard: 7e2ffc2f-fe30-409f-bbe5-83b75acd9ae5
2026-03-20 12:35:13 | INFO | Successfully fetched metadata for game ls20
2026-03-20 12:35:13 | INFO | Successfully loaded game class Ls20 from environment_files\ls20\cb3b57cc\ls20.py
  s4: L1=0 L2=0 go=386 step=50000 cells=323 26s

============================================================
Step 582: Operations as edge data
  OpsData: 4/5 seeds L1, total L1=4
    s0: L1=1 cells=436
    s1: L1=1 cells=363
    s2: L1=1 cells=234
    s3: L1=1 cells=180
    s4: L1=0 cells=326
  Argmin:  3/5 seeds L1, total L1=3
    s0: L1=1 cells=454
    s1: L1=1 cells=352
    s2: L1=0 cells=244
    s3: L1=1 cells=174
    s4: L1=0 cells=323

SIGNAL: ops-data (4) > argmin (3)
