Step 581d: Soft penalty death avoidance (PENALTY=100)
  K=12 MAX_STEPS=50000 PENALTY=100

--- SoftPenalty ---

seed 0:
2026-03-20 12:26:51 | INFO | Got anonymous API key: 451f32b1-100c-405e-88c3-021792fd8099
2026-03-20 12:26:51 | INFO | You can register for an API key at https://three.arcprize.org
2026-03-20 12:26:51 | INFO | Successfully fetched 3 environment(s) from API
2026-03-20 12:26:51 | INFO | Created new scorecard: 76ac3c42-5f3b-4ca7-91fe-518c96893523
2026-03-20 12:26:51 | INFO | Successfully fetched metadata for game ls20
2026-03-20 12:26:51 | INFO | Successfully loaded game class Ls20 from environment_files\ls20\cb3b57cc\ls20.py
    s0 L1@5875
  s0: L1=1 L2=0 go=383 step=50000 cells=428 24s
    death_edges=119 total_deaths=383 penalty_steps=2908

seed 1:
2026-03-20 12:27:15 | INFO | Got anonymous API key: 22afe436-ecfe-4c1d-8877-8b61278a0d02
2026-03-20 12:27:15 | INFO | You can register for an API key at https://three.arcprize.org
2026-03-20 12:27:15 | INFO | Successfully fetched 3 environment(s) from API
2026-03-20 12:27:15 | INFO | Created new scorecard: 9298627e-a323-4fd4-8a1c-be5a7a699f9d
2026-03-20 12:27:16 | INFO | Successfully fetched metadata for game ls20
2026-03-20 12:27:16 | INFO | Successfully loaded game class Ls20 from environment_files\ls20\cb3b57cc\ls20.py
    s1 L1@7169
  s1: L1=1 L2=0 go=385 step=50000 cells=324 33s
    death_edges=100 total_deaths=385 penalty_steps=3691

seed 2:
2026-03-20 12:27:48 | INFO | Got anonymous API key: 3000a25c-68a9-4782-abf4-6ce64478a912
2026-03-20 12:27:48 | INFO | You can register for an API key at https://three.arcprize.org
2026-03-20 12:27:48 | INFO | Successfully fetched 3 environment(s) from API
2026-03-20 12:27:48 | INFO | Created new scorecard: 3751d97a-252c-4dc3-947e-e8de34ed912b
2026-03-20 12:27:49 | INFO | Successfully fetched metadata for game ls20
2026-03-20 12:27:49 | INFO | Successfully loaded game class Ls20 from environment_files\ls20\cb3b57cc\ls20.py
    s2 L1@20362
  s2: L1=1 L2=0 go=386 step=50000 cells=252 38s
    death_edges=128 total_deaths=386 penalty_steps=2347

seed 3:
2026-03-20 12:28:27 | INFO | Got anonymous API key: 07d218be-a48f-41c3-a013-1d95a975f06f
2026-03-20 12:28:27 | INFO | You can register for an API key at https://three.arcprize.org
2026-03-20 12:28:27 | INFO | Successfully fetched 3 environment(s) from API
2026-03-20 12:28:27 | INFO | Created new scorecard: b22242d5-10b1-486a-885d-878dfd749011
2026-03-20 12:28:28 | INFO | Successfully fetched metadata for game ls20
2026-03-20 12:28:28 | INFO | Successfully loaded game class Ls20 from environment_files\ls20\cb3b57cc\ls20.py
    s3 L1@20211
  s3: L1=1 L2=0 go=386 step=50000 cells=154 35s
    death_edges=108 total_deaths=386 penalty_steps=4565

seed 4:
2026-03-20 12:29:03 | INFO | Got anonymous API key: 20a0a596-b36d-449d-9cd4-bf72ff9c602c
2026-03-20 12:29:03 | INFO | You can register for an API key at https://three.arcprize.org
2026-03-20 12:29:03 | INFO | Successfully fetched 3 environment(s) from API
2026-03-20 12:29:03 | INFO | Created new scorecard: 66fe00bb-4092-4c40-855b-2180666b5811
2026-03-20 12:29:03 | INFO | Successfully fetched metadata for game ls20
2026-03-20 12:29:03 | INFO | Successfully loaded game class Ls20 from environment_files\ls20\cb3b57cc\ls20.py
  s4: L1=0 L2=0 go=386 step=50000 cells=319 35s
    death_edges=122 total_deaths=386 penalty_steps=950

--- Argmin baseline ---

seed 0:
2026-03-20 12:29:38 | INFO | Got anonymous API key: 04cf5ba7-c978-4aa0-a3c2-bf43dd93a3c2
2026-03-20 12:29:38 | INFO | You can register for an API key at https://three.arcprize.org
2026-03-20 12:29:38 | INFO | Successfully fetched 3 environment(s) from API
2026-03-20 12:29:38 | INFO | Created new scorecard: 98ec0342-3d4a-4a4f-9d6c-c549c785e46d
2026-03-20 12:29:39 | INFO | Successfully fetched metadata for game ls20
2026-03-20 12:29:39 | INFO | Successfully loaded game class Ls20 from environment_files\ls20\cb3b57cc\ls20.py
    s0 L1@9016
  s0: L1=1 L2=0 go=383 step=50000 cells=454 32s

seed 1:
2026-03-20 12:30:11 | INFO | Got anonymous API key: be50ecb5-c544-41a3-be70-2ef789c15687
2026-03-20 12:30:11 | INFO | You can register for an API key at https://three.arcprize.org
2026-03-20 12:30:11 | INFO | Successfully fetched 3 environment(s) from API
2026-03-20 12:30:11 | INFO | Created new scorecard: 16a73297-d869-44a9-9dab-5b1b59207981
2026-03-20 12:30:11 | INFO | Successfully fetched metadata for game ls20
2026-03-20 12:30:11 | INFO | Successfully loaded game class Ls20 from environment_files\ls20\cb3b57cc\ls20.py
    s1 L1@31819
  s1: L1=1 L2=0 go=385 step=50000 cells=352 33s

seed 2:
2026-03-20 12:30:44 | INFO | Got anonymous API key: 5068abbd-b52e-40a0-a49f-a76b1e96ce0d
2026-03-20 12:30:44 | INFO | You can register for an API key at https://three.arcprize.org
2026-03-20 12:30:44 | INFO | Successfully fetched 3 environment(s) from API
2026-03-20 12:30:44 | INFO | Created new scorecard: 2afffc17-5922-419a-971a-0272889c1a54
2026-03-20 12:30:44 | INFO | Successfully fetched metadata for game ls20
2026-03-20 12:30:44 | INFO | Successfully loaded game class Ls20 from environment_files\ls20\cb3b57cc\ls20.py
  s2: L1=0 L2=0 go=386 step=50000 cells=244 34s

seed 3:
2026-03-20 12:31:18 | INFO | Got anonymous API key: ff10e1a9-591e-4838-b81b-cd74717188cf
2026-03-20 12:31:18 | INFO | You can register for an API key at https://three.arcprize.org
2026-03-20 12:31:19 | INFO | Successfully fetched 3 environment(s) from API
2026-03-20 12:31:19 | INFO | Created new scorecard: eea72808-a160-44bf-9fc4-9b0fe8b9195e
2026-03-20 12:31:19 | INFO | Successfully fetched metadata for game ls20
2026-03-20 12:31:19 | INFO | Successfully loaded game class Ls20 from environment_files\ls20\cb3b57cc\ls20.py
    s3 L1@18070
  s3: L1=1 L2=0 go=384 step=50000 cells=174 26s

seed 4:
2026-03-20 12:31:45 | INFO | Got anonymous API key: 93813dbe-664b-4b51-8659-00cfa57557a4
2026-03-20 12:31:45 | INFO | You can register for an API key at https://three.arcprize.org
2026-03-20 12:31:45 | INFO | Successfully fetched 3 environment(s) from API
2026-03-20 12:31:45 | INFO | Created new scorecard: 67dd6235-306f-4e54-b837-8f6ecf8aa91e
2026-03-20 12:31:45 | INFO | Successfully fetched metadata for game ls20
2026-03-20 12:31:45 | INFO | Successfully loaded game class Ls20 from environment_files\ls20\cb3b57cc\ls20.py
  s4: L1=0 L2=0 go=386 step=50000 cells=323 29s

============================================================
Step 581d: Soft penalty death avoidance
  SoftPenalty: 4/5 seeds L1, total L1=4
    s0: L1=1 cells=428
    s1: L1=1 cells=324
    s2: L1=1 cells=252
    s3: L1=1 cells=154
    s4: L1=0 cells=319
  Argmin:      3/5 seeds L1, total L1=3
    s0: L1=1 cells=454
    s1: L1=1 cells=352
    s2: L1=0 cells=244
    s3: L1=1 cells=174
    s4: L1=0 cells=323

SIGNAL: soft-penalty (4) > argmin (3)
