Step 114 -- Online Sparse Coding + k-NN, CIFAR-100
N_TASKS=2, k=5, DEVICE=cuda
Baselines: raw=32.6%, random_128=31.6% (Step 113, 2-task)
Loading CIFAR-100...
/home/jun/csi-train/lib/python3.12/site-packages/torchvision/datasets/cifar.py:83: VisibleDeprecationWarning: dtype(): align should be passed as Python or NumPy boolean but got `align=0`. Did you mean to pass a tuple to create a subarray type? (Deprecated NumPy 2.4)
  entry = pickle.load(f, encoding="latin1")

============================================================
Condition 1: Raw pixel k-NN (d=3072)
============================================================
    T0: cb=5000 aa=44.6%
    T1: cb=10000 aa=32.6%

============================================================
Condition 2: Random proj k-NN (d=128)
============================================================
    T0: cb=5000 aa=43.6%
    T1: cb=10000 aa=31.6%

============================================================
Sparse: n_atoms=128 sparsity=5 lr=0.001
============================================================
    T0: train=0.0s eval=0.0s cb=5000 aa=24.6%
    T1: train=0.0s eval=0.0s cb=10000 aa=14.3%

============================================================
Sparse: n_atoms=128 sparsity=5 lr=0.01
============================================================
    T0: train=0.0s eval=0.0s cb=5000 aa=24.2%
    T1: train=0.0s eval=0.0s cb=10000 aa=13.9%

============================================================
Sparse: n_atoms=128 sparsity=5 lr=0.1
============================================================
    T0: train=0.0s eval=0.0s cb=5000 aa=26.7%
    T1: train=0.0s eval=0.0s cb=10000 aa=15.2%

============================================================
Sparse: n_atoms=128 sparsity=10 lr=0.001
============================================================
    T0: train=0.0s eval=0.0s cb=5000 aa=29.6%
    T1: train=0.0s eval=0.0s cb=10000 aa=19.0%

============================================================
Sparse: n_atoms=128 sparsity=10 lr=0.01
============================================================
    T0: train=0.0s eval=0.0s cb=5000 aa=26.8%
    T1: train=0.0s eval=0.0s cb=10000 aa=15.6%

============================================================
Sparse: n_atoms=128 sparsity=10 lr=0.1
============================================================
    T0: train=0.0s eval=0.0s cb=5000 aa=32.3%
    T1: train=0.0s eval=0.0s cb=10000 aa=12.6%

============================================================
Sparse: n_atoms=128 sparsity=20 lr=0.001
============================================================
    T0: train=0.0s eval=0.0s cb=5000 aa=33.3%
    T1: train=0.0s eval=0.0s cb=10000 aa=20.9%

============================================================
Sparse: n_atoms=128 sparsity=20 lr=0.01
============================================================
    T0: train=0.0s eval=0.0s cb=5000 aa=30.2%
    T1: train=0.0s eval=0.0s cb=10000 aa=17.1%

============================================================
Sparse: n_atoms=128 sparsity=20 lr=0.1
============================================================
    T0: train=0.0s eval=0.0s cb=5000 aa=30.0%
    T1: train=0.0s eval=0.0s cb=10000 aa=12.8%

============================================================
Sparse: n_atoms=256 sparsity=5 lr=0.001
============================================================
    T0: train=0.0s eval=0.0s cb=5000 aa=23.8%
    T1: train=0.0s eval=0.0s cb=10000 aa=14.6%

============================================================
Sparse: n_atoms=256 sparsity=5 lr=0.01
============================================================
    T0: train=0.0s eval=0.0s cb=5000 aa=24.2%
    T1: train=0.0s eval=0.0s cb=10000 aa=15.1%

============================================================
Sparse: n_atoms=256 sparsity=5 lr=0.1
============================================================
    T0: train=0.0s eval=0.0s cb=5000 aa=31.8%
    T1: train=0.0s eval=0.0s cb=10000 aa=14.1%

============================================================
Sparse: n_atoms=256 sparsity=10 lr=0.001
============================================================
    T0: train=0.0s eval=0.0s cb=5000 aa=29.3%
    T1: train=0.0s eval=0.0s cb=10000 aa=18.5%

============================================================
Sparse: n_atoms=256 sparsity=10 lr=0.01
============================================================
    T0: train=0.0s eval=0.0s cb=5000 aa=27.8%
    T1: train=0.0s eval=0.0s cb=10000 aa=15.7%

============================================================
Sparse: n_atoms=256 sparsity=10 lr=0.1
============================================================
    T0: train=0.0s eval=0.0s cb=5000 aa=29.5%
    T1: train=0.0s eval=0.0s cb=10000 aa=13.2%

============================================================
Sparse: n_atoms=256 sparsity=20 lr=0.001
============================================================
    T0: train=0.0s eval=0.0s cb=5000 aa=35.3%
    T1: train=0.0s eval=0.0s cb=10000 aa=23.1%

============================================================
Sparse: n_atoms=256 sparsity=20 lr=0.01
============================================================
    T0: train=0.0s eval=0.0s cb=5000 aa=35.9%
    T1: train=0.0s eval=0.0s cb=10000 aa=19.2%

============================================================
Sparse: n_atoms=256 sparsity=20 lr=0.1
============================================================
    T0: train=0.0s eval=0.0s cb=5000 aa=34.1%
    T1: train=0.0s eval=0.0s cb=10000 aa=14.6%

============================================================
Sparse: n_atoms=512 sparsity=5 lr=0.001
============================================================
    T0: train=0.0s eval=0.0s cb=5000 aa=28.0%
    T1: train=0.0s eval=0.0s cb=10000 aa=15.7%

============================================================
Sparse: n_atoms=512 sparsity=5 lr=0.01
============================================================
    T0: train=0.0s eval=0.0s cb=5000 aa=27.3%
    T1: train=0.0s eval=0.0s cb=10000 aa=13.7%

============================================================
Sparse: n_atoms=512 sparsity=5 lr=0.1
============================================================
    T0: train=0.0s eval=0.0s cb=5000 aa=30.1%
    T1: train=0.0s eval=0.0s cb=10000 aa=16.5%

============================================================
Sparse: n_atoms=512 sparsity=10 lr=0.001
============================================================
    T0: train=0.0s eval=0.0s cb=5000 aa=30.3%
    T1: train=0.0s eval=0.0s cb=10000 aa=18.8%

============================================================
Sparse: n_atoms=512 sparsity=10 lr=0.01
============================================================
    T0: train=0.0s eval=0.0s cb=5000 aa=28.0%
    T1: train=0.0s eval=0.0s cb=10000 aa=16.7%

============================================================
Sparse: n_atoms=512 sparsity=10 lr=0.1
============================================================
    T0: train=0.0s eval=0.0s cb=5000 aa=30.8%
    T1: train=0.0s eval=0.0s cb=10000 aa=15.9%

============================================================
Sparse: n_atoms=512 sparsity=20 lr=0.001
============================================================
    T0: train=0.0s eval=0.0s cb=5000 aa=35.4%
    T1: train=0.0s eval=0.0s cb=10000 aa=23.3%

============================================================
Sparse: n_atoms=512 sparsity=20 lr=0.01
============================================================
    T0: train=0.0s eval=0.0s cb=5000 aa=33.0%
    T1: train=0.0s eval=0.0s cb=10000 aa=18.1%

============================================================
Sparse: n_atoms=512 sparsity=20 lr=0.1
============================================================
    T0: train=0.0s eval=0.0s cb=5000 aa=30.7%
    T1: train=0.0s eval=0.0s cb=10000 aa=14.3%

========================================================================
STEP 114 FINAL -- Online Sparse Coding + k-NN, CIFAR-100
========================================================================
  raw                                 AA=32.6%  fgt=7.1pp
  random_128                          AA=31.6%  fgt=6.8pp
  sparse_a128_s5_lr0.001              AA=14.3%  fgt=13.1pp  vs_rand=-17.3pp  vs_raw=-18.3pp [DISPROVED]
  sparse_a128_s5_lr0.01               AA=13.9%  fgt=18.4pp  vs_rand=-17.7pp  vs_raw=-18.7pp [DISPROVED]
  sparse_a128_s5_lr0.1                AA=15.2%  fgt=21.6pp  vs_rand=-16.4pp  vs_raw=-17.4pp [DISPROVED]
  sparse_a128_s10_lr0.001             AA=19.0%  fgt=9.0pp  vs_rand=-12.5pp  vs_raw=-13.6pp [DISPROVED]
  sparse_a128_s10_lr0.01              AA=15.6%  fgt=16.7pp  vs_rand=-16.0pp  vs_raw=-17.0pp [DISPROVED]
  sparse_a128_s10_lr0.1               AA=12.6%  fgt=29.7pp  vs_rand=-18.9pp  vs_raw=-20.0pp [DISPROVED]
  sparse_a128_s20_lr0.001             AA=20.9%  fgt=10.3pp  vs_rand=-10.6pp  vs_raw=-11.7pp [DISPROVED]
  sparse_a128_s20_lr0.01              AA=17.1%  fgt=15.3pp  vs_rand=-14.5pp  vs_raw=-15.5pp [DISPROVED]
  sparse_a128_s20_lr0.1               AA=12.8%  fgt=26.7pp  vs_rand=-18.8pp  vs_raw=-19.8pp [DISPROVED]
  sparse_a256_s5_lr0.001              AA=14.6%  fgt=10.3pp  vs_rand=-17.0pp  vs_raw=-18.1pp [DISPROVED]
  sparse_a256_s5_lr0.01               AA=15.1%  fgt=15.7pp  vs_rand=-16.4pp  vs_raw=-17.5pp [DISPROVED]
  sparse_a256_s5_lr0.1                AA=14.1%  fgt=25.5pp  vs_rand=-17.5pp  vs_raw=-18.5pp [DISPROVED]
  sparse_a256_s10_lr0.001             AA=18.5%  fgt=10.1pp  vs_rand=-13.1pp  vs_raw=-14.1pp [DISPROVED]
  sparse_a256_s10_lr0.01              AA=15.7%  fgt=16.5pp  vs_rand=-15.9pp  vs_raw=-17.0pp [DISPROVED]
  sparse_a256_s10_lr0.1               AA=13.2%  fgt=25.2pp  vs_rand=-18.4pp  vs_raw=-19.5pp [DISPROVED]
  sparse_a256_s20_lr0.001             AA=23.1%  fgt=7.6pp  vs_rand=-8.4pp  vs_raw=-9.5pp [DISPROVED]
  sparse_a256_s20_lr0.01              AA=19.2%  fgt=20.1pp  vs_rand=-12.4pp  vs_raw=-13.4pp [DISPROVED]
  sparse_a256_s20_lr0.1               AA=14.6%  fgt=30.0pp  vs_rand=-17.0pp  vs_raw=-18.1pp [DISPROVED]
  sparse_a512_s5_lr0.001              AA=15.7%  fgt=12.1pp  vs_rand=-15.8pp  vs_raw=-16.9pp [DISPROVED]
  sparse_a512_s5_lr0.01               AA=13.7%  fgt=20.8pp  vs_rand=-17.8pp  vs_raw=-18.9pp [DISPROVED]
  sparse_a512_s5_lr0.1                AA=16.5%  fgt=21.6pp  vs_rand=-15.1pp  vs_raw=-16.1pp [DISPROVED]
  sparse_a512_s10_lr0.001             AA=18.8%  fgt=8.1pp  vs_rand=-12.8pp  vs_raw=-13.9pp [DISPROVED]
  sparse_a512_s10_lr0.01              AA=16.7%  fgt=14.7pp  vs_rand=-14.9pp  vs_raw=-15.9pp [DISPROVED]
  sparse_a512_s10_lr0.1               AA=15.9%  fgt=23.4pp  vs_rand=-15.7pp  vs_raw=-16.7pp [DISPROVED]
  sparse_a512_s20_lr0.001             AA=23.3%  fgt=9.8pp  vs_rand=-8.3pp  vs_raw=-9.3pp [DISPROVED]
  sparse_a512_s20_lr0.01              AA=18.1%  fgt=19.7pp  vs_rand=-13.5pp  vs_raw=-14.5pp [DISPROVED]
  sparse_a512_s20_lr0.1               AA=14.3%  fgt=26.7pp  vs_rand=-17.3pp  vs_raw=-18.3pp [DISPROVED]

  OVERALL: DISPROVED (kill: sparse > random_128)
  PROVES:  NOT PROVED (best sparse > raw pixels)
  Best: sparse_a512_s20_lr0.001 → 23.3%

Elapsed: 8.4s
