Step 108 -- Ablation, P-MNIST
N_TASKS=10, DEVICE=cuda
Full system baseline: 91.9% AA, 0.0pp fgt

============================================================
Ablation A: No competitive learning (lr=0, spawn only)
============================================================
  T0: train=1.1s eval=0.2s cb=739 aa=89.5%
  T1: train=0.9s eval=0.1s cb=1611 aa=91.0%
  T2: train=0.9s eval=0.1s cb=2528 aa=91.8%
  T3: train=0.9s eval=0.2s cb=3330 aa=91.7%
  T4: train=0.9s eval=0.2s cb=4226 aa=91.9%
  T5: train=0.9s eval=0.2s cb=5049 aa=91.7%
  T6: train=0.9s eval=0.5s cb=5850 aa=91.8%
  T7: train=0.8s eval=0.3s cb=6840 aa=91.8%
  T8: train=0.8s eval=0.4s cb=7736 aa=91.9%
  T9: train=0.8s eval=0.5s cb=8571 aa=91.9%

============================================================
Ablation C: No top-k (1-NN readout)
============================================================
  T0: train=1.7s eval=0.0s cb=728 aa=85.9%
  T1: train=1.8s eval=0.1s cb=1594 aa=86.5%
  T2: train=1.8s eval=0.1s cb=2505 aa=86.9%
  T3: train=1.7s eval=0.1s cb=3303 aa=86.8%
  T4: train=1.7s eval=0.2s cb=4189 aa=86.8%
  T5: train=1.9s eval=0.3s cb=5005 aa=86.5%
  T6: train=1.9s eval=0.3s cb=5800 aa=86.4%
  T7: train=1.8s eval=0.4s cb=6782 aa=86.4%
  T8: train=2.0s eval=0.4s cb=7674 aa=86.4%
  T9: train=1.8s eval=0.5s cb=8502 aa=86.2%

============================================================
Ablation B: No spawning, seed_n=100 (from task 0)
============================================================
  T0: train=1.3s eval=0.0s cb=100 aa=73.0%
  T1: train=1.3s eval=0.1s cb=100 aa=41.6%
  T2: train=1.3s eval=0.1s cb=100 aa=31.1%
  T3: train=1.4s eval=0.2s cb=100 aa=27.0%
  T4: train=1.4s eval=0.2s cb=100 aa=22.7%
  T5: train=1.4s eval=0.2s cb=100 aa=20.9%
  T6: train=1.4s eval=0.3s cb=100 aa=19.9%
  T7: train=1.4s eval=0.3s cb=100 aa=18.3%
  T8: train=1.5s eval=0.4s cb=100 aa=17.4%
  T9: train=1.5s eval=0.4s cb=100 aa=16.8%

============================================================
Ablation B: No spawning, seed_n=500 (from task 0)
============================================================
  T0: train=1.5s eval=0.0s cb=500 aa=87.0%
  T1: train=1.5s eval=0.1s cb=500 aa=48.0%
  T2: train=1.5s eval=0.1s cb=500 aa=35.7%
  T3: train=1.5s eval=0.2s cb=500 aa=29.3%
  T4: train=1.5s eval=0.2s cb=500 aa=25.0%
  T5: train=1.5s eval=0.2s cb=500 aa=23.0%
  T6: train=1.5s eval=0.3s cb=500 aa=21.2%
  T7: train=1.5s eval=0.3s cb=500 aa=19.8%
  T8: train=1.5s eval=0.4s cb=500 aa=18.3%
  T9: train=1.5s eval=0.4s cb=500 aa=17.2%

============================================================
Ablation B: No spawning, seed_n=1000 (from task 0)
============================================================
  T0: train=1.5s eval=0.0s cb=1000 aa=90.2%
  T1: train=1.5s eval=0.1s cb=1000 aa=49.6%
  T2: train=1.5s eval=0.1s cb=1000 aa=36.7%
  T3: train=1.5s eval=0.2s cb=1000 aa=29.8%
  T4: train=1.5s eval=0.2s cb=1000 aa=26.0%
  T5: train=1.5s eval=0.3s cb=1000 aa=23.3%
  T6: train=1.5s eval=0.3s cb=1000 aa=21.4%
  T7: train=1.5s eval=0.4s cb=1000 aa=19.9%
  T8: train=1.5s eval=0.4s cb=1000 aa=18.3%
  T9: train=1.5s eval=0.4s cb=1000 aa=17.4%

========================================================================
STEP 108 FINAL SUMMARY -- Ablation
Full system: AA=91.9%, fgt=0.0pp
========================================================================
  variant                    AA      fgt  vs full
  -------------------------------------------------------
  A_no_lr                 91.9%     0.0pp  -0.0pp
  C_1nn                   86.2%     0.0pp  -5.7pp
  B_seed100               16.8%     0.8pp  -75.1pp
  B_seed500               17.2%     0.4pp  -74.7pp
  B_seed1000              17.4%     0.4pp  -74.5pp

Elapsed: 84.8s
