Step 105 -- LSH Counting, P-MNIST
N_TASKS=10, D_OUT=384, DEVICE=cuda
Baselines: centroid=30.0%, fold=56.7%, 1-NN=86.8%, top-k(5)=91.8%
Kill: AA <= 30%
n_hashes sweep: [256, 1024, 4096, 16384]

============================================================
n_hashes=256
============================================================
  T0: train=0.2s eval=0.0s aa=62.5%
  T1: train=0.1s eval=0.0s aa=53.3%
  T2: train=0.1s eval=0.1s aa=51.6%
  T3: train=0.1s eval=0.1s aa=45.2%
  T4: train=0.1s eval=0.1s aa=45.3%
  T5: train=0.1s eval=0.1s aa=41.3%
  T6: train=0.1s eval=0.1s aa=38.4%
  T7: train=0.1s eval=0.2s aa=36.4%
  T8: train=0.1s eval=0.2s aa=36.8%
  T9: train=0.1s eval=0.2s aa=35.4%

============================================================
n_hashes=1024
============================================================
  T0: train=0.1s eval=0.0s aa=73.5%
  T1: train=0.1s eval=0.0s aa=72.6%
  T2: train=0.1s eval=0.1s aa=68.4%
  T3: train=0.1s eval=0.1s aa=62.9%
  T4: train=0.1s eval=0.1s aa=59.9%
  T5: train=0.1s eval=0.1s aa=53.8%
  T6: train=0.1s eval=0.1s aa=48.8%
  T7: train=0.1s eval=0.2s aa=46.1%
  T8: train=0.1s eval=0.2s aa=44.1%
  T9: train=0.1s eval=0.2s aa=39.2%

============================================================
n_hashes=4096
============================================================
  T0: train=0.1s eval=0.0s aa=74.5%
  T1: train=0.1s eval=0.0s aa=72.6%
  T2: train=0.1s eval=0.1s aa=70.0%
  T3: train=0.1s eval=0.1s aa=63.3%
  T4: train=0.1s eval=0.1s aa=62.0%
  T5: train=0.1s eval=0.1s aa=57.5%
  T6: train=0.1s eval=0.1s aa=50.2%
  T7: train=0.1s eval=0.1s aa=47.4%
  T8: train=0.1s eval=0.2s aa=44.4%
  T9: train=0.1s eval=0.2s aa=41.4%

============================================================
n_hashes=16384
============================================================
  T0: train=0.1s eval=0.1s aa=74.2%
  T1: train=0.1s eval=0.0s aa=72.4%
  T2: train=0.1s eval=0.1s aa=70.1%
  T3: train=0.1s eval=0.1s aa=63.1%
  T4: train=0.1s eval=0.1s aa=60.1%
  T5: train=0.1s eval=0.1s aa=55.0%
  T6: train=0.1s eval=0.2s aa=46.5%
  T7: train=0.1s eval=0.2s aa=42.7%
  T8: train=0.1s eval=0.2s aa=39.0%
  T9: train=0.1s eval=0.3s aa=35.9%

========================================================================
STEP 105 FINAL SUMMARY -- LSH Counting
Baselines: centroid=30.0%, fold=56.7%, 1-NN=86.8%, top-k(5)=91.8%
========================================================================
  n_hashes           AA      fgt  verdict
  -------------------------------------------------------
  256             35.4%    13.9pp  WEAK (< fold)
  1024            39.2%    17.5pp  WEAK (< fold)
  4096            41.4%    17.5pp  WEAK (< fold)
  16384           35.9%    21.4pp  WEAK (< fold)

Elapsed: 10.6s
