Step 115 -- Query Transform k-NN, CIFAR-100
N_TASKS=2, k=5, DEVICE=cuda
Baseline: raw k-NN ~32.6% (Step 113/114)
Kill: query-transform <= raw k-NN
Loading CIFAR-100...
/home/jun/csi-train/lib/python3.12/site-packages/torchvision/datasets/cifar.py:83: VisibleDeprecationWarning: dtype(): align should be passed as Python or NumPy boolean but got `align=0`. Did you mean to pass a tuple to create a subarray type? (Deprecated NumPy 2.4)
  entry = pickle.load(f, encoding="latin1")

============================================================
Baseline: Raw k-NN
============================================================
    T0: cb=5000 aa=44.6%
    T1: cb=10000 aa=32.6%

============================================================
Query Transform lr=0.001
============================================================
    T0: train=1.9s eval=0.0s cb=5000 aa=45.1%
    T1: train=2.7s eval=0.0s cb=10000 aa=32.4%

============================================================
Query Transform lr=0.01
============================================================
    T0: train=1.8s eval=0.0s cb=5000 aa=43.0%
    T1: train=2.7s eval=0.0s cb=10000 aa=30.5%

============================================================
Query Transform lr=0.1
============================================================
    T0: train=1.8s eval=0.0s cb=5000 aa=13.1%
    T1: train=2.7s eval=0.0s cb=10000 aa=7.0%

========================================================================
STEP 115 FINAL -- Query Transform k-NN, CIFAR-100
========================================================================
  raw                  AA=32.6%  fgt=7.1pp
  qt_lr0.001           AA=32.4%  fgt=7.5pp  delta=-0.2pp [DISPROVED]
  qt_lr0.01            AA=30.5%  fgt=6.1pp  delta=-2.1pp [DISPROVED]
  qt_lr0.1             AA=7.0%  fgt=1.6pp  delta=-25.6pp [DISPROVED]

  OVERALL: DISPROVED (best: qt_lr0.001 → 32.4%)

Elapsed: 20.4s
