======================================================================
STEP 1078 — DefenseV19Substrate
Substrate: B:\M\the-search\experiments\sub1078_defense_v19.py
======================================================================
2026-03-25 17:36:15 | INFO | Successfully fetched 25 environment(s) from API
[PRISM] Selected 3 games from 25 available (seed=33333)
  GAME_2=***  GAME_3=***  GAME_4=***
Budget: 10000 steps/game, 10 seeds, randomized order

2026-03-25 17:36:15 | INFO | Successfully fetched 25 environment(s) from API
2026-03-25 17:36:15 | INFO | Created new scorecard: 7cf52de4-e987-49f5-ba3e-778d079a2643
2026-03-25 17:36:15 | INFO | Successfully fetched metadata for game r11l
2026-03-25 17:36:15 | INFO | Successfully loaded game class R11l from environment_files\r11l\aa269680\r11l.py
2026-03-25 17:36:15 | INFO | Successfully fetched metadata for game r11l
2026-03-25 17:36:15 | INFO | Successfully loaded game class R11l from environment_files\r11l\aa269680\r11l.py
2026-03-25 17:36:16 | INFO | Successfully fetched metadata for game r11l
2026-03-25 17:36:16 | INFO | Successfully loaded game class R11l from environment_files\r11l\aa269680\r11l.py
2026-03-25 17:36:16 | INFO | Successfully fetched metadata for game r11l
2026-03-25 17:36:16 | INFO | Successfully loaded game class R11l from environment_files\r11l\aa269680\r11l.py
2026-03-25 17:36:17 | INFO | Successfully fetched metadata for game r11l
2026-03-25 17:36:17 | INFO | Successfully loaded game class R11l from environment_files\r11l\aa269680\r11l.py
2026-03-25 17:36:17 | INFO | Successfully fetched metadata for game r11l
2026-03-25 17:36:17 | INFO | Successfully loaded game class R11l from environment_files\r11l\aa269680\r11l.py
2026-03-25 17:36:17 | INFO | Successfully fetched metadata for game r11l
2026-03-25 17:36:17 | INFO | Successfully loaded game class R11l from environment_files\r11l\aa269680\r11l.py
2026-03-25 17:36:18 | INFO | Successfully fetched metadata for game r11l
2026-03-25 17:36:18 | INFO | Successfully loaded game class R11l from environment_files\r11l\aa269680\r11l.py
2026-03-25 17:36:18 | INFO | Successfully fetched metadata for game r11l
2026-03-25 17:36:18 | INFO | Successfully loaded game class R11l from environment_files\r11l\aa269680\r11l.py
2026-03-25 17:36:19 | INFO | Successfully fetched metadata for game r11l
2026-03-25 17:36:19 | INFO | Successfully loaded game class R11l from environment_files\r11l\aa269680\r11l.py
2026-03-25 17:36:19 | INFO | Successfully fetched metadata for game r11l
2026-03-25 17:36:19 | INFO | Successfully loaded game class R11l from environment_files\r11l\aa269680\r11l.py
2026-03-25 17:36:19 | INFO | Successfully fetched metadata for game r11l
2026-03-25 17:36:19 | INFO | Successfully loaded game class R11l from environment_files\r11l\aa269680\r11l.py
2026-03-25 17:36:20 | INFO | Successfully fetched metadata for game r11l
2026-03-25 17:36:20 | INFO | Successfully loaded game class R11l from environment_files\r11l\aa269680\r11l.py
2026-03-25 17:36:20 | INFO | Successfully fetched metadata for game r11l
2026-03-25 17:36:20 | INFO | Successfully loaded game class R11l from environment_files\r11l\aa269680\r11l.py
2026-03-25 17:36:21 | INFO | Successfully fetched metadata for game r11l
2026-03-25 17:36:21 | INFO | Successfully loaded game class R11l from environment_files\r11l\aa269680\r11l.py
2026-03-25 17:36:21 | INFO | Successfully fetched metadata for game r11l
2026-03-25 17:36:21 | INFO | Successfully loaded game class R11l from environment_files\r11l\aa269680\r11l.py
2026-03-25 17:36:21 | INFO | Successfully fetched 25 environment(s) from API
2026-03-25 17:36:21 | INFO | Created new scorecard: bfbee392-6eb6-4ffc-a888-8c41c9bf08e7
2026-03-25 17:36:21 | INFO | Successfully fetched metadata for game s5i5
2026-03-25 17:36:21 | INFO | Successfully loaded game class S5i5 from environment_files\s5i5\a48e4b1d\s5i5.py
2026-03-25 17:36:31 | INFO | Successfully fetched 25 environment(s) from API
2026-03-25 17:36:31 | INFO | Created new scorecard: a8a11d9b-45ce-4e8f-a407-7873be2541a5
2026-03-25 17:36:31 | INFO | Successfully fetched metadata for game bp35
2026-03-25 17:36:31 | INFO | Successfully loaded game class Bp35 from environment_files\bp35\0a0ad940\bp35.py
2026-03-25 17:36:32 | ERROR | Error performing step with action ACTION6: 'x'
Traceback (most recent call last):
  File "C:\Users\Admin\AppData\Roaming\Python\Python310\site-packages\arc_agi\local_wrapper.py", line 209, in step
    FrameDataRaw, self._game.perform_action(action_input, raw=True)
  File "C:\Users\Admin\AppData\Roaming\Python\Python310\site-packages\arcengine\base_game.py", line 231, in perform_action
    self.step()
  File "<string>", line 4504, in step
  File "<string>", line 4544, in urzvqcxbsz
KeyError: 'x'
2026-03-25 17:36:33 | ERROR | Error performing step with action ACTION6: 'x'
Traceback (most recent call last):
  File "C:\Users\Admin\AppData\Roaming\Python\Python310\site-packages\arc_agi\local_wrapper.py", line 209, in step
    FrameDataRaw, self._game.perform_action(action_input, raw=True)
  File "C:\Users\Admin\AppData\Roaming\Python\Python310\site-packages\arcengine\base_game.py", line 231, in perform_action
    self.step()
  File "<string>", line 4504, in step
  File "<string>", line 4544, in urzvqcxbsz
KeyError: 'x'
2026-03-25 17:36:37 | ERROR | Error performing step with action ACTION6: 'x'
Traceback (most recent call last):
  File "C:\Users\Admin\AppData\Roaming\Python\Python310\site-packages\arc_agi\local_wrapper.py", line 209, in step
    FrameDataRaw, self._game.perform_action(action_input, raw=True)
  File "C:\Users\Admin\AppData\Roaming\Python\Python310\site-packages\arcengine\base_game.py", line 231, in perform_action
    self.step()
  File "<string>", line 4504, in step
  File "<string>", line 4544, in urzvqcxbsz
KeyError: 'x'
2026-03-25 17:36:37 | ERROR | Error performing step with action ACTION6: 'x'
Traceback (most recent call last):
  File "C:\Users\Admin\AppData\Roaming\Python\Python310\site-packages\arc_agi\local_wrapper.py", line 209, in step
    FrameDataRaw, self._game.perform_action(action_input, raw=True)
  File "C:\Users\Admin\AppData\Roaming\Python\Python310\site-packages\arcengine\base_game.py", line 231, in perform_action
    self.step()
  File "<string>", line 4504, in step
  File "<string>", line 4544, in urzvqcxbsz
KeyError: 'x'
2026-03-25 17:36:44 | INFO | Successfully fetched metadata for game r11l
2026-03-25 17:36:44 | INFO | Successfully loaded game class R11l from environment_files\r11l\aa269680\r11l.py
2026-03-25 17:36:45 | INFO | Successfully fetched metadata for game r11l
2026-03-25 17:36:45 | INFO | Successfully loaded game class R11l from environment_files\r11l\aa269680\r11l.py
2026-03-25 17:36:45 | INFO | Successfully fetched metadata for game r11l
2026-03-25 17:36:45 | INFO | Successfully loaded game class R11l from environment_files\r11l\aa269680\r11l.py
2026-03-25 17:36:46 | INFO | Successfully fetched metadata for game r11l
2026-03-25 17:36:46 | INFO | Successfully loaded game class R11l from environment_files\r11l\aa269680\r11l.py
2026-03-25 17:36:46 | INFO | Successfully fetched metadata for game r11l
2026-03-25 17:36:46 | INFO | Successfully loaded game class R11l from environment_files\r11l\aa269680\r11l.py
2026-03-25 17:36:46 | INFO | Successfully fetched metadata for game r11l
2026-03-25 17:36:46 | INFO | Successfully loaded game class R11l from environment_files\r11l\aa269680\r11l.py
2026-03-25 17:36:47 | INFO | Successfully fetched metadata for game r11l
2026-03-25 17:36:47 | INFO | Successfully loaded game class R11l from environment_files\r11l\aa269680\r11l.py
2026-03-25 17:36:47 | INFO | Successfully fetched metadata for game r11l
2026-03-25 17:36:47 | INFO | Successfully loaded game class R11l from environment_files\r11l\aa269680\r11l.py
2026-03-25 17:36:47 | INFO | Successfully fetched metadata for game r11l
2026-03-25 17:36:47 | INFO | Successfully loaded game class R11l from environment_files\r11l\aa269680\r11l.py
2026-03-25 17:36:47 | INFO | Successfully fetched metadata for game r11l
2026-03-25 17:36:47 | INFO | Successfully loaded game class R11l from environment_files\r11l\aa269680\r11l.py
2026-03-25 17:36:48 | INFO | Successfully fetched metadata for game r11l
2026-03-25 17:36:48 | INFO | Successfully loaded game class R11l from environment_files\r11l\aa269680\r11l.py
2026-03-25 17:36:48 | INFO | Successfully fetched metadata for game r11l
2026-03-25 17:36:48 | INFO | Successfully loaded game class R11l from environment_files\r11l\aa269680\r11l.py
2026-03-25 17:36:48 | INFO | Successfully fetched metadata for game r11l
2026-03-25 17:36:48 | INFO | Successfully loaded game class R11l from environment_files\r11l\aa269680\r11l.py
2026-03-25 17:36:48 | INFO | Successfully fetched metadata for game r11l
2026-03-25 17:36:48 | INFO | Successfully loaded game class R11l from environment_files\r11l\aa269680\r11l.py
2026-03-25 17:36:49 | INFO | Successfully fetched metadata for game r11l
2026-03-25 17:36:49 | INFO | Successfully loaded game class R11l from environment_files\r11l\aa269680\r11l.py
2026-03-25 17:36:49 | INFO | Successfully fetched metadata for game r11l
2026-03-25 17:36:49 | INFO | Successfully loaded game class R11l from environment_files\r11l\aa269680\r11l.py
2026-03-25 17:36:49 | INFO | Successfully fetched metadata for game r11l
2026-03-25 17:36:49 | INFO | Successfully loaded game class R11l from environment_files\r11l\aa269680\r11l.py
2026-03-25 17:36:49 | INFO | Successfully fetched metadata for game r11l
2026-03-25 17:36:49 | INFO | Successfully loaded game class R11l from environment_files\r11l\aa269680\r11l.py
2026-03-25 17:36:50 | INFO | Successfully fetched metadata for game r11l
2026-03-25 17:36:50 | INFO | Successfully loaded game class R11l from environment_files\r11l\aa269680\r11l.py
2026-03-25 17:36:50 | INFO | Successfully fetched metadata for game r11l
2026-03-25 17:36:50 | INFO | Successfully loaded game class R11l from environment_files\r11l\aa269680\r11l.py
2026-03-25 17:36:50 | INFO | Successfully fetched metadata for game r11l
2026-03-25 17:36:50 | INFO | Successfully loaded game class R11l from environment_files\r11l\aa269680\r11l.py
2026-03-25 17:36:50 | INFO | Successfully fetched metadata for game r11l
2026-03-25 17:36:50 | INFO | Successfully loaded game class R11l from environment_files\r11l\aa269680\r11l.py
2026-03-25 17:36:51 | INFO | Successfully fetched metadata for game r11l
2026-03-25 17:36:51 | INFO | Successfully loaded game class R11l from environment_files\r11l\aa269680\r11l.py
2026-03-25 17:36:51 | INFO | Successfully fetched metadata for game r11l
2026-03-25 17:36:51 | INFO | Successfully loaded game class R11l from environment_files\r11l\aa269680\r11l.py
2026-03-25 17:36:51 | INFO | Successfully fetched metadata for game r11l
2026-03-25 17:36:51 | INFO | Successfully loaded game class R11l from environment_files\r11l\aa269680\r11l.py
2026-03-25 17:36:51 | INFO | Successfully fetched metadata for game r11l
2026-03-25 17:36:52 | INFO | Successfully loaded game class R11l from environment_files\r11l\aa269680\r11l.py
2026-03-25 17:37:02 | ERROR | Error performing step with action ACTION6: 'x'
Traceback (most recent call last):
  File "C:\Users\Admin\AppData\Roaming\Python\Python310\site-packages\arc_agi\local_wrapper.py", line 209, in step
    FrameDataRaw, self._game.perform_action(action_input, raw=True)
  File "C:\Users\Admin\AppData\Roaming\Python\Python310\site-packages\arcengine\base_game.py", line 231, in perform_action
    self.step()
  File "<string>", line 4504, in step
  File "<string>", line 4544, in urzvqcxbsz
KeyError: 'x'
2026-03-25 17:37:08 | INFO | Successfully fetched metadata for game r11l
2026-03-25 17:37:09 | INFO | Successfully loaded game class R11l from environment_files\r11l\aa269680\r11l.py
2026-03-25 17:37:09 | INFO | Successfully fetched metadata for game r11l
2026-03-25 17:37:09 | INFO | Successfully loaded game class R11l from environment_files\r11l\aa269680\r11l.py
2026-03-25 17:37:09 | INFO | Successfully fetched metadata for game r11l
2026-03-25 17:37:09 | INFO | Successfully loaded game class R11l from environment_files\r11l\aa269680\r11l.py
2026-03-25 17:37:10 | INFO | Successfully fetched metadata for game r11l
2026-03-25 17:37:10 | INFO | Successfully loaded game class R11l from environment_files\r11l\aa269680\r11l.py
2026-03-25 17:37:10 | INFO | Successfully fetched metadata for game r11l
2026-03-25 17:37:10 | INFO | Successfully loaded game class R11l from environment_files\r11l\aa269680\r11l.py
2026-03-25 17:37:10 | INFO | Successfully fetched metadata for game r11l
2026-03-25 17:37:10 | INFO | Successfully loaded game class R11l from environment_files\r11l\aa269680\r11l.py
2026-03-25 17:37:11 | INFO | Successfully fetched metadata for game r11l
2026-03-25 17:37:11 | INFO | Successfully loaded game class R11l from environment_files\r11l\aa269680\r11l.py
2026-03-25 17:37:11 | INFO | Successfully fetched metadata for game r11l
2026-03-25 17:37:11 | INFO | Successfully loaded game class R11l from environment_files\r11l\aa269680\r11l.py
2026-03-25 17:37:12 | INFO | Successfully fetched metadata for game r11l
2026-03-25 17:37:12 | INFO | Successfully loaded game class R11l from environment_files\r11l\aa269680\r11l.py
2026-03-25 17:37:12 | INFO | Successfully fetched metadata for game r11l
2026-03-25 17:37:12 | INFO | Successfully loaded game class R11l from environment_files\r11l\aa269680\r11l.py
2026-03-25 17:37:12 | INFO | Successfully fetched metadata for game r11l
2026-03-25 17:37:13 | INFO | Successfully loaded game class R11l from environment_files\r11l\aa269680\r11l.py
2026-03-25 17:37:13 | INFO | Successfully fetched metadata for game r11l
2026-03-25 17:37:13 | INFO | Successfully loaded game class R11l from environment_files\r11l\aa269680\r11l.py
2026-03-25 17:37:13 | INFO | Successfully fetched metadata for game r11l
2026-03-25 17:37:13 | INFO | Successfully loaded game class R11l from environment_files\r11l\aa269680\r11l.py
2026-03-25 17:37:14 | INFO | Successfully fetched metadata for game r11l
2026-03-25 17:37:14 | INFO | Successfully loaded game class R11l from environment_files\r11l\aa269680\r11l.py
2026-03-25 17:37:14 | INFO | Successfully fetched metadata for game r11l
2026-03-25 17:37:15 | INFO | Successfully loaded game class R11l from environment_files\r11l\aa269680\r11l.py
2026-03-25 17:37:15 | INFO | Successfully fetched metadata for game r11l
2026-03-25 17:37:15 | INFO | Successfully loaded game class R11l from environment_files\r11l\aa269680\r11l.py
2026-03-25 17:37:15 | INFO | Successfully fetched metadata for game r11l
2026-03-25 17:37:15 | INFO | Successfully loaded game class R11l from environment_files\r11l\aa269680\r11l.py
2026-03-25 17:37:15 | INFO | Successfully fetched metadata for game r11l
2026-03-25 17:37:15 | INFO | Successfully loaded game class R11l from environment_files\r11l\aa269680\r11l.py
2026-03-25 17:37:16 | INFO | Successfully fetched metadata for game r11l
2026-03-25 17:37:16 | INFO | Successfully loaded game class R11l from environment_files\r11l\aa269680\r11l.py
2026-03-25 17:37:16 | INFO | Successfully fetched metadata for game r11l
2026-03-25 17:37:16 | INFO | Successfully loaded game class R11l from environment_files\r11l\aa269680\r11l.py
2026-03-25 17:37:16 | INFO | Successfully fetched metadata for game r11l
2026-03-25 17:37:16 | INFO | Successfully loaded game class R11l from environment_files\r11l\aa269680\r11l.py
2026-03-25 17:37:16 | INFO | Successfully fetched metadata for game r11l
2026-03-25 17:37:16 | INFO | Successfully loaded game class R11l from environment_files\r11l\aa269680\r11l.py
2026-03-25 17:37:17 | INFO | Successfully fetched metadata for game r11l
2026-03-25 17:37:17 | INFO | Successfully loaded game class R11l from environment_files\r11l\aa269680\r11l.py
2026-03-25 17:37:17 | INFO | Successfully fetched metadata for game r11l
2026-03-25 17:37:17 | INFO | Successfully loaded game class R11l from environment_files\r11l\aa269680\r11l.py
2026-03-25 17:37:17 | INFO | Successfully fetched metadata for game r11l
2026-03-25 17:37:17 | INFO | Successfully loaded game class R11l from environment_files\r11l\aa269680\r11l.py
2026-03-25 17:37:18 | INFO | Successfully fetched metadata for game r11l
2026-03-25 17:37:18 | INFO | Successfully loaded game class R11l from environment_files\r11l\aa269680\r11l.py
2026-03-25 17:37:28 | ERROR | Error performing step with action ACTION6: 'x'
Traceback (most recent call last):
  File "C:\Users\Admin\AppData\Roaming\Python\Python310\site-packages\arc_agi\local_wrapper.py", line 209, in step
    FrameDataRaw, self._game.perform_action(action_input, raw=True)
  File "C:\Users\Admin\AppData\Roaming\Python\Python310\site-packages\arcengine\base_game.py", line 231, in perform_action
    self.step()
  File "<string>", line 4504, in step
  File "<string>", line 4544, in urzvqcxbsz
KeyError: 'x'
2026-03-25 17:37:39 | INFO | Successfully fetched metadata for game r11l
2026-03-25 17:37:39 | INFO | Successfully loaded game class R11l from environment_files\r11l\aa269680\r11l.py
2026-03-25 17:37:39 | INFO | Successfully fetched metadata for game r11l
2026-03-25 17:37:39 | INFO | Successfully loaded game class R11l from environment_files\r11l\aa269680\r11l.py
2026-03-25 17:37:39 | INFO | Successfully fetched metadata for game r11l
2026-03-25 17:37:40 | INFO | Successfully loaded game class R11l from environment_files\r11l\aa269680\r11l.py
2026-03-25 17:37:40 | INFO | Successfully fetched metadata for game r11l
2026-03-25 17:37:40 | INFO | Successfully loaded game class R11l from environment_files\r11l\aa269680\r11l.py
2026-03-25 17:37:40 | INFO | Successfully fetched metadata for game r11l
2026-03-25 17:37:40 | INFO | Successfully loaded game class R11l from environment_files\r11l\aa269680\r11l.py
2026-03-25 17:37:40 | INFO | Successfully fetched metadata for game r11l
2026-03-25 17:37:40 | INFO | Successfully loaded game class R11l from environment_files\r11l\aa269680\r11l.py
2026-03-25 17:37:41 | INFO | Successfully fetched metadata for game r11l
2026-03-25 17:37:41 | INFO | Successfully loaded game class R11l from environment_files\r11l\aa269680\r11l.py
2026-03-25 17:37:41 | INFO | Successfully fetched metadata for game r11l
2026-03-25 17:37:41 | INFO | Successfully loaded game class R11l from environment_files\r11l\aa269680\r11l.py
2026-03-25 17:37:41 | INFO | Successfully fetched metadata for game r11l
2026-03-25 17:37:41 | INFO | Successfully loaded game class R11l from environment_files\r11l\aa269680\r11l.py
2026-03-25 17:37:41 | INFO | Successfully fetched metadata for game r11l
2026-03-25 17:37:41 | INFO | Successfully loaded game class R11l from environment_files\r11l\aa269680\r11l.py
2026-03-25 17:37:42 | INFO | Successfully fetched metadata for game r11l
2026-03-25 17:37:42 | INFO | Successfully loaded game class R11l from environment_files\r11l\aa269680\r11l.py
2026-03-25 17:37:42 | INFO | Successfully fetched metadata for game r11l
2026-03-25 17:37:42 | INFO | Successfully loaded game class R11l from environment_files\r11l\aa269680\r11l.py
2026-03-25 17:37:42 | INFO | Successfully fetched metadata for game r11l
2026-03-25 17:37:42 | INFO | Successfully loaded game class R11l from environment_files\r11l\aa269680\r11l.py
2026-03-25 17:37:43 | INFO | Successfully fetched metadata for game r11l
2026-03-25 17:37:43 | INFO | Successfully loaded game class R11l from environment_files\r11l\aa269680\r11l.py
2026-03-25 17:37:43 | INFO | Successfully fetched metadata for game r11l
2026-03-25 17:37:43 | INFO | Successfully loaded game class R11l from environment_files\r11l\aa269680\r11l.py
2026-03-25 17:37:43 | INFO | Successfully fetched metadata for game r11l
2026-03-25 17:37:43 | INFO | Successfully loaded game class R11l from environment_files\r11l\aa269680\r11l.py
2026-03-25 17:37:44 | INFO | Successfully fetched metadata for game r11l
2026-03-25 17:37:44 | INFO | Successfully loaded game class R11l from environment_files\r11l\aa269680\r11l.py
2026-03-25 17:37:44 | INFO | Successfully fetched metadata for game r11l
2026-03-25 17:37:44 | INFO | Successfully loaded game class R11l from environment_files\r11l\aa269680\r11l.py
2026-03-25 17:37:44 | INFO | Successfully fetched metadata for game r11l
2026-03-25 17:37:44 | INFO | Successfully loaded game class R11l from environment_files\r11l\aa269680\r11l.py
2026-03-25 17:37:45 | INFO | Successfully fetched metadata for game r11l
2026-03-25 17:37:45 | INFO | Successfully loaded game class R11l from environment_files\r11l\aa269680\r11l.py
2026-03-25 17:37:45 | INFO | Successfully fetched metadata for game r11l
2026-03-25 17:37:45 | INFO | Successfully loaded game class R11l from environment_files\r11l\aa269680\r11l.py
2026-03-25 17:37:45 | INFO | Successfully fetched metadata for game r11l
2026-03-25 17:37:45 | INFO | Successfully loaded game class R11l from environment_files\r11l\aa269680\r11l.py
2026-03-25 17:37:46 | INFO | Successfully fetched metadata for game r11l
2026-03-25 17:37:46 | INFO | Successfully loaded game class R11l from environment_files\r11l\aa269680\r11l.py
2026-03-25 17:37:46 | INFO | Successfully fetched metadata for game r11l
2026-03-25 17:37:46 | INFO | Successfully loaded game class R11l from environment_files\r11l\aa269680\r11l.py
2026-03-25 17:37:46 | INFO | Successfully fetched metadata for game r11l
2026-03-25 17:37:46 | INFO | Successfully loaded game class R11l from environment_files\r11l\aa269680\r11l.py
2026-03-25 17:37:47 | INFO | Successfully fetched metadata for game r11l
2026-03-25 17:37:47 | INFO | Successfully loaded game class R11l from environment_files\r11l\aa269680\r11l.py
2026-03-25 17:37:48 | ERROR | Error performing step with action ACTION6: 'x'
Traceback (most recent call last):
  File "C:\Users\Admin\AppData\Roaming\Python\Python310\site-packages\arc_agi\local_wrapper.py", line 209, in step
    FrameDataRaw, self._game.perform_action(action_input, raw=True)
  File "C:\Users\Admin\AppData\Roaming\Python\Python310\site-packages\arcengine\base_game.py", line 231, in perform_action
    self.step()
  File "<string>", line 4504, in step
  File "<string>", line 4544, in urzvqcxbsz
KeyError: 'x'
2026-03-25 17:37:58 | ERROR | Error performing step with action ACTION6: 'x'
Traceback (most recent call last):
  File "C:\Users\Admin\AppData\Roaming\Python\Python310\site-packages\arc_agi\local_wrapper.py", line 209, in step
    FrameDataRaw, self._game.perform_action(action_input, raw=True)
  File "C:\Users\Admin\AppData\Roaming\Python\Python310\site-packages\arcengine\base_game.py", line 231, in perform_action
    self.step()
  File "<string>", line 4504, in step
  File "<string>", line 4544, in urzvqcxbsz
KeyError: 'x'
2026-03-25 17:38:03 | ERROR | Error performing step with action ACTION6: 'x'
Traceback (most recent call last):
  File "C:\Users\Admin\AppData\Roaming\Python\Python310\site-packages\arc_agi\local_wrapper.py", line 209, in step
    FrameDataRaw, self._game.perform_action(action_input, raw=True)
  File "C:\Users\Admin\AppData\Roaming\Python\Python310\site-packages\arcengine\base_game.py", line 231, in perform_action
    self.step()
  File "<string>", line 4504, in step
  File "<string>", line 4544, in urzvqcxbsz
KeyError: 'x'
2026-03-25 17:38:07 | ERROR | Error performing step with action ACTION6: 'x'
Traceback (most recent call last):
  File "C:\Users\Admin\AppData\Roaming\Python\Python310\site-packages\arc_agi\local_wrapper.py", line 209, in step
    FrameDataRaw, self._game.perform_action(action_input, raw=True)
  File "C:\Users\Admin\AppData\Roaming\Python\Python310\site-packages\arcengine\base_game.py", line 231, in perform_action
    self.step()
  File "<string>", line 4504, in step
  File "<string>", line 4544, in urzvqcxbsz
KeyError: 'x'
2026-03-25 17:38:10 | ERROR | Error performing step with action ACTION6: 'x'
Traceback (most recent call last):
  File "C:\Users\Admin\AppData\Roaming\Python\Python310\site-packages\arc_agi\local_wrapper.py", line 209, in step
    FrameDataRaw, self._game.perform_action(action_input, raw=True)
  File "C:\Users\Admin\AppData\Roaming\Python\Python310\site-packages\arcengine\base_game.py", line 231, in perform_action
    self.step()
  File "<string>", line 4504, in step
  File "<string>", line 4544, in urzvqcxbsz
KeyError: 'x'
2026-03-25 17:38:10 | ERROR | Error performing step with action ACTION6: 'x'
Traceback (most recent call last):
  File "C:\Users\Admin\AppData\Roaming\Python\Python310\site-packages\arc_agi\local_wrapper.py", line 209, in step
    FrameDataRaw, self._game.perform_action(action_input, raw=True)
  File "C:\Users\Admin\AppData\Roaming\Python\Python310\site-packages\arcengine\base_game.py", line 231, in perform_action
    self.step()
  File "<string>", line 4504, in step
  File "<string>", line 4544, in urzvqcxbsz
KeyError: 'x'
2026-03-25 17:38:16 | INFO | Successfully fetched metadata for game r11l
2026-03-25 17:38:16 | INFO | Successfully loaded game class R11l from environment_files\r11l\aa269680\r11l.py
2026-03-25 17:38:16 | INFO | Successfully fetched metadata for game r11l
2026-03-25 17:38:16 | INFO | Successfully loaded game class R11l from environment_files\r11l\aa269680\r11l.py
2026-03-25 17:38:16 | INFO | Successfully fetched metadata for game r11l
2026-03-25 17:38:16 | INFO | Successfully loaded game class R11l from environment_files\r11l\aa269680\r11l.py
2026-03-25 17:38:16 | INFO | Successfully fetched metadata for game r11l
2026-03-25 17:38:17 | INFO | Successfully loaded game class R11l from environment_files\r11l\aa269680\r11l.py
2026-03-25 17:38:17 | INFO | Successfully fetched metadata for game r11l
2026-03-25 17:38:17 | INFO | Successfully loaded game class R11l from environment_files\r11l\aa269680\r11l.py
2026-03-25 17:38:17 | INFO | Successfully fetched metadata for game r11l
2026-03-25 17:38:17 | INFO | Successfully loaded game class R11l from environment_files\r11l\aa269680\r11l.py
2026-03-25 17:38:17 | INFO | Successfully fetched metadata for game r11l
2026-03-25 17:38:17 | INFO | Successfully loaded game class R11l from environment_files\r11l\aa269680\r11l.py
2026-03-25 17:38:18 | INFO | Successfully fetched metadata for game r11l
2026-03-25 17:38:18 | INFO | Successfully loaded game class R11l from environment_files\r11l\aa269680\r11l.py
2026-03-25 17:38:18 | INFO | Successfully fetched metadata for game r11l
2026-03-25 17:38:18 | INFO | Successfully loaded game class R11l from environment_files\r11l\aa269680\r11l.py
2026-03-25 17:38:18 | INFO | Successfully fetched metadata for game r11l
2026-03-25 17:38:18 | INFO | Successfully loaded game class R11l from environment_files\r11l\aa269680\r11l.py
2026-03-25 17:38:18 | INFO | Successfully fetched metadata for game r11l
2026-03-25 17:38:18 | INFO | Successfully loaded game class R11l from environment_files\r11l\aa269680\r11l.py
2026-03-25 17:38:19 | INFO | Successfully fetched metadata for game r11l
2026-03-25 17:38:19 | INFO | Successfully loaded game class R11l from environment_files\r11l\aa269680\r11l.py
2026-03-25 17:38:19 | INFO | Successfully fetched metadata for game r11l
2026-03-25 17:38:19 | INFO | Successfully loaded game class R11l from environment_files\r11l\aa269680\r11l.py
2026-03-25 17:38:20 | INFO | Successfully fetched metadata for game r11l
2026-03-25 17:38:20 | INFO | Successfully loaded game class R11l from environment_files\r11l\aa269680\r11l.py
2026-03-25 17:38:20 | INFO | Successfully fetched metadata for game r11l
2026-03-25 17:38:20 | INFO | Successfully loaded game class R11l from environment_files\r11l\aa269680\r11l.py
2026-03-25 17:38:20 | INFO | Successfully fetched metadata for game r11l
2026-03-25 17:38:20 | INFO | Successfully loaded game class R11l from environment_files\r11l\aa269680\r11l.py
2026-03-25 17:38:21 | INFO | Successfully fetched metadata for game r11l
2026-03-25 17:38:21 | INFO | Successfully loaded game class R11l from environment_files\r11l\aa269680\r11l.py
2026-03-25 17:38:21 | INFO | Successfully fetched metadata for game r11l
2026-03-25 17:38:21 | INFO | Successfully loaded game class R11l from environment_files\r11l\aa269680\r11l.py
2026-03-25 17:38:21 | INFO | Successfully fetched metadata for game r11l
2026-03-25 17:38:21 | INFO | Successfully loaded game class R11l from environment_files\r11l\aa269680\r11l.py
2026-03-25 17:38:21 | INFO | Successfully fetched metadata for game r11l
2026-03-25 17:38:21 | INFO | Successfully loaded game class R11l from environment_files\r11l\aa269680\r11l.py
2026-03-25 17:38:21 | INFO | Successfully fetched metadata for game r11l
2026-03-25 17:38:22 | INFO | Successfully loaded game class R11l from environment_files\r11l\aa269680\r11l.py
2026-03-25 17:38:22 | INFO | Successfully fetched metadata for game r11l
2026-03-25 17:38:22 | INFO | Successfully loaded game class R11l from environment_files\r11l\aa269680\r11l.py
2026-03-25 17:38:22 | INFO | Successfully fetched metadata for game r11l
2026-03-25 17:38:22 | INFO | Successfully loaded game class R11l from environment_files\r11l\aa269680\r11l.py
2026-03-25 17:38:22 | INFO | Successfully fetched metadata for game r11l
2026-03-25 17:38:23 | INFO | Successfully loaded game class R11l from environment_files\r11l\aa269680\r11l.py
2026-03-25 17:38:24 | INFO | Successfully fetched metadata for game r11l
2026-03-25 17:38:24 | INFO | Successfully loaded game class R11l from environment_files\r11l\aa269680\r11l.py
2026-03-25 17:38:24 | INFO | Successfully fetched metadata for game r11l
2026-03-25 17:38:24 | INFO | Successfully loaded game class R11l from environment_files\r11l\aa269680\r11l.py
2026-03-25 17:38:25 | INFO | Successfully fetched metadata for game r11l
2026-03-25 17:38:25 | INFO | Successfully loaded game class R11l from environment_files\r11l\aa269680\r11l.py
2026-03-25 17:38:25 | INFO | Successfully fetched metadata for game r11l
2026-03-25 17:38:25 | INFO | Successfully loaded game class R11l from environment_files\r11l\aa269680\r11l.py
2026-03-25 17:38:25 | INFO | Successfully fetched metadata for game r11l
2026-03-25 17:38:25 | INFO | Successfully loaded game class R11l from environment_files\r11l\aa269680\r11l.py
2026-03-25 17:38:25 | INFO | Successfully fetched metadata for game r11l
2026-03-25 17:38:25 | INFO | Successfully loaded game class R11l from environment_files\r11l\aa269680\r11l.py
2026-03-25 17:38:26 | INFO | Successfully fetched metadata for game r11l
2026-03-25 17:38:26 | INFO | Successfully loaded game class R11l from environment_files\r11l\aa269680\r11l.py
2026-03-25 17:38:26 | INFO | Successfully fetched metadata for game r11l
2026-03-25 17:38:26 | INFO | Successfully loaded game class R11l from environment_files\r11l\aa269680\r11l.py
2026-03-25 17:38:26 | INFO | Successfully fetched metadata for game r11l
2026-03-25 17:38:26 | INFO | Successfully loaded game class R11l from environment_files\r11l\aa269680\r11l.py
2026-03-25 17:38:27 | INFO | Successfully fetched metadata for game r11l
2026-03-25 17:38:27 | INFO | Successfully loaded game class R11l from environment_files\r11l\aa269680\r11l.py
2026-03-25 17:38:27 | INFO | Successfully fetched metadata for game r11l
2026-03-25 17:38:27 | INFO | Successfully loaded game class R11l from environment_files\r11l\aa269680\r11l.py
2026-03-25 17:38:27 | INFO | Successfully fetched metadata for game r11l
2026-03-25 17:38:27 | INFO | Successfully loaded game class R11l from environment_files\r11l\aa269680\r11l.py
2026-03-25 17:38:27 | INFO | Successfully fetched metadata for game r11l
2026-03-25 17:38:27 | INFO | Successfully loaded game class R11l from environment_files\r11l\aa269680\r11l.py
2026-03-25 17:38:28 | INFO | Successfully fetched metadata for game r11l
2026-03-25 17:38:28 | INFO | Successfully loaded game class R11l from environment_files\r11l\aa269680\r11l.py
2026-03-25 17:38:28 | INFO | Successfully fetched metadata for game r11l
2026-03-25 17:38:28 | INFO | Successfully loaded game class R11l from environment_files\r11l\aa269680\r11l.py
2026-03-25 17:38:28 | INFO | Successfully fetched metadata for game r11l
2026-03-25 17:38:28 | INFO | Successfully loaded game class R11l from environment_files\r11l\aa269680\r11l.py
2026-03-25 17:38:29 | INFO | Successfully fetched metadata for game r11l
2026-03-25 17:38:29 | INFO | Successfully loaded game class R11l from environment_files\r11l\aa269680\r11l.py
2026-03-25 17:38:29 | INFO | Successfully fetched metadata for game r11l
2026-03-25 17:38:29 | INFO | Successfully loaded game class R11l from environment_files\r11l\aa269680\r11l.py
2026-03-25 17:38:29 | INFO | Successfully fetched metadata for game r11l
2026-03-25 17:38:29 | INFO | Successfully loaded game class R11l from environment_files\r11l\aa269680\r11l.py
2026-03-25 17:38:29 | INFO | Successfully fetched metadata for game r11l
2026-03-25 17:38:29 | INFO | Successfully loaded game class R11l from environment_files\r11l\aa269680\r11l.py
2026-03-25 17:38:30 | INFO | Successfully fetched metadata for game r11l
2026-03-25 17:38:30 | INFO | Successfully loaded game class R11l from environment_files\r11l\aa269680\r11l.py
2026-03-25 17:38:30 | INFO | Successfully fetched metadata for game r11l
2026-03-25 17:38:30 | INFO | Successfully loaded game class R11l from environment_files\r11l\aa269680\r11l.py
2026-03-25 17:38:30 | INFO | Successfully fetched metadata for game r11l
2026-03-25 17:38:31 | INFO | Successfully loaded game class R11l from environment_files\r11l\aa269680\r11l.py
2026-03-25 17:38:31 | INFO | Successfully fetched metadata for game r11l
2026-03-25 17:38:31 | INFO | Successfully loaded game class R11l from environment_files\r11l\aa269680\r11l.py
2026-03-25 17:38:31 | INFO | Successfully fetched metadata for game r11l
2026-03-25 17:38:31 | INFO | Successfully loaded game class R11l from environment_files\r11l\aa269680\r11l.py
2026-03-25 17:38:31 | INFO | Successfully fetched metadata for game r11l
2026-03-25 17:38:31 | INFO | Successfully loaded game class R11l from environment_files\r11l\aa269680\r11l.py
2026-03-25 17:38:44 | ERROR | Error performing step with action ACTION6: 'x'
Traceback (most recent call last):
  File "C:\Users\Admin\AppData\Roaming\Python\Python310\site-packages\arc_agi\local_wrapper.py", line 209, in step
    FrameDataRaw, self._game.perform_action(action_input, raw=True)
  File "C:\Users\Admin\AppData\Roaming\Python\Python310\site-packages\arcengine\base_game.py", line 231, in perform_action
    self.step()
  File "<string>", line 4504, in step
  File "<string>", line 4544, in urzvqcxbsz
KeyError: 'x'
2026-03-25 17:39:11 | ERROR | Error performing step with action ACTION6: 'x'
Traceback (most recent call last):
  File "C:\Users\Admin\AppData\Roaming\Python\Python310\site-packages\arc_agi\local_wrapper.py", line 209, in step
    FrameDataRaw, self._game.perform_action(action_input, raw=True)
  File "C:\Users\Admin\AppData\Roaming\Python\Python310\site-packages\arcengine\base_game.py", line 231, in perform_action
    self.step()
  File "<string>", line 4504, in step
  File "<string>", line 4544, in urzvqcxbsz
KeyError: 'x'
2026-03-25 17:39:17 | INFO | Successfully fetched metadata for game r11l
2026-03-25 17:39:17 | INFO | Successfully loaded game class R11l from environment_files\r11l\aa269680\r11l.py
2026-03-25 17:39:17 | INFO | Successfully fetched metadata for game r11l
2026-03-25 17:39:17 | INFO | Successfully loaded game class R11l from environment_files\r11l\aa269680\r11l.py
2026-03-25 17:39:18 | INFO | Successfully fetched metadata for game r11l
2026-03-25 17:39:18 | INFO | Successfully loaded game class R11l from environment_files\r11l\aa269680\r11l.py
2026-03-25 17:39:18 | INFO | Successfully fetched metadata for game r11l
2026-03-25 17:39:18 | INFO | Successfully loaded game class R11l from environment_files\r11l\aa269680\r11l.py
2026-03-25 17:39:18 | INFO | Successfully fetched metadata for game r11l
2026-03-25 17:39:18 | INFO | Successfully loaded game class R11l from environment_files\r11l\aa269680\r11l.py
2026-03-25 17:39:18 | INFO | Successfully fetched metadata for game r11l
2026-03-25 17:39:19 | INFO | Successfully loaded game class R11l from environment_files\r11l\aa269680\r11l.py
2026-03-25 17:39:19 | INFO | Successfully fetched metadata for game r11l
2026-03-25 17:39:19 | INFO | Successfully loaded game class R11l from environment_files\r11l\aa269680\r11l.py
2026-03-25 17:39:19 | INFO | Successfully fetched metadata for game r11l
2026-03-25 17:39:19 | INFO | Successfully loaded game class R11l from environment_files\r11l\aa269680\r11l.py
2026-03-25 17:39:20 | INFO | Successfully fetched metadata for game r11l
2026-03-25 17:39:20 | INFO | Successfully loaded game class R11l from environment_files\r11l\aa269680\r11l.py
2026-03-25 17:39:20 | INFO | Successfully fetched metadata for game r11l
2026-03-25 17:39:20 | INFO | Successfully loaded game class R11l from environment_files\r11l\aa269680\r11l.py
2026-03-25 17:39:21 | INFO | Successfully fetched metadata for game r11l
2026-03-25 17:39:21 | INFO | Successfully loaded game class R11l from environment_files\r11l\aa269680\r11l.py
2026-03-25 17:39:22 | INFO | Successfully fetched metadata for game r11l
2026-03-25 17:39:22 | INFO | Successfully loaded game class R11l from environment_files\r11l\aa269680\r11l.py
2026-03-25 17:39:22 | INFO | Successfully fetched metadata for game r11l
2026-03-25 17:39:22 | INFO | Successfully loaded game class R11l from environment_files\r11l\aa269680\r11l.py
2026-03-25 17:39:22 | INFO | Successfully fetched metadata for game r11l
2026-03-25 17:39:22 | INFO | Successfully loaded game class R11l from environment_files\r11l\aa269680\r11l.py
2026-03-25 17:39:23 | INFO | Successfully fetched metadata for game r11l
2026-03-25 17:39:23 | INFO | Successfully loaded game class R11l from environment_files\r11l\aa269680\r11l.py
2026-03-25 17:39:23 | INFO | Successfully fetched metadata for game r11l
2026-03-25 17:39:23 | INFO | Successfully loaded game class R11l from environment_files\r11l\aa269680\r11l.py
2026-03-25 17:39:23 | INFO | Successfully fetched metadata for game r11l
2026-03-25 17:39:23 | INFO | Successfully loaded game class R11l from environment_files\r11l\aa269680\r11l.py
2026-03-25 17:39:23 | INFO | Successfully fetched metadata for game r11l
2026-03-25 17:39:23 | INFO | Successfully loaded game class R11l from environment_files\r11l\aa269680\r11l.py
2026-03-25 17:39:23 | INFO | Successfully fetched metadata for game r11l
2026-03-25 17:39:23 | INFO | Successfully loaded game class R11l from environment_files\r11l\aa269680\r11l.py
2026-03-25 17:39:24 | INFO | Successfully fetched metadata for game r11l
2026-03-25 17:39:24 | INFO | Successfully loaded game class R11l from environment_files\r11l\aa269680\r11l.py
2026-03-25 17:39:24 | INFO | Successfully fetched metadata for game r11l
2026-03-25 17:39:24 | INFO | Successfully loaded game class R11l from environment_files\r11l\aa269680\r11l.py
2026-03-25 17:39:24 | INFO | Successfully fetched metadata for game r11l
2026-03-25 17:39:24 | INFO | Successfully loaded game class R11l from environment_files\r11l\aa269680\r11l.py
2026-03-25 17:39:25 | INFO | Successfully fetched metadata for game r11l
2026-03-25 17:39:25 | INFO | Successfully loaded game class R11l from environment_files\r11l\aa269680\r11l.py
2026-03-25 17:39:25 | INFO | Successfully fetched metadata for game r11l
2026-03-25 17:39:25 | INFO | Successfully loaded game class R11l from environment_files\r11l\aa269680\r11l.py
2026-03-25 17:39:25 | INFO | Successfully fetched metadata for game r11l
2026-03-25 17:39:25 | INFO | Successfully loaded game class R11l from environment_files\r11l\aa269680\r11l.py
2026-03-25 17:39:29 | ERROR | Error performing step with action ACTION6: 'x'
Traceback (most recent call last):
  File "C:\Users\Admin\AppData\Roaming\Python\Python310\site-packages\arc_agi\local_wrapper.py", line 209, in step
    FrameDataRaw, self._game.perform_action(action_input, raw=True)
  File "C:\Users\Admin\AppData\Roaming\Python\Python310\site-packages\arcengine\base_game.py", line 231, in perform_action
    self.step()
  File "<string>", line 4504, in step
  File "<string>", line 4544, in urzvqcxbsz
KeyError: 'x'
2026-03-25 17:39:29 | ERROR | Error performing step with action ACTION6: 'x'
Traceback (most recent call last):
  File "C:\Users\Admin\AppData\Roaming\Python\Python310\site-packages\arc_agi\local_wrapper.py", line 209, in step
    FrameDataRaw, self._game.perform_action(action_input, raw=True)
  File "C:\Users\Admin\AppData\Roaming\Python\Python310\site-packages\arcengine\base_game.py", line 231, in perform_action
    self.step()
  File "<string>", line 4504, in step
  File "<string>", line 4544, in urzvqcxbsz
KeyError: 'x'
2026-03-25 17:39:30 | ERROR | Error performing step with action ACTION6: 'x'
Traceback (most recent call last):
  File "C:\Users\Admin\AppData\Roaming\Python\Python310\site-packages\arc_agi\local_wrapper.py", line 209, in step
    FrameDataRaw, self._game.perform_action(action_input, raw=True)
  File "C:\Users\Admin\AppData\Roaming\Python\Python310\site-packages\arcengine\base_game.py", line 231, in perform_action
    self.step()
  File "<string>", line 4504, in step
  File "<string>", line 4544, in urzvqcxbsz
KeyError: 'x'
2026-03-25 17:39:35 | ERROR | Error performing step with action ACTION6: 'x'
Traceback (most recent call last):
  File "C:\Users\Admin\AppData\Roaming\Python\Python310\site-packages\arc_agi\local_wrapper.py", line 209, in step
    FrameDataRaw, self._game.perform_action(action_input, raw=True)
  File "C:\Users\Admin\AppData\Roaming\Python\Python310\site-packages\arcengine\base_game.py", line 231, in perform_action
    self.step()
  File "<string>", line 4504, in step
  File "<string>", line 4544, in urzvqcxbsz
KeyError: 'x'
2026-03-25 17:39:41 | INFO | Successfully fetched metadata for game r11l
2026-03-25 17:39:41 | INFO | Successfully loaded game class R11l from environment_files\r11l\aa269680\r11l.py
2026-03-25 17:39:41 | INFO | Successfully fetched metadata for game r11l
2026-03-25 17:39:41 | INFO | Successfully loaded game class R11l from environment_files\r11l\aa269680\r11l.py
2026-03-25 17:39:42 | INFO | Successfully fetched metadata for game r11l
2026-03-25 17:39:42 | INFO | Successfully loaded game class R11l from environment_files\r11l\aa269680\r11l.py
2026-03-25 17:39:42 | INFO | Successfully fetched metadata for game r11l
2026-03-25 17:39:42 | INFO | Successfully loaded game class R11l from environment_files\r11l\aa269680\r11l.py
2026-03-25 17:39:42 | INFO | Successfully fetched metadata for game r11l
2026-03-25 17:39:42 | INFO | Successfully loaded game class R11l from environment_files\r11l\aa269680\r11l.py
2026-03-25 17:39:43 | INFO | Successfully fetched metadata for game r11l
2026-03-25 17:39:43 | INFO | Successfully loaded game class R11l from environment_files\r11l\aa269680\r11l.py
2026-03-25 17:39:43 | INFO | Successfully fetched metadata for game r11l
2026-03-25 17:39:43 | INFO | Successfully loaded game class R11l from environment_files\r11l\aa269680\r11l.py
2026-03-25 17:39:43 | INFO | Successfully fetched metadata for game r11l
2026-03-25 17:39:43 | INFO | Successfully loaded game class R11l from environment_files\r11l\aa269680\r11l.py
2026-03-25 17:39:44 | INFO | Successfully fetched metadata for game r11l
2026-03-25 17:39:44 | INFO | Successfully loaded game class R11l from environment_files\r11l\aa269680\r11l.py
2026-03-25 17:39:44 | INFO | Successfully fetched metadata for game r11l
2026-03-25 17:39:44 | INFO | Successfully loaded game class R11l from environment_files\r11l\aa269680\r11l.py
2026-03-25 17:39:44 | INFO | Successfully fetched metadata for game r11l
2026-03-25 17:39:44 | INFO | Successfully loaded game class R11l from environment_files\r11l\aa269680\r11l.py
2026-03-25 17:39:45 | INFO | Successfully fetched metadata for game r11l
2026-03-25 17:39:45 | INFO | Successfully loaded game class R11l from environment_files\r11l\aa269680\r11l.py
2026-03-25 17:39:45 | INFO | Successfully fetched metadata for game r11l
2026-03-25 17:39:45 | INFO | Successfully loaded game class R11l from environment_files\r11l\aa269680\r11l.py
2026-03-25 17:39:45 | INFO | Successfully fetched metadata for game r11l
2026-03-25 17:39:45 | INFO | Successfully loaded game class R11l from environment_files\r11l\aa269680\r11l.py
2026-03-25 17:39:46 | INFO | Successfully fetched metadata for game r11l
2026-03-25 17:39:46 | INFO | Successfully loaded game class R11l from environment_files\r11l\aa269680\r11l.py
2026-03-25 17:39:46 | INFO | Successfully fetched metadata for game r11l
2026-03-25 17:39:46 | INFO | Successfully loaded game class R11l from environment_files\r11l\aa269680\r11l.py
2026-03-25 17:39:46 | INFO | Successfully fetched metadata for game r11l
2026-03-25 17:39:46 | INFO | Successfully loaded game class R11l from environment_files\r11l\aa269680\r11l.py
2026-03-25 17:39:46 | INFO | Successfully fetched metadata for game r11l
2026-03-25 17:39:46 | INFO | Successfully loaded game class R11l from environment_files\r11l\aa269680\r11l.py
2026-03-25 17:39:46 | INFO | Successfully fetched metadata for game r11l
2026-03-25 17:39:46 | INFO | Successfully loaded game class R11l from environment_files\r11l\aa269680\r11l.py
2026-03-25 17:39:47 | INFO | Successfully fetched metadata for game r11l
2026-03-25 17:39:47 | INFO | Successfully loaded game class R11l from environment_files\r11l\aa269680\r11l.py
2026-03-25 17:39:47 | INFO | Successfully fetched metadata for game r11l
2026-03-25 17:39:47 | INFO | Successfully loaded game class R11l from environment_files\r11l\aa269680\r11l.py
2026-03-25 17:39:47 | INFO | Successfully fetched metadata for game r11l
2026-03-25 17:39:47 | INFO | Successfully loaded game class R11l from environment_files\r11l\aa269680\r11l.py
2026-03-25 17:39:59 | ERROR | Error performing step with action ACTION6: 'x'
Traceback (most recent call last):
  File "C:\Users\Admin\AppData\Roaming\Python\Python310\site-packages\arc_agi\local_wrapper.py", line 209, in step
    FrameDataRaw, self._game.perform_action(action_input, raw=True)
  File "C:\Users\Admin\AppData\Roaming\Python\Python310\site-packages\arcengine\base_game.py", line 231, in perform_action
    self.step()
  File "<string>", line 4504, in step
  File "<string>", line 4544, in urzvqcxbsz
KeyError: 'x'
2026-03-25 17:40:02 | INFO | Successfully fetched metadata for game r11l
2026-03-25 17:40:02 | INFO | Successfully loaded game class R11l from environment_files\r11l\aa269680\r11l.py
2026-03-25 17:40:02 | INFO | Successfully fetched metadata for game r11l
2026-03-25 17:40:02 | INFO | Successfully loaded game class R11l from environment_files\r11l\aa269680\r11l.py
2026-03-25 17:40:03 | INFO | Successfully fetched metadata for game r11l
2026-03-25 17:40:03 | INFO | Successfully loaded game class R11l from environment_files\r11l\aa269680\r11l.py
2026-03-25 17:40:03 | INFO | Successfully fetched metadata for game r11l
2026-03-25 17:40:03 | INFO | Successfully loaded game class R11l from environment_files\r11l\aa269680\r11l.py
2026-03-25 17:40:03 | INFO | Successfully fetched metadata for game r11l
2026-03-25 17:40:03 | INFO | Successfully loaded game class R11l from environment_files\r11l\aa269680\r11l.py
2026-03-25 17:40:04 | INFO | Successfully fetched metadata for game r11l
2026-03-25 17:40:04 | INFO | Successfully loaded game class R11l from environment_files\r11l\aa269680\r11l.py
2026-03-25 17:40:04 | INFO | Successfully fetched metadata for game r11l
2026-03-25 17:40:04 | INFO | Successfully loaded game class R11l from environment_files\r11l\aa269680\r11l.py
2026-03-25 17:40:04 | INFO | Successfully fetched metadata for game r11l
2026-03-25 17:40:04 | INFO | Successfully loaded game class R11l from environment_files\r11l\aa269680\r11l.py
2026-03-25 17:40:04 | INFO | Successfully fetched metadata for game r11l
2026-03-25 17:40:04 | INFO | Successfully loaded game class R11l from environment_files\r11l\aa269680\r11l.py
2026-03-25 17:40:05 | INFO | Successfully fetched metadata for game r11l
2026-03-25 17:40:05 | INFO | Successfully loaded game class R11l from environment_files\r11l\aa269680\r11l.py
2026-03-25 17:40:06 | INFO | Successfully fetched metadata for game r11l
2026-03-25 17:40:06 | INFO | Successfully loaded game class R11l from environment_files\r11l\aa269680\r11l.py
2026-03-25 17:40:06 | INFO | Successfully fetched metadata for game r11l
2026-03-25 17:40:06 | INFO | Successfully loaded game class R11l from environment_files\r11l\aa269680\r11l.py
2026-03-25 17:40:06 | INFO | Successfully fetched metadata for game r11l
2026-03-25 17:40:06 | INFO | Successfully loaded game class R11l from environment_files\r11l\aa269680\r11l.py
2026-03-25 17:40:06 | INFO | Successfully fetched metadata for game r11l
2026-03-25 17:40:06 | INFO | Successfully loaded game class R11l from environment_files\r11l\aa269680\r11l.py
2026-03-25 17:40:06 | INFO | Successfully fetched metadata for game r11l
2026-03-25 17:40:06 | INFO | Successfully loaded game class R11l from environment_files\r11l\aa269680\r11l.py
2026-03-25 17:40:07 | INFO | Successfully fetched metadata for game r11l
2026-03-25 17:40:07 | INFO | Successfully loaded game class R11l from environment_files\r11l\aa269680\r11l.py
2026-03-25 17:40:07 | INFO | Successfully fetched metadata for game r11l
2026-03-25 17:40:07 | INFO | Successfully loaded game class R11l from environment_files\r11l\aa269680\r11l.py
2026-03-25 17:40:07 | INFO | Successfully fetched metadata for game r11l
2026-03-25 17:40:07 | INFO | Successfully loaded game class R11l from environment_files\r11l\aa269680\r11l.py
2026-03-25 17:40:07 | INFO | Successfully fetched metadata for game r11l
2026-03-25 17:40:07 | INFO | Successfully loaded game class R11l from environment_files\r11l\aa269680\r11l.py
2026-03-25 17:40:07 | INFO | Successfully fetched metadata for game r11l
2026-03-25 17:40:07 | INFO | Successfully loaded game class R11l from environment_files\r11l\aa269680\r11l.py
2026-03-25 17:40:08 | INFO | Successfully fetched metadata for game r11l
2026-03-25 17:40:08 | INFO | Successfully loaded game class R11l from environment_files\r11l\aa269680\r11l.py
2026-03-25 17:40:08 | INFO | Successfully fetched metadata for game r11l
2026-03-25 17:40:08 | INFO | Successfully loaded game class R11l from environment_files\r11l\aa269680\r11l.py
2026-03-25 17:40:08 | INFO | Successfully fetched metadata for game r11l
2026-03-25 17:40:08 | INFO | Successfully loaded game class R11l from environment_files\r11l\aa269680\r11l.py
2026-03-25 17:40:08 | INFO | Successfully fetched metadata for game r11l
2026-03-25 17:40:08 | INFO | Successfully loaded game class R11l from environment_files\r11l\aa269680\r11l.py
2026-03-25 17:40:09 | INFO | Successfully fetched metadata for game r11l
2026-03-25 17:40:09 | INFO | Successfully loaded game class R11l from environment_files\r11l\aa269680\r11l.py
2026-03-25 17:40:12 | ERROR | Error performing step with action ACTION6: 'x'
Traceback (most recent call last):
  File "C:\Users\Admin\AppData\Roaming\Python\Python310\site-packages\arc_agi\local_wrapper.py", line 209, in step
    FrameDataRaw, self._game.perform_action(action_input, raw=True)
  File "C:\Users\Admin\AppData\Roaming\Python\Python310\site-packages\arcengine\base_game.py", line 231, in perform_action
    self.step()
  File "<string>", line 4504, in step
  File "<string>", line 4544, in urzvqcxbsz
KeyError: 'x'
2026-03-25 17:40:12 | ERROR | Error performing step with action ACTION6: 'x'
Traceback (most recent call last):
  File "C:\Users\Admin\AppData\Roaming\Python\Python310\site-packages\arc_agi\local_wrapper.py", line 209, in step
    FrameDataRaw, self._game.perform_action(action_input, raw=True)
  File "C:\Users\Admin\AppData\Roaming\Python\Python310\site-packages\arcengine\base_game.py", line 231, in perform_action
    self.step()
  File "<string>", line 4504, in step
  File "<string>", line 4544, in urzvqcxbsz
KeyError: 'x'
2026-03-25 17:40:18 | ERROR | Error performing step with action ACTION6: 'x'
Traceback (most recent call last):
  File "C:\Users\Admin\AppData\Roaming\Python\Python310\site-packages\arc_agi\local_wrapper.py", line 209, in step
    FrameDataRaw, self._game.perform_action(action_input, raw=True)
  File "C:\Users\Admin\AppData\Roaming\Python\Python310\site-packages\arcengine\base_game.py", line 231, in perform_action
    self.step()
  File "<string>", line 4504, in step
  File "<string>", line 4544, in urzvqcxbsz
KeyError: 'x'
2026-03-25 17:40:18 | ERROR | Error performing step with action ACTION6: 'x'
Traceback (most recent call last):
  File "C:\Users\Admin\AppData\Roaming\Python\Python310\site-packages\arc_agi\local_wrapper.py", line 209, in step
    FrameDataRaw, self._game.perform_action(action_input, raw=True)
  File "C:\Users\Admin\AppData\Roaming\Python\Python310\site-packages\arcengine\base_game.py", line 231, in perform_action
    self.step()
  File "<string>", line 4504, in step
  File "<string>", line 4544, in urzvqcxbsz
KeyError: 'x'
2026-03-25 17:40:20 | INFO | Successfully fetched metadata for game r11l
2026-03-25 17:40:20 | INFO | Successfully loaded game class R11l from environment_files\r11l\aa269680\r11l.py
2026-03-25 17:40:20 | INFO | Successfully fetched metadata for game r11l
2026-03-25 17:40:20 | INFO | Successfully loaded game class R11l from environment_files\r11l\aa269680\r11l.py
2026-03-25 17:40:20 | INFO | Successfully fetched metadata for game r11l
2026-03-25 17:40:20 | INFO | Successfully loaded game class R11l from environment_files\r11l\aa269680\r11l.py
2026-03-25 17:40:21 | INFO | Successfully fetched metadata for game r11l
2026-03-25 17:40:21 | INFO | Successfully loaded game class R11l from environment_files\r11l\aa269680\r11l.py
2026-03-25 17:40:21 | INFO | Successfully fetched metadata for game r11l
2026-03-25 17:40:21 | INFO | Successfully loaded game class R11l from environment_files\r11l\aa269680\r11l.py
2026-03-25 17:40:21 | INFO | Successfully fetched metadata for game r11l
2026-03-25 17:40:21 | INFO | Successfully loaded game class R11l from environment_files\r11l\aa269680\r11l.py
2026-03-25 17:40:21 | INFO | Successfully fetched metadata for game r11l
2026-03-25 17:40:21 | INFO | Successfully loaded game class R11l from environment_files\r11l\aa269680\r11l.py
2026-03-25 17:40:22 | INFO | Successfully fetched metadata for game r11l
2026-03-25 17:40:22 | INFO | Successfully loaded game class R11l from environment_files\r11l\aa269680\r11l.py
2026-03-25 17:40:22 | INFO | Successfully fetched metadata for game r11l
2026-03-25 17:40:22 | INFO | Successfully loaded game class R11l from environment_files\r11l\aa269680\r11l.py
2026-03-25 17:40:22 | INFO | Successfully fetched metadata for game r11l
2026-03-25 17:40:22 | INFO | Successfully loaded game class R11l from environment_files\r11l\aa269680\r11l.py
2026-03-25 17:40:22 | INFO | Successfully fetched metadata for game r11l
2026-03-25 17:40:22 | INFO | Successfully loaded game class R11l from environment_files\r11l\aa269680\r11l.py
2026-03-25 17:40:23 | INFO | Successfully fetched metadata for game r11l
2026-03-25 17:40:23 | INFO | Successfully loaded game class R11l from environment_files\r11l\aa269680\r11l.py
2026-03-25 17:40:23 | INFO | Successfully fetched metadata for game r11l
2026-03-25 17:40:23 | INFO | Successfully loaded game class R11l from environment_files\r11l\aa269680\r11l.py
2026-03-25 17:40:23 | INFO | Successfully fetched metadata for game r11l
2026-03-25 17:40:23 | INFO | Successfully loaded game class R11l from environment_files\r11l\aa269680\r11l.py
2026-03-25 17:40:24 | INFO | Successfully fetched metadata for game r11l
2026-03-25 17:40:24 | INFO | Successfully loaded game class R11l from environment_files\r11l\aa269680\r11l.py
2026-03-25 17:40:24 | INFO | Successfully fetched metadata for game r11l
2026-03-25 17:40:24 | INFO | Successfully loaded game class R11l from environment_files\r11l\aa269680\r11l.py
2026-03-25 17:40:24 | INFO | Successfully fetched metadata for game r11l
2026-03-25 17:40:24 | INFO | Successfully loaded game class R11l from environment_files\r11l\aa269680\r11l.py
2026-03-25 17:40:24 | INFO | Successfully fetched metadata for game r11l
2026-03-25 17:40:24 | INFO | Successfully loaded game class R11l from environment_files\r11l\aa269680\r11l.py
2026-03-25 17:40:24 | INFO | Successfully fetched metadata for game r11l
2026-03-25 17:40:25 | INFO | Successfully loaded game class R11l from environment_files\r11l\aa269680\r11l.py
2026-03-25 17:40:25 | INFO | Successfully fetched metadata for game r11l
2026-03-25 17:40:25 | INFO | Successfully loaded game class R11l from environment_files\r11l\aa269680\r11l.py
2026-03-25 17:40:25 | INFO | Successfully fetched metadata for game r11l
2026-03-25 17:40:25 | INFO | Successfully loaded game class R11l from environment_files\r11l\aa269680\r11l.py
2026-03-25 17:40:26 | INFO | Successfully fetched metadata for game r11l
2026-03-25 17:40:26 | INFO | Successfully loaded game class R11l from environment_files\r11l\aa269680\r11l.py
2026-03-25 17:40:26 | INFO | Successfully fetched metadata for game r11l
2026-03-25 17:40:26 | INFO | Successfully loaded game class R11l from environment_files\r11l\aa269680\r11l.py
2026-03-25 17:40:26 | INFO | Successfully fetched metadata for game r11l
2026-03-25 17:40:26 | INFO | Successfully loaded game class R11l from environment_files\r11l\aa269680\r11l.py
2026-03-25 17:40:26 | INFO | Successfully fetched metadata for game r11l
2026-03-25 17:40:26 | INFO | Successfully loaded game class R11l from environment_files\r11l\aa269680\r11l.py
2026-03-25 17:40:27 | INFO | Successfully fetched metadata for game r11l
2026-03-25 17:40:27 | INFO | Successfully loaded game class R11l from environment_files\r11l\aa269680\r11l.py
2026-03-25 17:40:27 | INFO | Successfully fetched metadata for game r11l
2026-03-25 17:40:27 | INFO | Successfully loaded game class R11l from environment_files\r11l\aa269680\r11l.py

======================================================================
STEP 1078 RESULTS:
  GAME_1: L1=100%  SOLVED=0%  max_lvl=0  avg_t=0.1s
  GAME_2: L1=0%  SOLVED=0%  max_lvl=0  avg_t=12.2s
  GAME_3: L1=100%  SOLVED=100%  max_lvl=1  avg_t=7.8s
  GAME_4: L1=0%  SOLVED=0%  max_lvl=0  avg_t=4.8s
  GAME_5: L1=100%  SOLVED=0%  max_lvl=0  avg_t=0.1s
  Chain score: 3/5
  ** DEBATE FAIL: one or more games at 0% L1 (Jun directive 2026-03-25) **
  ** WIN CONDITION NOT MET: 100% ALL LEVELS required on ALL games **
  Chain kill verdict: PASS
    GAME_1: ++0% (100% → 100%)
    GAME_5: ++0% (100% → 100%)
  Results: [blind]
  Elapsed: 257.4s
STEP 1078 DONE
