Step 111 -- Retrieval-Induced Learning, P-MNIST raw pixels
N_TASKS=10, k=5, DEVICE=cuda
Baseline (Step 110 always-spawn raw): k=5→95.4%
Kill: retrieval-induced AA <= 95.4%

============================================================
Run: lr=0.0
============================================================
    T0: train=11.1s eval=0.1s cb=6000 aa=95.4%
    T1: train=12.0s eval=0.1s cb=12000 aa=95.4%
    T2: train=12.4s eval=0.1s cb=18000 aa=95.5%
    T3: train=12.7s eval=0.2s cb=24000 aa=95.5%
    T4: train=12.7s eval=0.2s cb=30000 aa=95.4%
    T5: train=12.9s eval=0.2s cb=36000 aa=95.4%
    T6: train=13.1s eval=0.3s cb=42000 aa=95.4%
    T7: train=13.5s eval=0.4s cb=48000 aa=95.4%
    T8: train=13.8s eval=0.5s cb=54000 aa=95.4%
    T9: train=14.3s eval=0.6s cb=60000 aa=95.4%

============================================================
Run: lr=0.001
============================================================
    T0: train=21.6s eval=0.1s cb=6000 aa=95.4%
    T1: train=24.3s eval=0.1s cb=12000 aa=95.4%
    T2: train=21.4s eval=0.1s cb=18000 aa=95.5%
    T3: train=22.6s eval=0.2s cb=24000 aa=95.5%
    T4: train=23.1s eval=0.2s cb=30000 aa=95.4%
    T5: train=24.0s eval=0.3s cb=36000 aa=95.4%
    T6: train=24.7s eval=0.3s cb=42000 aa=95.4%
    T7: train=24.4s eval=0.3s cb=48000 aa=95.4%
    T8: train=23.9s eval=0.4s cb=54000 aa=95.4%
    T9: train=24.1s eval=0.5s cb=60000 aa=95.4%

============================================================
Run: lr=0.01
============================================================
    T0: train=21.8s eval=0.1s cb=6000 aa=95.5%
    T1: train=24.3s eval=0.1s cb=12000 aa=95.5%
    T2: train=21.7s eval=0.1s cb=18000 aa=95.6%
    T3: train=22.7s eval=0.2s cb=24000 aa=95.5%
    T4: train=23.4s eval=0.2s cb=30000 aa=95.5%
    T5: train=24.2s eval=0.3s cb=36000 aa=95.5%
    T6: train=24.7s eval=0.3s cb=42000 aa=95.5%
    T7: train=24.7s eval=0.3s cb=48000 aa=95.5%
    T8: train=23.9s eval=0.4s cb=54000 aa=95.4%
    T9: train=24.2s eval=0.5s cb=60000 aa=95.4%

============================================================
Run: lr=0.1
============================================================
    T0: train=21.5s eval=0.1s cb=6000 aa=95.7%
    T1: train=24.4s eval=0.2s cb=12000 aa=95.6%
    T2: train=21.8s eval=0.1s cb=18000 aa=95.7%
    T3: train=22.9s eval=0.2s cb=24000 aa=95.7%
    T4: train=23.4s eval=0.2s cb=30000 aa=95.6%
    T5: train=24.2s eval=0.3s cb=36000 aa=95.6%
    T6: train=24.8s eval=0.3s cb=42000 aa=95.6%
    T7: train=24.8s eval=0.4s cb=48000 aa=95.6%
    T8: train=24.0s eval=0.4s cb=54000 aa=95.6%
    T9: train=24.2s eval=0.5s cb=60000 aa=95.6%

========================================================================
STEP 111 FINAL -- Retrieval-Induced Learning
Baseline (Step 110 k-NN): AA=95.4%  fgt=0.0pp
========================================================================
  lr=0.0       AA=95.4%  fgt=0.0pp  delta=-0.0pp  [DISPROVED]
  lr=0.001     AA=95.4%  fgt=0.0pp  delta=-0.0pp  [DISPROVED]
  lr=0.01      AA=95.4%  fgt=0.0pp  delta=+0.0pp  [PASSES]
  lr=0.1       AA=95.6%  fgt=0.0pp  delta=+0.2pp  [PASSES]

  OVERALL: PASSES (best: lr=0.1 → 95.6%)

Elapsed: 846.6s
