Step 106 -- Unified Process (S1), P-MNIST
N_TASKS=10, D_OUT=384, k=5, sp=0.7, DEVICE=cuda
Target: cond1=91.8% (matches Step 99), cond2 within 2pp of cond1
  T0: train=12.3s eval=21.2s cb=739 c1=89.5% c2=87.3% spawned=488
  T1: train=11.8s eval=38.6s cb=1611 c1=91.0% c2=90.0% spawned=1067
  T2: train=11.3s eval=60.7s cb=2528 c1=91.8% c2=90.9% spawned=1691
  T3: train=12.4s eval=80.4s cb=3330 c1=91.7% c2=91.0% spawned=2172
  T4: train=11.9s eval=102.1s cb=4226 c1=91.9% c2=91.4% spawned=2753
  T5: train=12.0s eval=124.8s cb=5049 c1=91.7% c2=90.9% spawned=3308
  T6: train=12.1s eval=154.4s cb=5850 c1=91.8% c2=91.1% spawned=3832
  T7: train=13.3s eval=167.7s cb=6840 c1=91.8% c2=91.1% spawned=4552
  T8: train=12.8s eval=178.6s cb=7736 c1=91.9% c2=91.3% spawned=5163
  T9: train=11.8s eval=204.1s cb=8571 c1=91.9% c2=91.3% spawned=5716

========================================================================
STEP 106 FINAL SUMMARY -- Unified Process (S1)
========================================================================
  S1 compliant: YES (one function, no train/eval branch)
  Cond 1 (frozen):  AA=91.9%  fgt=0.0pp  (target: 91.8%)
  Cond 2 (spawning): AA=91.3%  fgt=0.0pp  delta=-0.5pp

  VERDICT: PASSES -- self-supervised spawning neutral (within 2pp)

Elapsed: 1256.9s
