Step 113 -- Hebbian PCA + k-NN, CIFAR-100 raw pixels
N_TASKS=2, k=5, DEVICE=cuda
Loading CIFAR-100 raw pixels...
/home/jun/csi-train/lib/python3.12/site-packages/torchvision/datasets/cifar.py:83: VisibleDeprecationWarning: dtype(): align should be passed as Python or NumPy boolean but got `align=0`. Did you mean to pass a tuple to create a subarray type? (Deprecated NumPy 2.4)
  entry = pickle.load(f, encoding="latin1")
  Task 0: tr=5000, te=1000
  Task 1: tr=5000, te=1000
Loading ResNet-18 features...

============================================================
Condition 1: Raw pixel k-NN (d=3072)
============================================================
    T0: cb=5000 aa=44.6%
    T1: cb=10000 aa=32.6%

============================================================
Condition 4: ResNet-18 k-NN (d=512, ceiling)
============================================================
    T0: cb=5000 aa=70.9%
    T1: cb=10000 aa=56.7%

============================================================
Condition 2: Random projection k-NN (d_proj=128)
============================================================
Traceback (most recent call last):
  File "/mnt/b/M/avir/research/fluxcore/scripts/run_step113_hebbian_pca.py", line 325, in <module>
    main()
  File "/mnt/b/M/avir/research/fluxcore/scripts/run_step113_hebbian_pca.py", line 284, in main
    aa, fgt = run_random_proj(splits, 128, y_te)
              ^^^^^^^^^^^^^^^^^^^^^^^^^^^^^^^^^^
  File "/mnt/b/M/avir/research/fluxcore/scripts/run_step113_hebbian_pca.py", line 94, in run_random_proj
    R_tr = F.normalize(F.normalize(X_tr, dim=1) @ P.T, dim=1)
                       ~~~~~~~~~~~~~~~~~~~~~~~~~^~~~~
RuntimeError: expected mat1 and mat2 to have the same dtype, but got: float != double
