Step 120 -- S1 multi-pass, P-MNIST + CIFAR-100 ResNet
N_TASKS=10, k=5, DEVICE=cuda

============================================================
Test A1: P-MNIST standard eval
============================================================
    T0: cb=6000 aa=95.4%
    T1: cb=12000 aa=95.4%
    T2: cb=18000 aa=95.5%
    T3: cb=24000 aa=95.5%
    T4: cb=30000 aa=95.4%
    T5: cb=36000 aa=95.4%
    T6: cb=42000 aa=95.4%
    T7: cb=48000 aa=95.4%
    T8: cb=54000 aa=95.4%
    T9: cb=60000 aa=95.4%

============================================================
Test A2: P-MNIST S1 eval
============================================================
    T0: cb=16000 aa=95.4%
    T1: cb=42000 aa=95.4%
    T2: cb=78000 aa=95.6%
    T3: cb=124000 aa=95.5%
    T4: cb=180000 aa=95.5%
    T5: cb=246000 aa=95.5%
    T6: cb=322000 aa=95.5%
    T7: cb=408000 aa=95.5%
    T8: cb=504000 aa=95.4%
    T9: cb=610000 aa=95.4%

============================================================
Test B/C: CIFAR-100 ResNet multi-pass S1 eval (5 passes)
============================================================
  Training done: CB=50000
  Pass 1: AA=37.3%  CB=60000
  Pass 2: AA=37.3%  CB=70000
  Pass 3: AA=37.3%  CB=80000
  Pass 4: AA=37.3%  CB=90000
  Pass 5: AA=37.3%  CB=100000

========================================================================
STEP 120 FINAL
========================================================================

Test A — P-MNIST (reference: 95.4% AA, 0.0pp fgt):
  standard:  AA=95.4%  fgt=0.0pp  CB=60000
  S1 eval:   AA=95.4%  fgt=0.0pp  CB=610000  eval_spawns=550000  delta=+0.07pp

Test B/C — CIFAR-100 ResNet multi-pass (ref: pass1=39.7% from Step 119):
  Pass 1: AA=37.3%  CB=60000
  Pass 2: AA=37.3%  CB=70000  delta_from_prev=+0.00pp
  Pass 3: AA=37.3%  CB=80000  delta_from_prev=+0.00pp
  Pass 4: AA=37.3%  CB=90000  delta_from_prev=+0.00pp
  Pass 5: AA=37.3%  CB=100000  delta_from_prev=+0.00pp

Elapsed: 471.9s
