Step 103 -- Resonance Equation, P-MNIST
N_TASKS=2, D_OUT=384, DEVICE=cuda
sp=0.7, dt=0.1, temp=0.1
Sweep: n_steps=[1, 5, 10, 20] x alpha=[0.0, 0.5, 1.0] x beta=[0.5, 1.0]
Total configs: 24
Kill: resonance <= 1-NN for ALL configs
Bar to beat: top-k 91.8%, 1-NN 86.8%

Loading MNIST...
Pre-embedding test sets...
  Done: 2 tasks x 10000 samples

=================================================================
CONFIG 00: cfg00 n_steps=1 alpha=0.0 beta=0.5
=================================================================
  T0: cb 0->926 train=3.1s eval=0.0s res=88.5% nn=88.7%
  T1: cb 926->1689 train=3.0s eval=0.0s res=87.2% nn=87.2%
  RESULT: res=87.9% fgt=0.0pp | nn=87.9% fgt=0.0pp | delta=-0.1pp | DISPROVED

=================================================================
CONFIG 01: cfg01 n_steps=1 alpha=0.0 beta=1.0
=================================================================
  T0: cb 0->925 train=3.2s eval=0.0s res=88.3% nn=88.6%
  T1: cb 925->1686 train=3.3s eval=0.0s res=86.8% nn=87.1%
  RESULT: res=87.6% fgt=0.0pp | nn=87.8% fgt=0.0pp | delta=-0.2pp | DISPROVED

=================================================================
CONFIG 02: cfg02 n_steps=1 alpha=0.5 beta=0.5
=================================================================
  T0: cb 0->926 train=3.3s eval=0.0s res=88.5% nn=88.7%
  T1: cb 926->1689 train=3.4s eval=0.0s res=87.2% nn=87.2%
  RESULT: res=87.9% fgt=0.0pp | nn=87.9% fgt=0.0pp | delta=-0.1pp | DISPROVED

=================================================================
CONFIG 03: cfg03 n_steps=1 alpha=0.5 beta=1.0
=================================================================
  T0: cb 0->925 train=3.3s eval=0.0s res=88.3% nn=88.6%
  T1: cb 925->1686 train=3.5s eval=0.0s res=86.8% nn=87.1%
  RESULT: res=87.6% fgt=0.0pp | nn=87.8% fgt=0.0pp | delta=-0.2pp | DISPROVED

=================================================================
CONFIG 04: cfg04 n_steps=1 alpha=1.0 beta=0.5
=================================================================
  T0: cb 0->926 train=3.2s eval=0.0s res=88.5% nn=88.7%
  T1: cb 926->1689 train=3.3s eval=0.0s res=87.2% nn=87.2%
  RESULT: res=87.9% fgt=0.0pp | nn=87.9% fgt=0.0pp | delta=-0.1pp | DISPROVED

=================================================================
CONFIG 05: cfg05 n_steps=1 alpha=1.0 beta=1.0
=================================================================
  T0: cb 0->925 train=3.2s eval=0.0s res=88.3% nn=88.6%
  T1: cb 925->1686 train=3.4s eval=0.0s res=86.8% nn=87.1%
  RESULT: res=87.6% fgt=0.0pp | nn=87.8% fgt=0.0pp | delta=-0.2pp | DISPROVED

=================================================================
CONFIG 06: cfg06 n_steps=5 alpha=0.0 beta=0.5
=================================================================
  T0: cb 0->927 train=7.2s eval=0.0s res=87.4% nn=88.5%
  T1: cb 927->1685 train=7.3s eval=0.1s res=85.8% nn=87.0%
  RESULT: res=86.6% fgt=0.0pp | nn=87.7% fgt=0.0pp | delta=-1.1pp | DISPROVED

=================================================================
CONFIG 07: cfg07 n_steps=5 alpha=0.0 beta=1.0
=================================================================
  T0: cb 0->915 train=6.8s eval=0.0s res=84.5% nn=88.0%
  T1: cb 915->1669 train=7.4s eval=0.1s res=81.9% nn=86.2%
  RESULT: res=83.3% fgt=0.0pp | nn=87.1% fgt=0.0pp | delta=-3.8pp | DISPROVED

=================================================================
CONFIG 08: cfg08 n_steps=5 alpha=0.5 beta=0.5
=================================================================
  T0: cb 0->927 train=7.1s eval=0.0s res=87.4% nn=88.5%
  T1: cb 927->1685 train=7.6s eval=0.1s res=85.8% nn=87.0%
  RESULT: res=86.6% fgt=0.0pp | nn=87.7% fgt=0.0pp | delta=-1.1pp | DISPROVED

=================================================================
CONFIG 09: cfg09 n_steps=5 alpha=0.5 beta=1.0
=================================================================
  T0: cb 0->915 train=7.1s eval=0.0s res=84.5% nn=88.0%
  T1: cb 915->1669 train=7.4s eval=0.1s res=81.9% nn=86.2%
  RESULT: res=83.3% fgt=0.0pp | nn=87.1% fgt=0.0pp | delta=-3.8pp | DISPROVED

=================================================================
CONFIG 10: cfg10 n_steps=5 alpha=1.0 beta=0.5
=================================================================
  T0: cb 0->927 train=7.0s eval=0.0s res=87.4% nn=88.5%
  T1: cb 927->1685 train=7.7s eval=0.1s res=85.8% nn=87.0%
  RESULT: res=86.6% fgt=0.0pp | nn=87.7% fgt=0.0pp | delta=-1.1pp | DISPROVED

=================================================================
CONFIG 11: cfg11 n_steps=5 alpha=1.0 beta=1.0
=================================================================
  T0: cb 0->915 train=7.0s eval=0.0s res=84.5% nn=88.0%
  T1: cb 915->1669 train=7.2s eval=0.1s res=81.9% nn=86.2%
  RESULT: res=83.3% fgt=0.0pp | nn=87.1% fgt=0.0pp | delta=-3.8pp | DISPROVED

=================================================================
CONFIG 12: cfg12 n_steps=10 alpha=0.0 beta=0.5
=================================================================
  T0: cb 0->913 train=11.6s eval=0.1s res=84.8% nn=88.0%
  T1: cb 913->1667 train=12.3s eval=0.0s res=82.2% nn=86.2%
  RESULT: res=83.6% fgt=0.0pp | nn=87.1% fgt=0.0pp | delta=-3.6pp | DISPROVED

=================================================================
CONFIG 13: cfg13 n_steps=10 alpha=0.0 beta=1.0
=================================================================
  T0: cb 0->919 train=11.9s eval=0.0s res=74.0% nn=86.8%
  T1: cb 919->1677 train=12.8s eval=0.0s res=68.3% nn=84.5%
  RESULT: res=71.3% fgt=0.0pp | nn=85.7% fgt=0.0pp | delta=-14.4pp | DISPROVED

=================================================================
CONFIG 14: cfg14 n_steps=10 alpha=0.5 beta=0.5
=================================================================
  T0: cb 0->913 train=12.0s eval=0.0s res=84.8% nn=88.0%
  T1: cb 913->1667 train=12.8s eval=0.1s res=82.2% nn=86.2%
  RESULT: res=83.6% fgt=0.0pp | nn=87.1% fgt=0.0pp | delta=-3.6pp | DISPROVED

=================================================================
CONFIG 15: cfg15 n_steps=10 alpha=0.5 beta=1.0
=================================================================
  T0: cb 0->919 train=11.8s eval=0.0s res=74.0% nn=86.8%
  T1: cb 919->1677 train=12.4s eval=0.2s res=68.3% nn=84.5%
  RESULT: res=71.3% fgt=0.0pp | nn=85.7% fgt=0.0pp | delta=-14.4pp | DISPROVED

=================================================================
CONFIG 16: cfg16 n_steps=10 alpha=1.0 beta=0.5
=================================================================
  T0: cb 0->913 train=11.7s eval=0.1s res=84.8% nn=88.0%
  T1: cb 913->1667 train=12.4s eval=0.2s res=82.2% nn=86.2%
  RESULT: res=83.6% fgt=0.0pp | nn=87.1% fgt=0.0pp | delta=-3.6pp | DISPROVED

=================================================================
CONFIG 17: cfg17 n_steps=10 alpha=1.0 beta=1.0
=================================================================
  T0: cb 0->919 train=11.7s eval=0.1s res=74.0% nn=86.8%
  T1: cb 919->1677 train=12.5s eval=0.2s res=68.3% nn=84.5%
  RESULT: res=71.3% fgt=0.0pp | nn=85.7% fgt=0.0pp | delta=-14.4pp | DISPROVED

=================================================================
CONFIG 18: cfg18 n_steps=20 alpha=0.0 beta=0.5
=================================================================
  T0: cb 0->919 train=21.3s eval=0.1s res=74.8% nn=86.9%
  T1: cb 919->1677 train=22.8s eval=0.2s res=69.5% nn=84.6%
  RESULT: res=72.3% fgt=0.0pp | nn=85.8% fgt=0.0pp | delta=-13.4pp | DISPROVED

=================================================================
CONFIG 19: cfg19 n_steps=20 alpha=0.0 beta=1.0
=================================================================
  T0: cb 0->946 train=21.2s eval=0.1s res=53.1% nn=85.8%
  T1: cb 946->1746 train=22.6s eval=0.3s res=45.8% nn=81.4%
  RESULT: res=49.6% fgt=0.0pp | nn=83.6% fgt=0.0pp | delta=-34.0pp | DISPROVED

=================================================================
CONFIG 20: cfg20 n_steps=20 alpha=0.5 beta=0.5
=================================================================
  T0: cb 0->919 train=21.6s eval=0.0s res=74.8% nn=86.9%
  T1: cb 919->1677 train=23.5s eval=0.2s res=69.5% nn=84.6%
  RESULT: res=72.3% fgt=0.0pp | nn=85.8% fgt=0.0pp | delta=-13.4pp | DISPROVED

=================================================================
CONFIG 21: cfg21 n_steps=20 alpha=0.5 beta=1.0
=================================================================
  T0: cb 0->946 train=21.2s eval=0.1s res=53.1% nn=85.8%
  T1: cb 946->1746 train=22.7s eval=0.2s res=45.8% nn=81.4%
  RESULT: res=49.6% fgt=0.0pp | nn=83.6% fgt=0.0pp | delta=-34.0pp | DISPROVED

=================================================================
CONFIG 22: cfg22 n_steps=20 alpha=1.0 beta=0.5
=================================================================
  T0: cb 0->919 train=21.5s eval=0.0s res=74.8% nn=86.9%
  T1: cb 919->1677 train=23.5s eval=0.2s res=69.5% nn=84.6%
  RESULT: res=72.3% fgt=0.0pp | nn=85.8% fgt=0.0pp | delta=-13.4pp | DISPROVED

=================================================================
CONFIG 23: cfg23 n_steps=20 alpha=1.0 beta=1.0
=================================================================
  T0: cb 0->946 train=21.6s eval=0.0s res=53.1% nn=85.8%
  T1: cb 946->1746 train=23.2s eval=0.1s res=45.8% nn=81.4%
  RESULT: res=49.6% fgt=0.0pp | nn=83.6% fgt=0.0pp | delta=-34.0pp | DISPROVED

================================================================================
STEP 103 FINAL SUMMARY -- Resonance Equation
Baselines: top-k(5) 91.8%, 1-NN 86.8%, fgt 0.0pp
================================================================================

 cfg  n_st   alp   bet |  res AA    fgt |   nn AA    fgt |   delta |    verdict
--------------------------------------------------------------------------------
   0     1   0.0   0.5 |   87.9%   0.0pp |   87.9%   0.0pp |   -0.1pp |  DISPROVED
   1     1   0.0   1.0 |   87.6%   0.0pp |   87.8%   0.0pp |   -0.2pp |  DISPROVED
   2     1   0.5   0.5 |   87.9%   0.0pp |   87.9%   0.0pp |   -0.1pp |  DISPROVED
   3     1   0.5   1.0 |   87.6%   0.0pp |   87.8%   0.0pp |   -0.2pp |  DISPROVED
   4     1   1.0   0.5 |   87.9%   0.0pp |   87.9%   0.0pp |   -0.1pp |  DISPROVED
   5     1   1.0   1.0 |   87.6%   0.0pp |   87.8%   0.0pp |   -0.2pp |  DISPROVED
   6     5   0.0   0.5 |   86.6%   0.0pp |   87.7%   0.0pp |   -1.1pp |  DISPROVED
   7     5   0.0   1.0 |   83.3%   0.0pp |   87.1%   0.0pp |   -3.8pp |  DISPROVED
   8     5   0.5   0.5 |   86.6%   0.0pp |   87.7%   0.0pp |   -1.1pp |  DISPROVED
   9     5   0.5   1.0 |   83.3%   0.0pp |   87.1%   0.0pp |   -3.8pp |  DISPROVED
  10     5   1.0   0.5 |   86.6%   0.0pp |   87.7%   0.0pp |   -1.1pp |  DISPROVED
  11     5   1.0   1.0 |   83.3%   0.0pp |   87.1%   0.0pp |   -3.8pp |  DISPROVED
  12    10   0.0   0.5 |   83.6%   0.0pp |   87.1%   0.0pp |   -3.6pp |  DISPROVED
  13    10   0.0   1.0 |   71.3%   0.0pp |   85.7%   0.0pp |  -14.4pp |  DISPROVED
  14    10   0.5   0.5 |   83.6%   0.0pp |   87.1%   0.0pp |   -3.6pp |  DISPROVED
  15    10   0.5   1.0 |   71.3%   0.0pp |   85.7%   0.0pp |  -14.4pp |  DISPROVED
  16    10   1.0   0.5 |   83.6%   0.0pp |   87.1%   0.0pp |   -3.6pp |  DISPROVED
  17    10   1.0   1.0 |   71.3%   0.0pp |   85.7%   0.0pp |  -14.4pp |  DISPROVED
  18    20   0.0   0.5 |   72.3%   0.0pp |   85.8%   0.0pp |  -13.4pp |  DISPROVED
  19    20   0.0   1.0 |   49.6%   0.0pp |   83.6%   0.0pp |  -34.0pp |  DISPROVED
  20    20   0.5   0.5 |   72.3%   0.0pp |   85.8%   0.0pp |  -13.4pp |  DISPROVED
  21    20   0.5   1.0 |   49.6%   0.0pp |   83.6%   0.0pp |  -34.0pp |  DISPROVED
  22    20   1.0   0.5 |   72.3%   0.0pp |   85.8%   0.0pp |  -13.4pp |  DISPROVED
  23    20   1.0   1.0 |   49.6%   0.0pp |   83.6%   0.0pp |  -34.0pp |  DISPROVED

VERDICT: DISPROVED -- resonance <= 1-NN on all 24 configs

Elapsed: 544.2s
