======================================================================
STEP 1156 — OnlineEmpowermentSubstrate
Substrate: B:\M\the-search\experiments\sub1156_defense_v62.py
======================================================================
2026-03-26 03:15:10 | INFO | Successfully fetched 25 environment(s) from API
[PRISM] Selected 3 games from 25 available (seed=None)
  GAME_2=***  GAME_3=***  GAME_4=***
Budget: 10000 steps/game, 10 seeds, randomized order

2026-03-26 03:15:11 | INFO | Successfully fetched 25 environment(s) from API
2026-03-26 03:15:11 | INFO | Created new scorecard: cbec2e96-4780-4652-a978-6fddc9b34a18
2026-03-26 03:15:11 | INFO | Successfully fetched metadata for game sc25
2026-03-26 03:15:11 | INFO | Successfully loaded game class Sc25 from environment_files\sc25\f9b21a2f\sc25.py
2026-03-26 03:15:17 | INFO | Successfully fetched 25 environment(s) from API
2026-03-26 03:15:17 | INFO | Created new scorecard: 363231d3-2702-46ba-bac2-b169b46dd9fb
2026-03-26 03:15:17 | INFO | Successfully fetched metadata for game s5i5
2026-03-26 03:15:17 | INFO | Successfully loaded game class S5i5 from environment_files\s5i5\a48e4b1d\s5i5.py
2026-03-26 03:15:22 | INFO | Successfully fetched 25 environment(s) from API
2026-03-26 03:15:22 | INFO | Created new scorecard: feeebcef-06dc-4c1e-b447-c6d54c4bd370
2026-03-26 03:15:23 | INFO | Successfully fetched metadata for game ar25
2026-03-26 03:15:23 | INFO | Successfully loaded game class Ar25 from environment_files\ar25\e3c63847\ar25.py

======================================================================
STEP 1156 RESULTS:
  GAME_1: L1=100%  SOLVED=0%  max_lvl=0  ARC=0.0000  avg_t=0.0s
  GAME_2: L1=0%  SOLVED=0%  max_lvl=0  ARC=0.0000  avg_t=3.2s
  GAME_3: L1=0%  SOLVED=0%  max_lvl=0  ARC=0.0000  avg_t=5.9s
  GAME_4: L1=0%  SOLVED=0%  max_lvl=0  ARC=0.0000  avg_t=1.6s
  GAME_5: L1=100%  SOLVED=0%  max_lvl=0  ARC=0.0000  avg_t=0.0s
  Chain score: 2/5
  ARC Prize score: 0.0000 (human_baseline=50 actions/level)
  ** DEBATE FAIL: one or more games at 0% L1 (Jun directive 2026-03-25) **
  ** WIN CONDITION NOT MET: 100% ALL LEVELS required on ALL games **
  Chain kill verdict: PASS
    GAME_1: ++0% (100% → 100%)
    GAME_5: ++0% (100% → 100%)
  Results: [blind]
  Elapsed: 115.0s
STEP 1156 DONE
