Step 119 -- Constitutional Audit, ResNet-18 CIFAR-100
N_TASKS=10, DEVICE=cuda
Reference: 2-task sp=0.95 k=5 → 38.3% AA, 11.6pp fgt (Step 100b/107)
Loading ResNet features...
  Train: torch.Size([50000, 512]), Test: torch.Size([10000, 512])

============================================================
Test A: Always-spawn k=5 (baseline)
============================================================
    T0: cb=5000 aa=70.9%
    T1: cb=10000 aa=56.7%
    T2: cb=15000 aa=53.3%
    T3: cb=20000 aa=48.1%
    T4: cb=25000 aa=45.8%
    T5: cb=30000 aa=44.2%
    T6: cb=35000 aa=43.0%
    T7: cb=40000 aa=40.9%
    T8: cb=45000 aa=39.8%
    T9: cb=50000 aa=38.2%

============================================================
Test B: Self-supervised eval (S1 reconfirmation)
============================================================
    T0: cb=6000 aa=70.9%
    T1: cb=13000 aa=59.7%
    T2: cb=21000 aa=56.4%
    T3: cb=30000 aa=51.1%
    T4: cb=40000 aa=48.7%
    T5: cb=51000 aa=46.7%
    T6: cb=63000 aa=45.3%
    T7: cb=76000 aa=43.2%
    T8: cb=90000 aa=41.4%
    T9: cb=105000 aa=39.7%

============================================================
Test C: Threshold-spawn sp=0.95 (vs always-spawn)
============================================================
    T0: cb=5000 aa=70.9%
    T1: cb=9993 aa=56.9%
    T2: cb=14990 aa=53.4%
    T3: cb=19985 aa=48.2%
    T4: cb=24974 aa=45.9%
    T5: cb=29896 aa=44.2%
    T6: cb=34863 aa=43.0%
    T7: cb=39814 aa=40.9%
    T8: cb=44785 aa=39.8%
    T9: cb=49736 aa=38.3%

============================================================
Test D: k sweep (always-spawn)
============================================================
  --- k=1 ---
    T0: cb=5000 aa=66.6%
    T1: cb=10000 aa=51.8%
    T2: cb=15000 aa=47.0%
    T3: cb=20000 aa=42.5%
    T4: cb=25000 aa=40.1%
    T5: cb=30000 aa=38.5%
    T6: cb=35000 aa=37.1%
    T7: cb=40000 aa=35.0%
    T8: cb=45000 aa=33.9%
    T9: cb=50000 aa=32.3%
  --- k=3 ---
    T0: cb=5000 aa=70.4%
    T1: cb=10000 aa=56.2%
    T2: cb=15000 aa=52.1%
    T3: cb=20000 aa=47.2%
    T4: cb=25000 aa=44.9%
    T5: cb=30000 aa=43.7%
    T6: cb=35000 aa=42.6%
    T7: cb=40000 aa=40.3%
    T8: cb=45000 aa=39.1%
    T9: cb=50000 aa=37.7%
  --- k=10 ---
    T0: cb=5000 aa=71.4%
    T1: cb=10000 aa=56.8%
    T2: cb=15000 aa=52.5%
    T3: cb=20000 aa=48.0%
    T4: cb=25000 aa=45.2%
    T5: cb=30000 aa=43.3%
    T6: cb=35000 aa=42.1%
    T7: cb=40000 aa=40.4%
    T8: cb=45000 aa=39.1%
    T9: cb=50000 aa=37.6%
  --- k=20 ---
    T0: cb=5000 aa=69.6%
    T1: cb=10000 aa=56.1%
    T2: cb=15000 aa=51.4%
    T3: cb=20000 aa=47.1%
    T4: cb=25000 aa=44.3%
    T5: cb=30000 aa=41.9%
    T6: cb=35000 aa=40.5%
    T7: cb=40000 aa=38.9%
    T8: cb=45000 aa=37.5%
    T9: cb=50000 aa=36.0%

========================================================================
STEP 119 FINAL -- Constitutional Audit, ResNet-18 CIFAR-100
========================================================================
Test                      AA      fgt        CB  Notes
------------------------------------------------------------------------
  A_always_k5          38.2%    11.7pp     50000  
  B_s1_eval            39.7%     0.1pp    105000  delta_vs_A=+1.48pp, eval_spawns=55000
  C_thresh_0.95        38.3%    11.4pp     49736  delta_vs_always=+0.01pp
  D_k1                 32.3%    11.8pp     50000  delta_vs_k5=-5.98pp
  D_k3                 37.7%    11.7pp     50000  delta_vs_k5=-0.56pp
  D_k10                37.6%    12.1pp     50000  delta_vs_k5=-0.65pp
  D_k20                36.0%    12.5pp     50000  delta_vs_k5=-2.23pp

Elapsed: 9.0s
