======================================================================
STEP 1146 — StateConditionedSubstrate
Substrate: B:\M\the-search\experiments\sub1146_defense_v56.py
======================================================================
2026-03-26 02:04:30 | INFO | Successfully fetched 25 environment(s) from API
[PRISM] Selected 3 games from 25 available (seed=None)
  GAME_2=***  GAME_3=***  GAME_4=***
Budget: 10000 steps/game, 10 seeds, randomized order

2026-03-26 02:04:31 | INFO | Successfully fetched 25 environment(s) from API
2026-03-26 02:04:31 | INFO | Created new scorecard: 7a83d44a-63be-486f-89af-53a34238d3bb
2026-03-26 02:04:31 | INFO | Successfully fetched metadata for game g50t
2026-03-26 02:04:31 | INFO | Successfully loaded game class G50t from environment_files\g50t\5849a774\g50t.py
2026-03-26 02:04:33 | INFO | Successfully fetched 25 environment(s) from API
2026-03-26 02:04:33 | INFO | Created new scorecard: 64abdd82-06af-4d49-823b-f2c1852d5b49
2026-03-26 02:04:34 | INFO | Successfully fetched metadata for game re86
2026-03-26 02:04:34 | INFO | Successfully loaded game class Re86 from environment_files\re86\4e57566e\re86.py
2026-03-26 02:04:40 | INFO | Successfully fetched 25 environment(s) from API
2026-03-26 02:04:40 | INFO | Created new scorecard: d8aae446-00b5-4730-b11e-10be4dda94e3
2026-03-26 02:04:40 | INFO | Successfully fetched metadata for game sp80
2026-03-26 02:04:40 | INFO | Successfully loaded game class Sp80 from environment_files\sp80\0ee2d095\sp80.py
2026-03-26 02:04:41 | INFO | Successfully fetched metadata for game sp80
2026-03-26 02:04:41 | INFO | Successfully loaded game class Sp80 from environment_files\sp80\0ee2d095\sp80.py
2026-03-26 02:04:42 | INFO | Successfully fetched metadata for game sp80
2026-03-26 02:04:42 | INFO | Successfully loaded game class Sp80 from environment_files\sp80\0ee2d095\sp80.py
2026-03-26 02:04:46 | INFO | Successfully fetched metadata for game sp80
2026-03-26 02:04:46 | INFO | Successfully loaded game class Sp80 from environment_files\sp80\0ee2d095\sp80.py
2026-03-26 02:04:54 | INFO | Successfully fetched metadata for game sp80
2026-03-26 02:04:54 | INFO | Successfully loaded game class Sp80 from environment_files\sp80\0ee2d095\sp80.py
2026-03-26 02:04:56 | INFO | Successfully fetched metadata for game sp80
2026-03-26 02:04:56 | INFO | Successfully loaded game class Sp80 from environment_files\sp80\0ee2d095\sp80.py
2026-03-26 02:04:56 | INFO | Successfully fetched metadata for game sp80
2026-03-26 02:04:56 | INFO | Successfully loaded game class Sp80 from environment_files\sp80\0ee2d095\sp80.py
2026-03-26 02:04:57 | INFO | Successfully fetched metadata for game sp80
2026-03-26 02:04:57 | INFO | Successfully loaded game class Sp80 from environment_files\sp80\0ee2d095\sp80.py
2026-03-26 02:04:57 | INFO | Successfully fetched metadata for game sp80
2026-03-26 02:04:57 | INFO | Successfully loaded game class Sp80 from environment_files\sp80\0ee2d095\sp80.py
2026-03-26 02:04:58 | INFO | Successfully fetched metadata for game sp80
2026-03-26 02:04:58 | INFO | Successfully loaded game class Sp80 from environment_files\sp80\0ee2d095\sp80.py
2026-03-26 02:04:59 | INFO | Successfully fetched metadata for game sp80
2026-03-26 02:04:59 | INFO | Successfully loaded game class Sp80 from environment_files\sp80\0ee2d095\sp80.py
2026-03-26 02:05:00 | INFO | Successfully fetched metadata for game sp80
2026-03-26 02:05:00 | INFO | Successfully loaded game class Sp80 from environment_files\sp80\0ee2d095\sp80.py
2026-03-26 02:05:06 | INFO | Successfully fetched metadata for game sp80
2026-03-26 02:05:06 | INFO | Successfully loaded game class Sp80 from environment_files\sp80\0ee2d095\sp80.py
2026-03-26 02:05:08 | INFO | Successfully fetched metadata for game sp80
2026-03-26 02:05:08 | INFO | Successfully loaded game class Sp80 from environment_files\sp80\0ee2d095\sp80.py
2026-03-26 02:05:08 | INFO | Successfully fetched metadata for game sp80
2026-03-26 02:05:08 | INFO | Successfully loaded game class Sp80 from environment_files\sp80\0ee2d095\sp80.py
2026-03-26 02:05:09 | INFO | Successfully fetched metadata for game sp80
2026-03-26 02:05:09 | INFO | Successfully loaded game class Sp80 from environment_files\sp80\0ee2d095\sp80.py
2026-03-26 02:05:09 | INFO | Successfully fetched metadata for game sp80
2026-03-26 02:05:09 | INFO | Successfully loaded game class Sp80 from environment_files\sp80\0ee2d095\sp80.py
2026-03-26 02:05:10 | INFO | Successfully fetched metadata for game sp80
2026-03-26 02:05:10 | INFO | Successfully loaded game class Sp80 from environment_files\sp80\0ee2d095\sp80.py
2026-03-26 02:05:11 | INFO | Successfully fetched metadata for game sp80
2026-03-26 02:05:11 | INFO | Successfully loaded game class Sp80 from environment_files\sp80\0ee2d095\sp80.py
2026-03-26 02:05:12 | INFO | Successfully fetched metadata for game sp80
2026-03-26 02:05:12 | INFO | Successfully loaded game class Sp80 from environment_files\sp80\0ee2d095\sp80.py
2026-03-26 02:05:18 | INFO | Successfully fetched metadata for game sp80
2026-03-26 02:05:18 | INFO | Successfully loaded game class Sp80 from environment_files\sp80\0ee2d095\sp80.py
2026-03-26 02:05:21 | INFO | Successfully fetched metadata for game sp80
2026-03-26 02:05:21 | INFO | Successfully loaded game class Sp80 from environment_files\sp80\0ee2d095\sp80.py
2026-03-26 02:05:22 | INFO | Successfully fetched metadata for game sp80
2026-03-26 02:05:22 | INFO | Successfully loaded game class Sp80 from environment_files\sp80\0ee2d095\sp80.py
2026-03-26 02:05:26 | INFO | Successfully fetched metadata for game sp80
2026-03-26 02:05:26 | INFO | Successfully loaded game class Sp80 from environment_files\sp80\0ee2d095\sp80.py
2026-03-26 02:05:26 | INFO | Successfully fetched metadata for game sp80
2026-03-26 02:05:26 | INFO | Successfully loaded game class Sp80 from environment_files\sp80\0ee2d095\sp80.py
2026-03-26 02:05:28 | INFO | Successfully fetched metadata for game sp80
2026-03-26 02:05:28 | INFO | Successfully loaded game class Sp80 from environment_files\sp80\0ee2d095\sp80.py
2026-03-26 02:05:39 | INFO | Successfully fetched metadata for game sp80
2026-03-26 02:05:39 | INFO | Successfully loaded game class Sp80 from environment_files\sp80\0ee2d095\sp80.py
2026-03-26 02:05:41 | INFO | Successfully fetched metadata for game sp80
2026-03-26 02:05:41 | INFO | Successfully loaded game class Sp80 from environment_files\sp80\0ee2d095\sp80.py
2026-03-26 02:05:41 | INFO | Successfully fetched metadata for game sp80
2026-03-26 02:05:41 | INFO | Successfully loaded game class Sp80 from environment_files\sp80\0ee2d095\sp80.py
2026-03-26 02:05:42 | INFO | Successfully fetched metadata for game sp80
2026-03-26 02:05:42 | INFO | Successfully loaded game class Sp80 from environment_files\sp80\0ee2d095\sp80.py
2026-03-26 02:05:42 | INFO | Successfully fetched metadata for game sp80
2026-03-26 02:05:42 | INFO | Successfully loaded game class Sp80 from environment_files\sp80\0ee2d095\sp80.py
2026-03-26 02:05:44 | INFO | Successfully fetched metadata for game sp80
2026-03-26 02:05:44 | INFO | Successfully loaded game class Sp80 from environment_files\sp80\0ee2d095\sp80.py
2026-03-26 02:05:44 | INFO | Successfully fetched metadata for game sp80
2026-03-26 02:05:44 | INFO | Successfully loaded game class Sp80 from environment_files\sp80\0ee2d095\sp80.py
2026-03-26 02:05:45 | INFO | Successfully fetched metadata for game sp80
2026-03-26 02:05:45 | INFO | Successfully loaded game class Sp80 from environment_files\sp80\0ee2d095\sp80.py
2026-03-26 02:05:49 | INFO | Successfully fetched metadata for game sp80
2026-03-26 02:05:49 | INFO | Successfully loaded game class Sp80 from environment_files\sp80\0ee2d095\sp80.py
2026-03-26 02:05:50 | INFO | Successfully fetched metadata for game sp80
2026-03-26 02:05:50 | INFO | Successfully loaded game class Sp80 from environment_files\sp80\0ee2d095\sp80.py
2026-03-26 02:05:51 | INFO | Successfully fetched metadata for game sp80
2026-03-26 02:05:51 | INFO | Successfully loaded game class Sp80 from environment_files\sp80\0ee2d095\sp80.py
2026-03-26 02:05:53 | INFO | Successfully fetched metadata for game sp80
2026-03-26 02:05:53 | INFO | Successfully loaded game class Sp80 from environment_files\sp80\0ee2d095\sp80.py
2026-03-26 02:05:53 | INFO | Successfully fetched metadata for game sp80
2026-03-26 02:05:53 | INFO | Successfully loaded game class Sp80 from environment_files\sp80\0ee2d095\sp80.py
2026-03-26 02:06:01 | INFO | Successfully fetched metadata for game sp80
2026-03-26 02:06:01 | INFO | Successfully loaded game class Sp80 from environment_files\sp80\0ee2d095\sp80.py
2026-03-26 02:06:10 | INFO | Successfully fetched metadata for game sp80
2026-03-26 02:06:10 | INFO | Successfully loaded game class Sp80 from environment_files\sp80\0ee2d095\sp80.py
2026-03-26 02:06:11 | INFO | Successfully fetched metadata for game sp80
2026-03-26 02:06:11 | INFO | Successfully loaded game class Sp80 from environment_files\sp80\0ee2d095\sp80.py
2026-03-26 02:06:12 | INFO | Successfully fetched metadata for game sp80
2026-03-26 02:06:12 | INFO | Successfully loaded game class Sp80 from environment_files\sp80\0ee2d095\sp80.py
2026-03-26 02:06:14 | INFO | Successfully fetched metadata for game sp80
2026-03-26 02:06:14 | INFO | Successfully loaded game class Sp80 from environment_files\sp80\0ee2d095\sp80.py
2026-03-26 02:06:14 | INFO | Successfully fetched metadata for game sp80
2026-03-26 02:06:14 | INFO | Successfully loaded game class Sp80 from environment_files\sp80\0ee2d095\sp80.py
2026-03-26 02:06:19 | INFO | Successfully fetched metadata for game sp80
2026-03-26 02:06:19 | INFO | Successfully loaded game class Sp80 from environment_files\sp80\0ee2d095\sp80.py
2026-03-26 02:06:20 | INFO | Successfully fetched metadata for game sp80
2026-03-26 02:06:20 | INFO | Successfully loaded game class Sp80 from environment_files\sp80\0ee2d095\sp80.py
2026-03-26 02:06:21 | INFO | Successfully fetched metadata for game sp80
2026-03-26 02:06:21 | INFO | Successfully loaded game class Sp80 from environment_files\sp80\0ee2d095\sp80.py
2026-03-26 02:06:23 | INFO | Successfully fetched metadata for game sp80
2026-03-26 02:06:23 | INFO | Successfully loaded game class Sp80 from environment_files\sp80\0ee2d095\sp80.py

======================================================================
STEP 1146 RESULTS:
  GAME_1: L1=100%  SOLVED=0%  max_lvl=0  ARC=0.0000  avg_t=0.1s
  GAME_2: L1=100%  SOLVED=100%  max_lvl=1  ARC=0.0004  avg_t=6.2s
  GAME_3: L1=0%  SOLVED=0%  max_lvl=0  ARC=0.0000  avg_t=2.5s
  GAME_4: L1=0%  SOLVED=0%  max_lvl=0  ARC=0.0000  avg_t=2.2s
  GAME_5: L1=100%  SOLVED=0%  max_lvl=0  ARC=0.0000  avg_t=0.1s
  Chain score: 3/5
  ARC Prize score: 0.0001 (human_baseline=50 actions/level)
  ** DEBATE FAIL: one or more games at 0% L1 (Jun directive 2026-03-25) **
  ** WIN CONDITION NOT MET: 100% ALL LEVELS required on ALL games **
  Chain kill verdict: PASS
    GAME_1: ++0% (100% → 100%)
    GAME_5: ++0% (100% → 100%)
  Results: [blind]
  Elapsed: 118.3s
STEP 1146 DONE
