Step 581c: Confidence-gated death avoidance (N>=3)
  K=12 MAX_STEPS=50000 DEATH_THRESHOLD=3

--- ConfDeath ---

seed 0:
2026-03-20 12:27:22 | INFO | Got anonymous API key: da13de7e-a392-441e-9b4b-5c55362da8a1
2026-03-20 12:27:22 | INFO | You can register for an API key at https://three.arcprize.org
2026-03-20 12:27:22 | INFO | Successfully fetched 3 environment(s) from API
2026-03-20 12:27:22 | INFO | Created new scorecard: 19deb3f5-93e4-43ea-87f8-aba7a072e895
2026-03-20 12:27:22 | INFO | Successfully fetched metadata for game ls20
2026-03-20 12:27:22 | INFO | Successfully loaded game class Ls20 from environment_files\ls20\cb3b57cc\ls20.py
    s0 L1@16763
  s0: L1=1 L2=0 go=384 step=50000 cells=466 37s
    confirmed_death=55 suspicious=78 total_deaths=384 filtered_steps=1850 full_fallback=3113

seed 1:
2026-03-20 12:28:00 | INFO | Got anonymous API key: 97e80b54-c808-4e19-9cec-18980aeeee0b
2026-03-20 12:28:00 | INFO | You can register for an API key at https://three.arcprize.org
2026-03-20 12:28:00 | INFO | Successfully fetched 3 environment(s) from API
2026-03-20 12:28:00 | INFO | Created new scorecard: 52c3bee8-fcdf-4609-a5d0-758c5d2917e8
2026-03-20 12:28:00 | INFO | Successfully fetched metadata for game ls20
2026-03-20 12:28:00 | INFO | Successfully loaded game class Ls20 from environment_files\ls20\cb3b57cc\ls20.py
    s1 L1@6946
  s1: L1=1 L2=0 go=383 step=50000 cells=331 37s
    confirmed_death=37 suspicious=56 total_deaths=383 filtered_steps=839 full_fallback=3021

seed 2:
2026-03-20 12:28:37 | INFO | Got anonymous API key: 0328cbee-397f-48c9-b033-08f7a9835f37
2026-03-20 12:28:37 | INFO | You can register for an API key at https://three.arcprize.org
2026-03-20 12:28:37 | INFO | Successfully fetched 3 environment(s) from API
2026-03-20 12:28:37 | INFO | Created new scorecard: e825806b-478f-460d-94ee-d8da2848edb5
2026-03-20 12:28:37 | INFO | Successfully fetched metadata for game ls20
2026-03-20 12:28:37 | INFO | Successfully loaded game class Ls20 from environment_files\ls20\cb3b57cc\ls20.py
  s2: L1=0 L2=0 go=387 step=50000 cells=225 36s
    confirmed_death=82 suspicious=32 total_deaths=387 filtered_steps=2769 full_fallback=2113

seed 3:
2026-03-20 12:29:13 | INFO | Got anonymous API key: d03b7f5f-55b5-4c61-9a60-f950148f9070
2026-03-20 12:29:13 | INFO | You can register for an API key at https://three.arcprize.org
2026-03-20 12:29:14 | INFO | Successfully fetched 3 environment(s) from API
2026-03-20 12:29:14 | INFO | Created new scorecard: bdd5a029-68e3-4022-a412-38a31d689b2b
2026-03-20 12:29:14 | INFO | Successfully fetched metadata for game ls20
2026-03-20 12:29:14 | INFO | Successfully loaded game class Ls20 from environment_files\ls20\cb3b57cc\ls20.py
  s3: L1=0 L2=0 go=113 step=50000 cells=93 54s
    confirmed_death=16 suspicious=29 total_deaths=113 filtered_steps=37312 full_fallback=1438

seed 4:
2026-03-20 12:30:08 | INFO | Got anonymous API key: 4d9cc198-576d-4aa6-9477-f3094d5f1181
2026-03-20 12:30:08 | INFO | You can register for an API key at https://three.arcprize.org
2026-03-20 12:30:09 | INFO | Successfully fetched 3 environment(s) from API
2026-03-20 12:30:09 | INFO | Created new scorecard: 3738acbd-c907-4e01-929c-334af7376e6d
2026-03-20 12:30:09 | INFO | Successfully fetched metadata for game ls20
2026-03-20 12:30:09 | INFO | Successfully loaded game class Ls20 from environment_files\ls20\cb3b57cc\ls20.py
  s4: L1=0 L2=0 go=387 step=50000 cells=327 36s
    confirmed_death=70 suspicious=41 total_deaths=387 filtered_steps=926 full_fallback=1191

--- Argmin baseline ---

seed 0:
2026-03-20 12:30:45 | INFO | Got anonymous API key: 8a6e4f6d-a833-4cfd-8b5b-9cacd59cf69b
2026-03-20 12:30:45 | INFO | You can register for an API key at https://three.arcprize.org
2026-03-20 12:30:45 | INFO | Successfully fetched 3 environment(s) from API
2026-03-20 12:30:45 | INFO | Created new scorecard: c9ea64ea-4da2-4b7f-999f-e6b00f57f6c5
2026-03-20 12:30:45 | INFO | Successfully fetched metadata for game ls20
2026-03-20 12:30:45 | INFO | Successfully loaded game class Ls20 from environment_files\ls20\cb3b57cc\ls20.py
    s0 L1@9016
  s0: L1=1 L2=0 go=383 step=50000 cells=454 35s

seed 1:
2026-03-20 12:31:20 | INFO | Got anonymous API key: 4c1fc5aa-c276-4530-9603-594fad499177
2026-03-20 12:31:20 | INFO | You can register for an API key at https://three.arcprize.org
2026-03-20 12:31:20 | INFO | Successfully fetched 3 environment(s) from API
2026-03-20 12:31:20 | INFO | Created new scorecard: 0844be59-55b4-4229-93ac-cf7c7feb7011
2026-03-20 12:31:20 | INFO | Successfully fetched metadata for game ls20
2026-03-20 12:31:20 | INFO | Successfully loaded game class Ls20 from environment_files\ls20\cb3b57cc\ls20.py
    s1 L1@31819
  s1: L1=1 L2=0 go=385 step=50000 cells=352 37s

seed 2:
2026-03-20 12:31:58 | INFO | Got anonymous API key: b8b98efd-0bab-47c7-bb62-43ebb8eb1dde
2026-03-20 12:31:58 | INFO | You can register for an API key at https://three.arcprize.org
2026-03-20 12:31:58 | INFO | Successfully fetched 3 environment(s) from API
2026-03-20 12:31:58 | INFO | Created new scorecard: 07db5370-7109-4fb6-b1b5-8d65b86194ce
2026-03-20 12:31:58 | INFO | Successfully fetched metadata for game ls20
2026-03-20 12:31:58 | INFO | Successfully loaded game class Ls20 from environment_files\ls20\cb3b57cc\ls20.py
  s2: L1=0 L2=0 go=386 step=50000 cells=244 38s

seed 3:
2026-03-20 12:32:36 | INFO | Got anonymous API key: af3d0b3d-2eea-41cd-ae49-61a598e55558
2026-03-20 12:32:36 | INFO | You can register for an API key at https://three.arcprize.org
2026-03-20 12:32:36 | INFO | Successfully fetched 3 environment(s) from API
2026-03-20 12:32:36 | INFO | Created new scorecard: ccdc7e8f-eeb8-4e78-9bed-cb3c4e6ca9d6
2026-03-20 12:32:36 | INFO | Successfully fetched metadata for game ls20
2026-03-20 12:32:36 | INFO | Successfully loaded game class Ls20 from environment_files\ls20\cb3b57cc\ls20.py
    s3 L1@18070
  s3: L1=1 L2=0 go=384 step=50000 cells=174 32s

seed 4:
2026-03-20 12:33:09 | INFO | Got anonymous API key: 7796f5f6-4749-4884-bbad-d63246499617
2026-03-20 12:33:09 | INFO | You can register for an API key at https://three.arcprize.org
2026-03-20 12:33:09 | INFO | Successfully fetched 3 environment(s) from API
2026-03-20 12:33:09 | INFO | Created new scorecard: 5bb566d0-2ac9-4a90-b4e4-a5d197f7ddb2
2026-03-20 12:33:09 | INFO | Successfully fetched metadata for game ls20
2026-03-20 12:33:09 | INFO | Successfully loaded game class Ls20 from environment_files\ls20\cb3b57cc\ls20.py
  s4: L1=0 L2=0 go=386 step=50000 cells=323 36s

============================================================
Step 581c: Confidence-gated death avoidance
  ConfDeath: 2/5 seeds L1, total L1=2
    s0: L1=1 cells=466
    s1: L1=1 cells=331
    s2: L1=0 cells=225
    s3: L1=0 cells=93
    s4: L1=0 cells=327
  Argmin:    3/5 seeds L1, total L1=3
    s0: L1=1 cells=454
    s1: L1=1 cells=352
    s2: L1=0 cells=244
    s3: L1=1 cells=174
    s4: L1=0 cells=323

FAIL: conf-death (2) < argmin (3)
