Step 98 -- Neighborhood Coherence Readout, P-MNIST
N_TASKS=2, D_OUT=384, DEVICE=cuda
Configs: 27 (k_coherence x lr x spawn_thresh)

Loading MNIST...
Pre-embedding test sets...
  Done: 2 tasks x 10000 samples

=== Task 0 ===
  k= 3 lr=0.001 sp=0.3: cb 0->12 (+12)
  k= 3 lr=0.001 sp=0.5: cb 0->107 (+107)
  k= 3 lr=0.001 sp=0.7: cb 0->969 (+969)
  k= 3 lr=0.010 sp=0.3: cb 0->8 (+8)
  k= 3 lr=0.010 sp=0.5: cb 0->76 (+76)
  k= 3 lr=0.010 sp=0.7: cb 0->921 (+921)
  k= 3 lr=0.100 sp=0.3: cb 0->6 (+6)
  k= 3 lr=0.100 sp=0.5: cb 0->55 (+55)
  k= 3 lr=0.100 sp=0.7: cb 0->713 (+713)
  k= 5 lr=0.001 sp=0.3: cb 0->12 (+12)
  k= 5 lr=0.001 sp=0.5: cb 0->107 (+107)
  k= 5 lr=0.001 sp=0.7: cb 0->969 (+969)
  k= 5 lr=0.010 sp=0.3: cb 0->8 (+8)
  k= 5 lr=0.010 sp=0.5: cb 0->76 (+76)
  k= 5 lr=0.010 sp=0.7: cb 0->921 (+921)
  k= 5 lr=0.100 sp=0.3: cb 0->6 (+6)
  k= 5 lr=0.100 sp=0.5: cb 0->55 (+55)
  k= 5 lr=0.100 sp=0.7: cb 0->713 (+713)
  k=10 lr=0.001 sp=0.3: cb 0->12 (+12)
  k=10 lr=0.001 sp=0.5: cb 0->107 (+107)
  k=10 lr=0.001 sp=0.7: cb 0->969 (+969)
  k=10 lr=0.010 sp=0.3: cb 0->8 (+8)
  k=10 lr=0.010 sp=0.5: cb 0->76 (+76)
  k=10 lr=0.010 sp=0.7: cb 0->921 (+921)
  k=10 lr=0.100 sp=0.3: cb 0->6 (+6)
  k=10 lr=0.100 sp=0.5: cb 0->55 (+55)
  k=10 lr=0.100 sp=0.7: cb 0->713 (+713)
  Train time: 109.9s
  Eval time: 0.1s
  Peek (k=5 lr=0.01 sp=0.5): task0 coh=35.7% 1nn=48.7% cb=76

=== Task 1 ===
  k= 3 lr=0.001 sp=0.3: cb 12->19 (+7)
  k= 3 lr=0.001 sp=0.5: cb 107->193 (+86)
  k= 3 lr=0.001 sp=0.7: cb 969->1781 (+812)
  k= 3 lr=0.010 sp=0.3: cb 8->11 (+3)
  k= 3 lr=0.010 sp=0.5: cb 76->129 (+53)
  k= 3 lr=0.010 sp=0.7: cb 921->1679 (+758)
  k= 3 lr=0.100 sp=0.3: cb 6->9 (+3)
  k= 3 lr=0.100 sp=0.5: cb 55->93 (+38)
  k= 3 lr=0.100 sp=0.7: cb 713->1277 (+564)
  k= 5 lr=0.001 sp=0.3: cb 12->19 (+7)
  k= 5 lr=0.001 sp=0.5: cb 107->193 (+86)
  k= 5 lr=0.001 sp=0.7: cb 969->1781 (+812)
  k= 5 lr=0.010 sp=0.3: cb 8->11 (+3)
  k= 5 lr=0.010 sp=0.5: cb 76->129 (+53)
  k= 5 lr=0.010 sp=0.7: cb 921->1679 (+758)
  k= 5 lr=0.100 sp=0.3: cb 6->9 (+3)
  k= 5 lr=0.100 sp=0.5: cb 55->93 (+38)
  k= 5 lr=0.100 sp=0.7: cb 713->1277 (+564)
  k=10 lr=0.001 sp=0.3: cb 12->19 (+7)
  k=10 lr=0.001 sp=0.5: cb 107->193 (+86)
  k=10 lr=0.001 sp=0.7: cb 969->1781 (+812)
  k=10 lr=0.010 sp=0.3: cb 8->11 (+3)
  k=10 lr=0.010 sp=0.5: cb 76->129 (+53)
  k=10 lr=0.010 sp=0.7: cb 921->1679 (+758)
  k=10 lr=0.100 sp=0.3: cb 6->9 (+3)
  k=10 lr=0.100 sp=0.5: cb 55->93 (+38)
  k=10 lr=0.100 sp=0.7: cb 713->1277 (+564)
  Train time: 116.5s
  Eval time: 0.3s
  Peek (k=5 lr=0.01 sp=0.5): task1 coh=36.2% 1nn=48.9% cb=129

================================================================================
STEP 98 SUMMARY -- Neighborhood Coherence Readout P-MNIST
N_TASKS=2, DEVICE=cuda
================================================================================

  k     lr   sp |  AA_coh  AA_1nn |  Fgt_coh  Fgt_1nn |     CB  coh_wins
--------------------------------------------------------------------------------
  3  0.001  0.3 |   18.4%   24.3% |     0.0pp     0.0pp |     19        no
  3  0.001  0.5 |   45.7%   57.5% |     0.0pp     0.0pp |    193        no
  3  0.001  0.7 |   85.3%   86.9% |     0.0pp     0.0pp |   1781        no
  3  0.010  0.3 |   20.1%   27.0% |     0.0pp     0.0pp |     11        no
  3  0.010  0.5 |   36.0%   48.8% |     0.0pp     0.0pp |    129        no
  3  0.010  0.7 |   81.5%   86.5% |     0.0pp     0.0pp |   1679        no
  3  0.100  0.3 |   10.2%   11.9% |     0.0pp     0.0pp |      9        no
  3  0.100  0.5 |   36.7%   50.9% |     0.0pp     0.0pp |     93        no
  3  0.100  0.7 |   81.5%   83.7% |     0.0pp     0.0pp |   1277        no
  5  0.001  0.3 |   18.6%   24.3% |     0.0pp     0.0pp |     19        no
  5  0.001  0.5 |   43.1%   57.5% |     0.0pp     0.0pp |    193        no
  5  0.001  0.7 |   84.3%   86.9% |     0.0pp     0.0pp |   1781        no
  5  0.010  0.3 |   20.1%   27.0% |     0.0pp     0.0pp |     11        no
  5  0.010  0.5 |   35.9%   48.8% |     0.0pp     0.0pp |    129        no
  5  0.010  0.7 |   81.2%   86.5% |     0.0pp     0.0pp |   1679        no
  5  0.100  0.3 |   10.2%   11.9% |     0.0pp     0.0pp |      9        no
  5  0.100  0.5 |   33.5%   50.9% |     0.0pp     0.0pp |     93        no
  5  0.100  0.7 |   80.0%   83.7% |     0.0pp     0.0pp |   1277        no
 10  0.001  0.3 |   18.6%   24.3% |     0.0pp     0.0pp |     19        no
 10  0.001  0.5 |   37.6%   57.5% |     0.0pp     0.0pp |    193        no
 10  0.001  0.7 |   81.4%   86.9% |     0.0pp     0.0pp |   1781        no
 10  0.010  0.3 |   20.1%   27.0% |     0.0pp     0.0pp |     11        no
 10  0.010  0.5 |   41.1%   48.8% |     0.0pp     0.0pp |    129        no
 10  0.010  0.7 |   78.8%   86.5% |     0.0pp     0.0pp |   1679        no
 10  0.100  0.3 |   10.2%   11.9% |     0.0pp     0.0pp |      9        no
 10  0.100  0.5 |   34.7%   50.9% |     0.0pp     0.0pp |     93        no
 10  0.100  0.7 |   76.2%   83.7% |     0.0pp     0.0pp |   1277        no

Baseline (fold Step 65): 56.7% AA, 0.0pp forgetting
Best coherence: k=3 lr=0.001 sp=0.7 -> 85.3% AA
Best 1-NN:      k=3 lr=0.001 sp=0.7 -> 86.9% AA

KILL CRITERION:
  VERDICT: KILLED -- coherence (85.3%) <= 1-NN (86.9%)
  FORGETTING: PASS (0.0pp <= 5pp)
  vs fold baseline (56.7%): +28.6pp
  Configs where coh beats 1-NN: 0/27

Elapsed: 228.7s
