Step 109 -- Spawn-as-Classification, P-MNIST
N_TASKS=10, k=5, DEVICE=cuda
Baseline (threshold sp=0.7): ~91.9% AA

============================================================
Threshold spawn (sp=0.7)
============================================================
  T0: train=1.0s eval=0.2s cb=739 aa=89.5%
  T1: train=0.8s eval=0.1s cb=1611 aa=91.0%
  T2: train=0.8s eval=0.1s cb=2528 aa=91.8%
  T3: train=0.8s eval=0.1s cb=3330 aa=91.7%
  T4: train=0.8s eval=0.1s cb=4226 aa=91.9%
  T5: train=0.8s eval=0.2s cb=5049 aa=91.7%
  T6: train=0.8s eval=0.2s cb=5850 aa=91.8%
  T7: train=0.8s eval=0.2s cb=6840 aa=91.8%
  T8: train=0.8s eval=0.5s cb=7736 aa=91.9%
  T9: train=0.7s eval=0.3s cb=8571 aa=91.9%

============================================================
Always spawn (no threshold)
============================================================
  T0: train=0.0s eval=0.0s cb=6000 aa=95.0%
  T1: train=0.0s eval=0.1s cb=12000 aa=94.9%
  T2: train=0.0s eval=0.1s cb=18000 aa=95.1%
  T3: train=0.0s eval=0.2s cb=24000 aa=95.0%
  T4: train=0.0s eval=0.2s cb=30000 aa=95.0%
  T5: train=0.0s eval=0.3s cb=36000 aa=95.0%
  T6: train=0.0s eval=0.4s cb=42000 aa=95.0%
  T7: train=0.0s eval=0.5s cb=48000 aa=95.0%
  T8: train=0.0s eval=0.6s cb=54000 aa=95.0%
  T9: train=0.0s eval=0.9s cb=60000 aa=95.0%

========================================================================
STEP 109 FINAL SUMMARY -- Spawn-as-Classification
========================================================================
  Threshold spawn: AA=91.9%  fgt=0.0pp  cb=8571
  Always spawn:    AA=95.0%  fgt=0.0pp  cb=60000
  Delta: +3.1pp

  VERDICT: PASSES -- always-spawn HELPS (+3.1pp)

Elapsed: 15.3s
