Step 581b: Death-edge avoidance substrate
  K=12 MAX_STEPS=50000

--- Death-Avoid ---

seed 0:
2026-03-20 12:08:46 | INFO | Got anonymous API key: 98c12c90-93ad-447e-a553-30c7b05a78ad
2026-03-20 12:08:46 | INFO | You can register for an API key at https://three.arcprize.org
2026-03-20 12:08:46 | INFO | Successfully fetched 3 environment(s) from API
2026-03-20 12:08:46 | INFO | Created new scorecard: ae023c1e-4a8e-4da2-96e0-e5eb48c3b505
2026-03-20 12:08:46 | INFO | Successfully fetched metadata for game ls20
2026-03-20 12:08:46 | INFO | Successfully loaded game class Ls20 from environment_files\ls20\cb3b57cc\ls20.py
    s0 L1@5875
  s0: L1=1 L2=0 go=384 step=50000 cells=428 23s
    death_edges=121 total_deaths=384 filtered_steps=2749 full_fallback=6722

seed 1:
2026-03-20 12:09:10 | INFO | Got anonymous API key: 14db14a9-6902-4c32-920f-77bc674726c8
2026-03-20 12:09:10 | INFO | You can register for an API key at https://three.arcprize.org
2026-03-20 12:09:10 | INFO | Successfully fetched 3 environment(s) from API
2026-03-20 12:09:10 | INFO | Created new scorecard: 5ab715c4-d69d-4dd3-8c10-f36d4ada7c41
2026-03-20 12:09:11 | INFO | Successfully fetched metadata for game ls20
2026-03-20 12:09:11 | INFO | Successfully loaded game class Ls20 from environment_files\ls20\cb3b57cc\ls20.py
    s1 L1@7169
  s1: L1=1 L2=0 go=385 step=50000 cells=322 23s
    death_edges=99 total_deaths=385 filtered_steps=2498 full_fallback=6923

seed 2:
2026-03-20 12:09:34 | INFO | Got anonymous API key: 11421644-aefa-43c4-9378-f09ec03fc1e8
2026-03-20 12:09:34 | INFO | You can register for an API key at https://three.arcprize.org
2026-03-20 12:09:34 | INFO | Successfully fetched 3 environment(s) from API
2026-03-20 12:09:34 | INFO | Created new scorecard: ca7af000-9d82-4493-bf9a-1925cb1bf111
2026-03-20 12:09:35 | INFO | Successfully fetched metadata for game ls20
2026-03-20 12:09:35 | INFO | Successfully loaded game class Ls20 from environment_files\ls20\cb3b57cc\ls20.py
  s2: L1=0 L2=0 go=386 step=50000 cells=233 26s
    death_edges=126 total_deaths=386 filtered_steps=2959 full_fallback=5782

seed 3:
2026-03-20 12:10:01 | INFO | Got anonymous API key: cdaa4126-ad8d-4943-9eec-5dfeec594a00
2026-03-20 12:10:01 | INFO | You can register for an API key at https://three.arcprize.org
2026-03-20 12:10:01 | INFO | Successfully fetched 3 environment(s) from API
2026-03-20 12:10:01 | INFO | Created new scorecard: 6f0bdf66-f549-455b-8506-e006681ebbc3
2026-03-20 12:10:01 | INFO | Successfully fetched metadata for game ls20
2026-03-20 12:10:01 | INFO | Successfully loaded game class Ls20 from environment_files\ls20\cb3b57cc\ls20.py
  s3: L1=0 L2=0 go=47 step=50000 cells=92 43s
    death_edges=37 total_deaths=47 filtered_steps=44756 full_fallback=938

seed 4:
2026-03-20 12:10:45 | INFO | Got anonymous API key: b6bdb022-ca9f-4baa-845d-6533612e6aee
2026-03-20 12:10:45 | INFO | You can register for an API key at https://three.arcprize.org
2026-03-20 12:10:45 | INFO | Successfully fetched 3 environment(s) from API
2026-03-20 12:10:45 | INFO | Created new scorecard: 566bf746-1468-4556-ae6b-2f58af31ec69
2026-03-20 12:10:45 | INFO | Successfully fetched metadata for game ls20
2026-03-20 12:10:45 | INFO | Successfully loaded game class Ls20 from environment_files\ls20\cb3b57cc\ls20.py
  s4: L1=0 L2=0 go=386 step=50000 cells=319 25s
    death_edges=122 total_deaths=386 filtered_steps=950 full_fallback=3081

--- Argmin baseline ---

seed 0:
2026-03-20 12:11:11 | INFO | Got anonymous API key: cc845465-e027-46e9-84a5-7ddc0f4774a7
2026-03-20 12:11:11 | INFO | You can register for an API key at https://three.arcprize.org
2026-03-20 12:11:11 | INFO | Successfully fetched 3 environment(s) from API
2026-03-20 12:11:11 | INFO | Created new scorecard: 6950a616-166b-4e8d-864d-3e26aac32023
2026-03-20 12:11:12 | INFO | Successfully fetched metadata for game ls20
2026-03-20 12:11:12 | INFO | Successfully loaded game class Ls20 from environment_files\ls20\cb3b57cc\ls20.py
    s0 L1@9016
  s0: L1=1 L2=0 go=383 step=50000 cells=454 24s

seed 1:
2026-03-20 12:11:37 | INFO | Got anonymous API key: b7dafa86-538b-40df-b95c-58fa615539fb
2026-03-20 12:11:37 | INFO | You can register for an API key at https://three.arcprize.org
2026-03-20 12:11:37 | INFO | Successfully fetched 3 environment(s) from API
2026-03-20 12:11:37 | INFO | Created new scorecard: 8e0464ff-2201-40f9-b6a1-e88a1237a62a
2026-03-20 12:11:37 | INFO | Successfully fetched metadata for game ls20
2026-03-20 12:11:37 | INFO | Successfully loaded game class Ls20 from environment_files\ls20\cb3b57cc\ls20.py
    s1 L1@31819
  s1: L1=1 L2=0 go=385 step=50000 cells=352 26s

seed 2:
2026-03-20 12:12:03 | INFO | Got anonymous API key: 948480ba-e649-4d20-a772-3f0108d47ca5
2026-03-20 12:12:03 | INFO | You can register for an API key at https://three.arcprize.org
2026-03-20 12:12:03 | INFO | Successfully fetched 3 environment(s) from API
2026-03-20 12:12:03 | INFO | Created new scorecard: 76cdd6be-ff7a-408b-bef5-7cd74b00845e
2026-03-20 12:12:04 | INFO | Successfully fetched metadata for game ls20
2026-03-20 12:12:04 | INFO | Successfully loaded game class Ls20 from environment_files\ls20\cb3b57cc\ls20.py
  s2: L1=0 L2=0 go=386 step=50000 cells=244 27s

seed 3:
2026-03-20 12:12:31 | INFO | Got anonymous API key: 6bddc8c3-741f-4a32-8328-f85e4c31eaa1
2026-03-20 12:12:31 | INFO | You can register for an API key at https://three.arcprize.org
2026-03-20 12:12:31 | INFO | Successfully fetched 3 environment(s) from API
2026-03-20 12:12:31 | INFO | Created new scorecard: 7fa4f798-5c48-4661-836e-c34a45198908
2026-03-20 12:12:31 | INFO | Successfully fetched metadata for game ls20
2026-03-20 12:12:31 | INFO | Successfully loaded game class Ls20 from environment_files\ls20\cb3b57cc\ls20.py
    s3 L1@18070
  s3: L1=1 L2=0 go=384 step=50000 cells=174 25s

seed 4:
2026-03-20 12:12:56 | INFO | Got anonymous API key: 6d7fa3dc-7f5e-4c02-9932-291debeab11b
2026-03-20 12:12:56 | INFO | You can register for an API key at https://three.arcprize.org
2026-03-20 12:12:57 | INFO | Successfully fetched 3 environment(s) from API
2026-03-20 12:12:57 | INFO | Created new scorecard: d03fb680-e385-4fda-b696-fc94f63e85d4
2026-03-20 12:12:57 | INFO | Successfully fetched metadata for game ls20
2026-03-20 12:12:57 | INFO | Successfully loaded game class Ls20 from environment_files\ls20\cb3b57cc\ls20.py
  s4: L1=0 L2=0 go=386 step=50000 cells=323 26s

============================================================
Step 581b: Death-edge avoidance
  DeathAvoid: 2/5 seeds L1, total L1=2
    s0: L1=1 cells=428
    s1: L1=1 cells=322
    s2: L1=0 cells=233
    s3: L1=0 cells=92
    s4: L1=0 cells=319
  Argmin:     3/5 seeds L1, total L1=3
    s0: L1=1 cells=454
    s1: L1=1 cells=352
    s2: L1=0 cells=244
    s3: L1=1 cells=174
    s4: L1=0 cells=323

FAIL: death-avoid (2) < argmin (3)
