Step 110 -- Raw pixels (D=784, no projection), P-MNIST
N_TASKS=10, always-spawn, k=[1, 5], DEVICE=cuda
Baseline (Step 109 with proj): k=5→95.0%
  T0: train=0.0s eval=0.3s cb=6000 k5=95.4%
  T1: train=0.0s eval=0.1s cb=12000 k5=95.4%
  T2: train=0.0s eval=0.1s cb=18000 k5=95.5%
  T3: train=0.0s eval=0.2s cb=24000 k5=95.5%
  T4: train=0.0s eval=0.3s cb=30000 k5=95.4%
  T5: train=0.0s eval=0.4s cb=36000 k5=95.4%
  T6: train=0.0s eval=0.6s cb=42000 k5=95.4%
  T7: train=0.0s eval=0.7s cb=48000 k5=95.4%
  T8: train=0.0s eval=0.9s cb=54000 k5=95.4%
  T9: train=0.0s eval=1.1s cb=60000 k5=95.4%

========================================================================
STEP 110 FINAL -- Raw pixels, always-spawn
Compare: Step 109 (random proj D=384): k=1→86.2%, k=5→95.0%
========================================================================
  k=1: AA=94.7%  fgt=0.0pp
  k=5: AA=95.4%  fgt=0.0pp

Frozen frame audit:
  - Feature extractor: NONE (raw pixels)
  - Normalization: L2 (cosine = dot of L2-normalized)
  - Distance metric: cosine
  - k: [1, 5]

Elapsed: 6.8s
