======================================================================
STEP 1202 — CPGPolyrhythmicSubstrate
Substrate: B:\M\the-search\experiments\sub1201_defense_v85.py
======================================================================
2026-03-26 06:26:00 | INFO | Successfully fetched 25 environment(s) from API
[PRISM] Selected 3 games from 25 available (seed=None)
  GAME_2=***  GAME_3=***  GAME_4=***
Budget: 10000 steps/game, 10 seeds, randomized order

2026-03-26 06:26:00 | INFO | Successfully fetched 25 environment(s) from API
2026-03-26 06:26:00 | INFO | Created new scorecard: 315e015f-c013-421a-aaf1-3bba2b9ce1d6
2026-03-26 06:26:00 | INFO | Successfully fetched metadata for game cn04
2026-03-26 06:26:00 | INFO | Successfully loaded game class Cn04 from environment_files\cn04\65d47d14\cn04.py
2026-03-26 06:26:01 | INFO | Successfully fetched 25 environment(s) from API
2026-03-26 06:26:01 | INFO | Created new scorecard: f2cc9991-dbd0-4426-87d2-fa7a2148debc
2026-03-26 06:26:01 | INFO | Successfully fetched metadata for game sb26
2026-03-26 06:26:01 | INFO | Successfully loaded game class Sb26 from environment_files\sb26\7fbdac44\sb26.py
2026-03-26 06:26:11 | INFO | Successfully fetched 25 environment(s) from API
2026-03-26 06:26:11 | INFO | Created new scorecard: 5f9b522e-0a0a-40ef-970c-f1cbf4446e25
2026-03-26 06:26:12 | INFO | Successfully fetched metadata for game tr87
2026-03-26 06:26:12 | INFO | Successfully loaded game class Tr87 from environment_files\tr87\cd924810\tr87.py

======================================================================
STEP 1202 RESULTS:
  GAME_1: L1=100%  SOLVED=0%  max_lvl=0  ARC=0.0000  avg_t=0.1s
  GAME_2: L1=0%  SOLVED=0%  max_lvl=0  ARC=0.0000  avg_t=4.8s
  GAME_3: L1=0%  SOLVED=0%  max_lvl=0  ARC=0.0000  avg_t=1.3s
  GAME_4: L1=0%  SOLVED=0%  max_lvl=0  ARC=0.0000  avg_t=2.9s
  GAME_5: L1=100%  SOLVED=0%  max_lvl=0  ARC=0.0000  avg_t=0.1s
  Chain score: 2/5
  ARC Prize score: 0.0000 (human_baseline=50 actions/level)
  ** DEBATE FAIL: one or more games at 0% L1 (Jun directive 2026-03-25) **
  ** WIN CONDITION NOT MET: 100% ALL LEVELS required on ALL games **
  Chain kill verdict: PASS
    GAME_1: ++0% (100% → 100%)
    GAME_5: ++0% (100% → 100%)
  Results: [blind]
  Elapsed: 99.3s
STEP 1202 DONE
