Step 118 -- Random Fourier Features k-NN, CIFAR-100
N_TASKS=10, k=5, DEVICE=cuda
Baselines: raw=32.6%, random_128=31.6% (Steps 113/114)
Loading CIFAR-100...
/home/jun/csi-train/lib/python3.12/site-packages/torchvision/datasets/cifar.py:83: VisibleDeprecationWarning: dtype(): align should be passed as Python or NumPy boolean but got `align=0`. Did you mean to pass a tuple to create a subarray type? (Deprecated NumPy 2.4)
  entry = pickle.load(f, encoding="latin1")

============================================================
Condition 1: Raw pixel k-NN (d=3072)
============================================================
    T0: train=0.0s eval=0.1s cb=5000 aa=44.6%
    T1: train=0.0s eval=0.0s cb=10000 aa=32.6%
    T2: train=0.0s eval=0.0s cb=15000 aa=27.7%
    T3: train=0.0s eval=0.1s cb=20000 aa=24.7%
    T4: train=0.0s eval=0.1s cb=25000 aa=23.1%
    T5: train=0.0s eval=0.1s cb=30000 aa=22.0%
    T6: train=0.0s eval=0.2s cb=35000 aa=21.0%
    T7: train=0.0s eval=0.2s cb=40000 aa=19.8%
    T8: train=0.1s eval=0.3s cb=45000 aa=18.7%
    T9: train=0.0s eval=0.3s cb=50000 aa=17.9%

============================================================
Condition 2: Random linear proj (d=128)
============================================================
    T0: train=0.0s eval=0.0s cb=5000 aa=43.6%
    T1: train=0.0s eval=0.0s cb=10000 aa=31.6%
    T2: train=0.0s eval=0.0s cb=15000 aa=26.9%
    T3: train=0.0s eval=0.0s cb=20000 aa=23.3%
    T4: train=0.0s eval=0.1s cb=25000 aa=21.9%
    T5: train=0.0s eval=0.1s cb=30000 aa=20.9%
    T6: train=0.0s eval=0.1s cb=35000 aa=19.9%
    T7: train=0.0s eval=0.2s cb=40000 aa=18.7%
    T8: train=0.0s eval=0.2s cb=45000 aa=17.4%
    T9: train=0.0s eval=0.3s cb=50000 aa=16.8%

============================================================
RFF: d_feat=512 sigma=0.1
============================================================
    T0: train=0.0s eval=0.0s cb=5000 aa=19.3%
    T1: train=0.0s eval=0.0s cb=10000 aa=10.6%
    T2: train=0.0s eval=0.0s cb=15000 aa=11.9%
    T3: train=0.0s eval=0.0s cb=20000 aa=9.8%
    T4: train=0.0s eval=0.1s cb=25000 aa=9.1%
    T5: train=0.0s eval=0.1s cb=30000 aa=8.0%
    T6: train=0.0s eval=0.1s cb=35000 aa=8.2%
    T7: train=0.0s eval=0.2s cb=40000 aa=7.8%
    T8: train=0.0s eval=0.2s cb=45000 aa=7.1%
    T9: train=0.0s eval=0.3s cb=50000 aa=6.9%

============================================================
RFF: d_feat=512 sigma=1.0
============================================================
    T0: train=0.0s eval=0.0s cb=5000 aa=45.8%
    T1: train=0.0s eval=0.0s cb=10000 aa=32.3%
    T2: train=0.0s eval=0.0s cb=15000 aa=27.3%
    T3: train=0.0s eval=0.0s cb=20000 aa=23.5%
    T4: train=0.0s eval=0.1s cb=25000 aa=22.4%
    T5: train=0.0s eval=0.1s cb=30000 aa=21.3%
    T6: train=0.0s eval=0.1s cb=35000 aa=20.6%
    T7: train=0.0s eval=0.2s cb=40000 aa=19.5%
    T8: train=0.0s eval=0.2s cb=45000 aa=18.5%
    T9: train=0.0s eval=0.3s cb=50000 aa=17.6%

============================================================
RFF: d_feat=512 sigma=10.0
============================================================
    T0: train=0.0s eval=0.0s cb=5000 aa=45.1%
    T1: train=0.0s eval=0.0s cb=10000 aa=31.8%
    T2: train=0.0s eval=0.0s cb=15000 aa=27.8%
    T3: train=0.0s eval=0.0s cb=20000 aa=24.3%
    T4: train=0.0s eval=0.1s cb=25000 aa=22.8%
    T5: train=0.0s eval=0.1s cb=30000 aa=21.6%
    T6: train=0.0s eval=0.1s cb=35000 aa=20.6%
    T7: train=0.0s eval=0.2s cb=40000 aa=19.6%
    T8: train=0.0s eval=0.2s cb=45000 aa=18.5%
    T9: train=0.0s eval=0.3s cb=50000 aa=17.6%

============================================================
RFF: d_feat=1024 sigma=0.1
============================================================
    T0: train=0.0s eval=0.0s cb=5000 aa=22.4%
    T1: train=0.0s eval=0.0s cb=10000 aa=13.1%
    T2: train=0.0s eval=0.0s cb=15000 aa=13.4%
    T3: train=0.0s eval=0.0s cb=20000 aa=10.9%
    T4: train=0.0s eval=0.1s cb=25000 aa=10.3%
    T5: train=0.0s eval=0.1s cb=30000 aa=9.4%
    T6: train=0.0s eval=0.1s cb=35000 aa=9.7%
    T7: train=0.0s eval=0.2s cb=40000 aa=9.2%
    T8: train=0.0s eval=0.2s cb=45000 aa=8.5%
    T9: train=0.0s eval=0.3s cb=50000 aa=8.0%

============================================================
RFF: d_feat=1024 sigma=1.0
============================================================
    T0: train=0.0s eval=0.0s cb=5000 aa=44.7%
    T1: train=0.0s eval=0.0s cb=10000 aa=32.4%
    T2: train=0.0s eval=0.0s cb=15000 aa=27.8%
    T3: train=0.0s eval=0.0s cb=20000 aa=24.5%
    T4: train=0.0s eval=0.1s cb=25000 aa=23.4%
    T5: train=0.0s eval=0.1s cb=30000 aa=22.4%
    T6: train=0.0s eval=0.1s cb=35000 aa=21.4%
    T7: train=0.0s eval=0.2s cb=40000 aa=20.1%
    T8: train=0.0s eval=0.2s cb=45000 aa=19.0%
    T9: train=0.0s eval=0.3s cb=50000 aa=18.1%

============================================================
RFF: d_feat=1024 sigma=10.0
============================================================
    T0: train=0.0s eval=0.0s cb=5000 aa=46.1%
    T1: train=0.0s eval=0.0s cb=10000 aa=32.9%
    T2: train=0.0s eval=0.0s cb=15000 aa=28.0%
    T3: train=0.0s eval=0.0s cb=20000 aa=24.5%
    T4: train=0.0s eval=0.1s cb=25000 aa=23.2%
    T5: train=0.0s eval=0.1s cb=30000 aa=22.2%
    T6: train=0.0s eval=0.1s cb=35000 aa=21.1%
    T7: train=0.0s eval=0.2s cb=40000 aa=19.8%
    T8: train=0.0s eval=0.2s cb=45000 aa=18.8%
    T9: train=0.0s eval=0.3s cb=50000 aa=17.8%

============================================================
RFF: d_feat=2048 sigma=0.1
============================================================
    T0: train=0.0s eval=0.0s cb=5000 aa=23.2%
    T1: train=0.0s eval=0.0s cb=10000 aa=14.8%
    T2: train=0.0s eval=0.0s cb=15000 aa=14.9%
    T3: train=0.0s eval=0.0s cb=20000 aa=12.4%
    T4: train=0.0s eval=0.1s cb=25000 aa=12.0%
    T5: train=0.0s eval=0.1s cb=30000 aa=10.9%
    T6: train=0.0s eval=0.2s cb=35000 aa=10.9%
    T7: train=0.0s eval=0.2s cb=40000 aa=10.3%
    T8: train=0.0s eval=0.2s cb=45000 aa=9.6%
    T9: train=0.0s eval=0.3s cb=50000 aa=9.0%

============================================================
RFF: d_feat=2048 sigma=1.0
============================================================
    T0: train=0.0s eval=0.0s cb=5000 aa=45.8%
    T1: train=0.0s eval=0.0s cb=10000 aa=32.5%
    T2: train=0.0s eval=0.0s cb=15000 aa=28.3%
    T3: train=0.0s eval=0.1s cb=20000 aa=24.7%
    T4: train=0.0s eval=0.1s cb=25000 aa=23.3%
    T5: train=0.0s eval=0.1s cb=30000 aa=22.2%
    T6: train=0.0s eval=0.2s cb=35000 aa=21.2%
    T7: train=0.0s eval=0.2s cb=40000 aa=20.0%
    T8: train=0.0s eval=0.3s cb=45000 aa=18.9%
    T9: train=0.0s eval=0.3s cb=50000 aa=17.9%

============================================================
RFF: d_feat=2048 sigma=10.0
============================================================
    T0: train=0.0s eval=0.0s cb=5000 aa=45.7%
    T1: train=0.0s eval=0.0s cb=10000 aa=32.7%
    T2: train=0.0s eval=0.0s cb=15000 aa=28.2%
    T3: train=0.0s eval=0.1s cb=20000 aa=24.7%
    T4: train=0.0s eval=0.1s cb=25000 aa=23.3%
    T5: train=0.0s eval=0.1s cb=30000 aa=22.2%
    T6: train=0.0s eval=0.2s cb=35000 aa=21.0%
    T7: train=0.0s eval=0.2s cb=40000 aa=19.8%
    T8: train=0.0s eval=0.3s cb=45000 aa=18.8%
    T9: train=0.0s eval=0.3s cb=50000 aa=17.9%

============================================================
RFF: d_feat=4096 sigma=0.1
============================================================
    T0: train=0.0s eval=0.0s cb=5000 aa=24.1%
    T1: train=0.0s eval=0.0s cb=10000 aa=15.2%
    T2: train=0.0s eval=0.0s cb=15000 aa=16.1%
    T3: train=0.0s eval=0.1s cb=20000 aa=13.7%
    T4: train=0.0s eval=0.1s cb=25000 aa=12.7%
    T5: train=0.0s eval=0.1s cb=30000 aa=11.7%
    T6: train=0.0s eval=0.2s cb=35000 aa=11.8%
    T7: train=0.0s eval=0.2s cb=40000 aa=11.1%
    T8: train=0.0s eval=0.3s cb=45000 aa=10.4%
    T9: train=0.0s eval=0.4s cb=50000 aa=9.9%

============================================================
RFF: d_feat=4096 sigma=1.0
============================================================
    T0: train=0.0s eval=0.0s cb=5000 aa=44.5%
    T1: train=0.0s eval=0.0s cb=10000 aa=32.5%
    T2: train=0.0s eval=0.0s cb=15000 aa=27.7%
    T3: train=0.0s eval=0.1s cb=20000 aa=24.6%
    T4: train=0.0s eval=0.1s cb=25000 aa=23.3%
    T5: train=0.0s eval=0.1s cb=30000 aa=22.2%
    T6: train=0.0s eval=0.2s cb=35000 aa=21.0%
    T7: train=0.0s eval=0.2s cb=40000 aa=20.0%
    T8: train=0.0s eval=0.3s cb=45000 aa=18.8%
    T9: train=0.0s eval=0.4s cb=50000 aa=17.9%

============================================================
RFF: d_feat=4096 sigma=10.0
============================================================
    T0: train=0.0s eval=0.0s cb=5000 aa=44.7%
    T1: train=0.0s eval=0.0s cb=10000 aa=32.8%
    T2: train=0.0s eval=0.0s cb=15000 aa=27.9%
    T3: train=0.0s eval=0.1s cb=20000 aa=24.6%
    T4: train=0.0s eval=0.1s cb=25000 aa=23.4%
    T5: train=0.0s eval=0.1s cb=30000 aa=22.2%
    T6: train=0.0s eval=0.2s cb=35000 aa=21.2%
    T7: train=0.0s eval=0.2s cb=40000 aa=20.0%
    T8: train=0.0s eval=0.3s cb=45000 aa=18.9%
    T9: train=0.0s eval=0.4s cb=50000 aa=17.9%

========================================================================
STEP 118 FINAL -- RFF k-NN, CIFAR-100
========================================================================
  raw                       AA=17.9%  fgt=9.1pp
  random_128                AA=16.8%  fgt=8.8pp
  rff_d512_s0.1             AA=6.9%  fgt=2.9pp  delta=-11.0pp [DISPROVED]
  rff_d512_s1.0             AA=17.6%  fgt=9.2pp  delta=-0.2pp [DISPROVED]
  rff_d512_s10.0            AA=17.6%  fgt=9.2pp  delta=-0.3pp [DISPROVED]
  rff_d1024_s0.1            AA=8.0%  fgt=3.4pp  delta=-9.8pp [DISPROVED]
  rff_d1024_s1.0            AA=18.1%  fgt=9.4pp  delta=+0.2pp [PASSES]
  rff_d1024_s10.0           AA=17.8%  fgt=9.6pp  delta=-0.0pp [DISPROVED]
  rff_d2048_s0.1            AA=9.0%  fgt=3.8pp  delta=-8.8pp [DISPROVED]
  rff_d2048_s1.0            AA=17.9%  fgt=9.4pp  delta=+0.1pp [PASSES]
  rff_d2048_s10.0           AA=17.9%  fgt=9.5pp  delta=+0.0pp [PASSES]
  rff_d4096_s0.1            AA=9.9%  fgt=3.8pp  delta=-8.0pp [DISPROVED]
  rff_d4096_s1.0            AA=17.9%  fgt=9.2pp  delta=+0.1pp [PASSES]
  rff_d4096_s10.0           AA=17.9%  fgt=9.1pp  delta=+0.1pp [PASSES]

  OVERALL: PROVES
  Best RFF: rff_d1024_s1.0 -> 18.1% (delta=+0.2pp vs raw)

Elapsed: 23.8s
