Step 104 -- Accumulated Outer Product, P-MNIST
N_TASKS=10, D_OUT=384, DEVICE=cuda
Baselines: fold=56.7%, 1-NN=86.8%, top-k(5)=91.8%
Kill: AA <= 30%

============================================================
AccumulatedOP (count-normalized + raw)
============================================================
  T0: train=0.5s eval=0.0s norm=74.0% raw=74.0%
  T1: train=0.4s eval=0.0s norm=70.8% raw=70.8%
  T2: train=0.4s eval=0.1s norm=67.1% raw=67.1%
  T3: train=0.4s eval=0.1s norm=57.8% raw=57.8%
  T4: train=0.4s eval=0.1s norm=54.3% raw=54.3%
  T5: train=0.4s eval=0.1s norm=49.3% raw=49.3%
  T6: train=0.4s eval=0.1s norm=40.5% raw=40.5%
  T7: train=0.4s eval=0.2s norm=36.6% raw=36.6%
  T8: train=0.4s eval=0.2s norm=33.2% raw=33.2%
  T9: train=0.4s eval=0.2s norm=30.0% raw=30.0%

============================================================
EMA substrate alpha=0.001
============================================================
  T0: train=0.5s eval=0.0s aa=73.9%
  T1: train=0.5s eval=0.0s aa=67.7%
  T2: train=0.5s eval=0.1s aa=58.4%
  T3: train=0.5s eval=0.1s aa=47.9%
  T4: train=0.5s eval=0.1s aa=43.9%
  T5: train=0.5s eval=0.1s aa=40.1%
  T6: train=0.5s eval=0.2s aa=34.3%
  T7: train=0.5s eval=0.2s aa=28.9%
  T8: train=0.5s eval=0.2s aa=27.5%
  T9: train=0.5s eval=0.2s aa=24.8%

============================================================
EMA substrate alpha=0.01
============================================================
  T0: train=0.5s eval=0.0s aa=72.2%
  T1: train=0.5s eval=0.0s aa=43.0%
  T2: train=0.5s eval=0.1s aa=31.9%
  T3: train=0.5s eval=0.1s aa=27.0%
  T4: train=0.5s eval=0.1s aa=25.4%
  T5: train=0.5s eval=0.1s aa=21.3%
  T6: train=0.5s eval=0.2s aa=19.5%
  T7: train=0.5s eval=0.2s aa=17.8%
  T8: train=0.5s eval=0.2s aa=17.3%
  T9: train=0.5s eval=0.2s aa=16.7%

============================================================
EMA substrate alpha=0.1
============================================================
  T0: train=0.5s eval=0.0s aa=69.4%
  T1: train=0.5s eval=0.0s aa=42.0%
  T2: train=0.5s eval=0.1s aa=31.3%
  T3: train=0.5s eval=0.1s aa=26.4%
  T4: train=0.5s eval=0.1s aa=24.4%
  T5: train=0.5s eval=0.1s aa=20.9%
  T6: train=0.5s eval=0.1s aa=18.7%
  T7: train=0.5s eval=0.2s aa=17.8%
  T8: train=0.5s eval=0.2s aa=17.4%
  T9: train=0.5s eval=0.2s aa=16.4%

========================================================================
STEP 104 FINAL SUMMARY -- Accumulated Outer Product
Baselines: fold=56.7%, 1-NN=86.8%, top-k(5)=91.8%
Kill: AA <= 30%
========================================================================
  variant                    AA      fgt  verdict
------------------------------------------------------------
  aop_norm                30.0%    22.5pp  WEAK (< fold)
  aop_raw                 30.0%    22.5pp  WEAK (< fold)
  ema_0.001               24.8%    53.1pp  DISPROVED
  ema_0.01                16.7%    64.0pp  DISPROVED
  ema_0.1                 16.4%    60.5pp  DISPROVED

Elapsed: 24.5s
