======================================================================
STEP 1178 — PatientHoldSubstrate
Substrate: B:\M\the-search\experiments\sub1177_defense_v77.py
======================================================================
2026-03-26 05:03:04 | INFO | Successfully fetched 25 environment(s) from API
[PRISM] Selected 3 games from 25 available (seed=None)
  GAME_2=***  GAME_3=***  GAME_4=***
Budget: 10000 steps/game, 10 seeds, randomized order

2026-03-26 05:03:04 | INFO | Successfully fetched 25 environment(s) from API
2026-03-26 05:03:04 | INFO | Created new scorecard: b3290610-9303-4af1-bd28-6cc5c724ce42
2026-03-26 05:03:05 | INFO | Successfully fetched metadata for game tr87
2026-03-26 05:03:05 | INFO | Successfully loaded game class Tr87 from environment_files\tr87\cd924810\tr87.py
2026-03-26 05:03:08 | INFO | Successfully fetched 25 environment(s) from API
2026-03-26 05:03:08 | INFO | Created new scorecard: c0ebb01d-0b53-4b1e-982e-968ac77cb930
2026-03-26 05:03:08 | INFO | Successfully fetched metadata for game cn04
2026-03-26 05:03:08 | INFO | Successfully loaded game class Cn04 from environment_files\cn04\65d47d14\cn04.py
2026-03-26 05:03:13 | INFO | Successfully fetched 25 environment(s) from API
2026-03-26 05:03:13 | INFO | Created new scorecard: 701df96e-3966-44da-ab7f-a5bda8834958
2026-03-26 05:03:13 | INFO | Successfully fetched metadata for game ar25
2026-03-26 05:03:13 | INFO | Successfully loaded game class Ar25 from environment_files\ar25\e3c63847\ar25.py

======================================================================
STEP 1178 RESULTS:
  GAME_1: L1=100%  SOLVED=0%  max_lvl=0  ARC=0.0000  avg_t=0.0s
  GAME_2: L1=0%  SOLVED=0%  max_lvl=0  ARC=0.0000  avg_t=2.3s
  GAME_3: L1=0%  SOLVED=0%  max_lvl=0  ARC=0.0000  avg_t=3.1s
  GAME_4: L1=0%  SOLVED=0%  max_lvl=0  ARC=0.0000  avg_t=0.7s
  GAME_5: L1=100%  SOLVED=0%  max_lvl=0  ARC=0.0000  avg_t=0.0s
  Chain score: 2/5
  ARC Prize score: 0.0000 (human_baseline=50 actions/level)
  ** DEBATE FAIL: one or more games at 0% L1 (Jun directive 2026-03-25) **
  ** WIN CONDITION NOT MET: 100% ALL LEVELS required on ALL games **
  Chain kill verdict: PASS
    GAME_1: ++0% (100% → 100%)
    GAME_5: ++0% (100% → 100%)
  Results: [blind]
  Elapsed: 69.8s
STEP 1178 DONE
