Step 101 -- Spawn-Only (lr=0), P-MNIST
N_TASKS=10, D_OUT=384, DEVICE=cuda
Config: lr=0 (spawn-only), spawn_thresh=0.7
k_vote sweep: [1, 3, 5, 10]
Compare: Step 99 (lr=0.001) k=3 91.8% AA, 0.0pp forgetting

Loading MNIST...
Pre-embedding test sets...
  Done: 10 tasks x 10000 samples

=== Task 0 ===
  cb: 0->978 (+978)
  Train: 1.4s
  Eval (1 tasks): 0.1s
  Peek: k=1=87.9% k=3=92.6% k=10=86.4%

=== Task 1 ===
  cb: 978->1806 (+828)
  Train: 1.4s
  Eval (2 tasks): 0.1s
  Peek: k=1=85.7% k=3=90.8% k=10=87.1%

=== Task 2 ===
  cb: 1806->2675 (+869)
  Train: 1.5s
  Eval (3 tasks): 0.1s
  Peek: k=1=86.6% k=3=92.9% k=10=92.0%

=== Task 3 ===
  cb: 2675->3555 (+880)
  Train: 1.5s
  Eval (4 tasks): 0.1s
  Peek: k=1=87.8% k=3=91.8% k=10=89.0%

=== Task 4 ===
  cb: 3555->4414 (+859)
  Train: 1.7s
  Eval (5 tasks): 0.2s
  Peek: k=1=86.5% k=3=91.5% k=10=88.1%

=== Task 5 ===
  cb: 4414->5450 (+1036)
  Train: 1.7s
  Eval (6 tasks): 0.3s
  Peek: k=1=88.3% k=3=92.7% k=10=91.6%

=== Task 6 ===
  cb: 5450->6247 (+797)
  Train: 1.8s
  Eval (7 tasks): 0.3s
  Peek: k=1=86.6% k=3=91.4% k=10=87.5%

=== Task 7 ===
  cb: 6247->7085 (+838)
  Train: 1.7s
  Eval (8 tasks): 0.4s
  Peek: k=1=86.5% k=3=91.3% k=10=85.8%

=== Task 8 ===
  cb: 7085->7924 (+839)
  Train: 1.8s
  Eval (9 tasks): 0.4s
  Peek: k=1=86.2% k=3=91.1% k=10=85.6%

=== Task 9 ===
  cb: 7924->8721 (+797)
  Train: 1.9s
  Eval (10 tasks): 0.6s
  Peek: k=1=85.7% k=3=91.2% k=10=86.7%

======================================================================
STEP 101 SUMMARY -- Spawn-Only P-MNIST
N_TASKS=10, lr=0, sp=0.7, DEVICE=cuda
======================================================================

   k |      AA  Forgetting |   vs k=1
----------------------------------------
   1 |   86.8%        0.0pp |    +0.0pp <-- 1-NN baseline
   3 |   91.7%        0.0pp |    +4.9pp
   5 |   91.8%        0.0pp |    +5.0pp
  10 |   88.0%        0.0pp |    +1.2pp

Final codebook size: 8721
Total spawned: 8721

Step 99 comparison (lr=0.001): k=3 91.8% AA, 0.0pp forgetting
Baseline (fold Step 65): 56.7% AA, 0.0pp forgetting
1-NN (lr=0): 86.8% AA
vs fold baseline (56.7%): +30.1pp

VERDICT:
  Best top-k (k=5): 91.8%
  Forgetting (k=5): 0.0pp
  vs Step 99 best (91.8%): +0.0pp

Elapsed: 21.3s
