Step 117 -- Adaptive k, P-MNIST raw pixels
N_TASKS=10, DEVICE=cuda
Baseline: k=5 → 95.4% (Step 110)

==================================================
Fixed k=1
==================================================
    T0: cb=6000 aa=94.5%
    T1: cb=12000 aa=94.6%
    T2: cb=18000 aa=94.7%
    T3: cb=24000 aa=94.7%
    T4: cb=30000 aa=94.7%
    T5: cb=36000 aa=94.7%
    T6: cb=42000 aa=94.7%
    T7: cb=48000 aa=94.7%
    T8: cb=54000 aa=94.7%
    T9: cb=60000 aa=94.7%

==================================================
Fixed k=5
==================================================
    T0: cb=6000 aa=95.4%
    T1: cb=12000 aa=95.4%
    T2: cb=18000 aa=95.5%
    T3: cb=24000 aa=95.5%
    T4: cb=30000 aa=95.4%
    T5: cb=36000 aa=95.4%
    T6: cb=42000 aa=95.4%
    T7: cb=48000 aa=95.4%
    T8: cb=54000 aa=95.4%
    T9: cb=60000 aa=95.4%

==================================================
Fixed k=10
==================================================
    T0: cb=6000 aa=95.1%
    T1: cb=12000 aa=95.0%
    T2: cb=18000 aa=95.0%
    T3: cb=24000 aa=95.0%
    T4: cb=30000 aa=95.0%
    T5: cb=36000 aa=95.0%
    T6: cb=42000 aa=95.0%
    T7: cb=48000 aa=95.0%
    T8: cb=54000 aa=95.0%
    T9: cb=60000 aa=95.0%

==================================================
Fixed k=20
==================================================
    T0: cb=6000 aa=94.3%
    T1: cb=12000 aa=94.3%
    T2: cb=18000 aa=94.3%
    T3: cb=24000 aa=94.3%
    T4: cb=30000 aa=94.3%
    T5: cb=36000 aa=94.3%
    T6: cb=42000 aa=94.3%
    T7: cb=48000 aa=94.4%
    T8: cb=54000 aa=94.3%
    T9: cb=60000 aa=94.3%

==================================================
Adaptive k (density threshold=0.5)
==================================================
    T0: cb=6000 aa=94.3%
    T1: cb=12000 aa=94.3%
    T2: cb=18000 aa=94.4%
    T3: cb=24000 aa=94.4%
    T4: cb=30000 aa=94.4%
    T5: cb=36000 aa=94.4%
    T6: cb=42000 aa=94.4%
    T7: cb=48000 aa=94.4%
    T8: cb=54000 aa=94.4%
    T9: cb=60000 aa=94.3%

========================================================================
STEP 117 FINAL -- Adaptive k, P-MNIST
========================================================================
  k1           AA=94.7%  fgt=0.0pp
  k5           AA=95.4%  fgt=0.0pp
  k10          AA=95.0%  fgt=0.0pp
  k20          AA=94.3%  fgt=0.0pp
  adaptive     AA=94.3%  fgt=0.0pp  delta_vs_best_fixed=-1.0pp [DISPROVED]

  k distribution (adaptive, 550000 decisions):
    k=1: 0.0%
    k=2: 0.0%
    k=3: 0.0%
    k=4: 0.0%
    k=5: 0.1%
    k=6: 0.1%
    k=7: 0.1%
    k=8: 0.1%
    k=9: 0.1%
    k=10: 0.1%
    k=11: 0.1%
    k=12: 0.1%
    k=13: 0.1%
    k=14: 0.1%
    k=15: 0.1%
    k=16: 0.2%
    k=17: 0.2%
    k=18: 0.2%
    k=19: 0.1%
    k=20: 98.2%

Elapsed: 1598.5s
