======================================================================
STEP 1147 — StateConditionedSubstrate
Substrate: B:\M\the-search\experiments\sub1146_defense_v56.py
======================================================================
2026-03-26 02:07:40 | INFO | Successfully fetched 25 environment(s) from API
[PRISM] Selected 3 games from 25 available (seed=None)
  GAME_2=***  GAME_3=***  GAME_4=***
Budget: 10000 steps/game, 10 seeds, randomized order

2026-03-26 02:07:40 | INFO | Successfully fetched 25 environment(s) from API
2026-03-26 02:07:40 | INFO | Created new scorecard: 2f232fd1-0839-434f-8dc3-6cf82d693fbc
2026-03-26 02:07:41 | INFO | Successfully fetched metadata for game ls20
2026-03-26 02:07:41 | INFO | Successfully loaded game class Ls20 from environment_files\ls20\9607627b\ls20.py
2026-03-26 02:07:53 | INFO | Successfully fetched 25 environment(s) from API
2026-03-26 02:07:53 | INFO | Created new scorecard: 8e7e5fe0-8c17-4b87-8030-fa88b0f3889f
2026-03-26 02:07:53 | INFO | Successfully fetched metadata for game ft09
2026-03-26 02:07:53 | INFO | Successfully loaded game class Ft09 from environment_files\ft09\0d8bbf25\ft09.py
2026-03-26 02:08:00 | INFO | Successfully fetched 25 environment(s) from API
2026-03-26 02:08:00 | INFO | Created new scorecard: e5e26031-eba5-4ec8-881d-c6708eac6d7c
2026-03-26 02:08:00 | INFO | Successfully fetched metadata for game sc25
2026-03-26 02:08:00 | INFO | Successfully loaded game class Sc25 from environment_files\sc25\f9b21a2f\sc25.py

======================================================================
STEP 1147 RESULTS:
  GAME_1: L1=100%  SOLVED=0%  max_lvl=0  ARC=0.0000  avg_t=0.1s
  GAME_2: L1=0%  SOLVED=0%  max_lvl=0  ARC=0.0000  avg_t=7.7s
  GAME_3: L1=0%  SOLVED=0%  max_lvl=0  ARC=0.0000  avg_t=15.9s
  GAME_4: L1=0%  SOLVED=0%  max_lvl=0  ARC=0.0000  avg_t=3.0s
  GAME_5: L1=100%  SOLVED=0%  max_lvl=0  ARC=0.0000  avg_t=0.1s
  Chain score: 2/5
  ARC Prize score: 0.0000 (human_baseline=50 actions/level)
  ** DEBATE FAIL: one or more games at 0% L1 (Jun directive 2026-03-25) **
  ** WIN CONDITION NOT MET: 100% ALL LEVELS required on ALL games **
  Chain kill verdict: FAIL
    GAME_1: ++0% (100% → 100%)
    GAME_3: -100% (100% → 0%)
    GAME_4: ++0% (0% → 0%)
    GAME_5: ++0% (100% → 100%)
  Results: [blind]
  Elapsed: 275.1s
STEP 1147 DONE
