Step 102 -- Self-Routing Codebook, P-MNIST
N_TASKS=10, D_OUT=384, DEVICE=cuda
sp=0.7, lr=0 (gates only), gate_lr sweep: [0.001, 0.01, 0.1]
Classifiers: gated, topk(k=5), 1-NN
Kill: gated <= topk(5) OR gate std < 0.01

Loading MNIST...
Pre-embedding test sets...
  Done: 10 tasks x 10000 samples

=================================================================
CONFIG: gate_lr=0.001, lr=0, sp=0.7
=================================================================

--- Task 0 ---
  cb: 0->978 (+978)
  Train: 1.9s
  Eval (1 tasks): 0.2s
  Peek: gated=25.4% topk=90.8% 1nn=87.9%

--- Task 1 ---
  cb: 978->1806 (+828)
  Train: 1.9s
  Eval (2 tasks): 0.0s
  Peek: gated=17.5% topk=91.1% 1nn=85.7%

--- Task 2 ---
  cb: 1806->2675 (+869)
  Train: 1.8s
  Eval (3 tasks): 0.0s
  Peek: gated=18.1% topk=93.6% 1nn=86.6%

--- Task 3 ---
  cb: 2675->3555 (+880)
  Train: 2.1s
  Eval (4 tasks): 0.2s
  Peek: gated=15.3% topk=91.7% 1nn=87.8%

--- Task 4 ---
  cb: 3555->4414 (+859)
  Train: 1.9s
  Eval (5 tasks): 0.1s
  Peek: gated=16.7% topk=92.4% 1nn=86.5%

--- Task 5 ---
  cb: 4414->5450 (+1036)
  Train: 1.8s
  Eval (6 tasks): 0.1s
  Peek: gated=17.9% topk=93.5% 1nn=88.3%

--- Task 6 ---
  cb: 5450->6247 (+797)
  Train: 1.9s
  Eval (7 tasks): 0.1s
  Peek: gated=13.3% topk=91.6% 1nn=86.6%

--- Task 7 ---
  cb: 6247->7085 (+838)
  Train: 1.9s
  Eval (8 tasks): 0.3s
  Peek: gated=12.0% topk=91.6% 1nn=86.5%

--- Task 8 ---
  cb: 7085->7924 (+839)
  Train: 1.8s
  Eval (9 tasks): 0.1s
  Peek: gated=13.2% topk=90.4% 1nn=86.2%

--- Task 9 ---
  cb: 7924->8721 (+797)
  Train: 1.8s
  Eval (10 tasks): 0.2s
  Peek: gated=17.0% topk=91.6% 1nn=85.7%

  RESULT gate_lr=0.001:
                    AA  Forgetting
  gated          15.4%        2.1pp
  topk(k=5)      91.8%        0.0pp
  1-NN           86.8%        0.0pp
  gated vs topk: -76.4pp
  Gate stats: mean=1.004 std=0.012 min=0.970 max=1.205
  Gates > 1.5: 0  Gates < 0.3: 0  CB size: 8721
  Kill: DISPROVED  Gates: STRUCTURED

=================================================================
CONFIG: gate_lr=0.01, lr=0, sp=0.7
=================================================================

--- Task 0 ---
  cb: 0->978 (+978)
  Train: 1.8s
  Eval (1 tasks): 0.0s
  Peek: gated=26.3% topk=90.8% 1nn=87.9%

--- Task 1 ---
  cb: 978->1806 (+828)
  Train: 1.9s
  Eval (2 tasks): 0.0s
  Peek: gated=17.7% topk=91.1% 1nn=85.7%

--- Task 2 ---
  cb: 1806->2675 (+869)
  Train: 2.1s
  Eval (3 tasks): 0.1s
  Peek: gated=18.1% topk=93.6% 1nn=86.6%

--- Task 3 ---
  cb: 2675->3555 (+880)
  Train: 2.2s
  Eval (4 tasks): 0.2s
  Peek: gated=15.3% topk=91.7% 1nn=87.8%

--- Task 4 ---
  cb: 3555->4414 (+859)
  Train: 1.9s
  Eval (5 tasks): 0.2s
  Peek: gated=16.7% topk=92.4% 1nn=86.5%

--- Task 5 ---
  cb: 4414->5450 (+1036)
  Train: 1.8s
  Eval (6 tasks): 0.1s
  Peek: gated=18.0% topk=93.5% 1nn=88.3%

--- Task 6 ---
  cb: 5450->6247 (+797)
  Train: 1.9s
  Eval (7 tasks): 0.1s
  Peek: gated=13.2% topk=91.6% 1nn=86.6%

--- Task 7 ---
  cb: 6247->7085 (+838)
  Train: 1.9s
  Eval (8 tasks): 0.3s
  Peek: gated=11.9% topk=91.6% 1nn=86.5%

--- Task 8 ---
  cb: 7085->7924 (+839)
  Train: 1.8s
  Eval (9 tasks): 0.1s
  Peek: gated=12.8% topk=90.4% 1nn=86.2%

--- Task 9 ---
  cb: 7924->8721 (+797)
  Train: 1.8s
  Eval (10 tasks): 0.2s
  Peek: gated=17.1% topk=91.6% 1nn=85.7%

  RESULT gate_lr=0.01:
                    AA  Forgetting
  gated          15.3%        2.3pp
  topk(k=5)      91.8%        0.0pp
  1-NN           86.8%        0.0pp
  gated vs topk: -76.5pp
  Gate stats: mean=1.043 std=0.105 min=0.700 max=2.000
  Gates > 1.5: 102  Gates < 0.3: 0  CB size: 8721
  Kill: DISPROVED  Gates: STRUCTURED

=================================================================
CONFIG: gate_lr=0.1, lr=0, sp=0.7
=================================================================

--- Task 0 ---
  cb: 0->978 (+978)
  Train: 1.8s
  Eval (1 tasks): 0.0s
  Peek: gated=30.3% topk=90.8% 1nn=87.9%

--- Task 1 ---
  cb: 978->1806 (+828)
  Train: 1.9s
  Eval (2 tasks): 0.0s
  Peek: gated=17.8% topk=91.1% 1nn=85.7%

--- Task 2 ---
  cb: 1806->2675 (+869)
  Train: 2.2s
  Eval (3 tasks): 0.1s
  Peek: gated=17.4% topk=93.6% 1nn=86.6%

--- Task 3 ---
  cb: 2675->3555 (+880)
  Train: 2.2s
  Eval (4 tasks): 0.2s
  Peek: gated=14.3% topk=91.7% 1nn=87.8%

--- Task 4 ---
  cb: 3555->4414 (+859)
  Train: 2.2s
  Eval (5 tasks): 0.2s
  Peek: gated=16.1% topk=92.4% 1nn=86.5%

--- Task 5 ---
  cb: 4414->5450 (+1036)
  Train: 1.9s
  Eval (6 tasks): 0.1s
  Peek: gated=17.1% topk=93.5% 1nn=88.3%

--- Task 6 ---
  cb: 5450->6247 (+797)
  Train: 2.0s
  Eval (7 tasks): 0.3s
  Peek: gated=12.2% topk=91.6% 1nn=86.6%

--- Task 7 ---
  cb: 6247->7085 (+838)
  Train: 1.8s
  Eval (8 tasks): 0.1s
  Peek: gated=11.4% topk=91.6% 1nn=86.5%

--- Task 8 ---
  cb: 7085->7924 (+839)
  Train: 1.9s
  Eval (9 tasks): 0.2s
  Peek: gated=11.6% topk=90.4% 1nn=86.2%

--- Task 9 ---
  cb: 7924->8721 (+797)
  Train: 1.9s
  Eval (10 tasks): 0.2s
  Peek: gated=16.8% topk=91.6% 1nn=85.7%

  RESULT gate_lr=0.1:
                    AA  Forgetting
  gated          14.2%        3.1pp
  topk(k=5)      91.8%        0.0pp
  1-NN           86.8%        0.0pp
  gated vs topk: -77.6pp
  Gate stats: mean=1.250 std=0.357 min=0.100 max=2.000
  Gates > 1.5: 2012  Gates < 0.3: 22  CB size: 8721
  Kill: DISPROVED  Gates: STRUCTURED

======================================================================
STEP 102 FINAL SUMMARY -- Self-Routing Codebook
Step 99 bar: topk(5)=91.8%, 1-NN=86.8%, forgetting=0.0pp
======================================================================

  gate_lr |  gated AA    fgt |  topk AA    fgt |  vs topk |  gate std |      verdict
------------------------------------------------------------------------------------------
    0.001 |     15.4%   2.1pp |    91.8%   0.0pp |   -76.4pp |    0.0122 |    DISPROVED
     0.01 |     15.3%   2.3pp |    91.8%   0.0pp |   -76.5pp |    0.1053 |    DISPROVED
      0.1 |     14.2%   3.1pp |    91.8%   0.0pp |   -77.6pp |    0.3567 |    DISPROVED

VERDICT: DISPROVED -- gated readout does not beat top-k on any config

Elapsed: 64.1s
