Step 112 -- Retrieval-Driven Projection, P-MNIST
N_TASKS=2, k=5, DEVICE=cuda, reproject=lazy
Baseline (Step 110/111 k-NN): 95.4% AA
Kill: AA <= 95.4%

============================================================
Run: proj_lr=0.0
============================================================
    T0: train=1.2s eval=0.2s cb=6000 aa=95.4%
    T1: train=1.6s eval=0.1s cb=12000 aa=95.4%

============================================================
Run: proj_lr=0.0001
============================================================
    T0: train=19.5s eval=0.1s cb=6000 aa=95.5%
    T1: train=19.3s eval=0.1s cb=12000 aa=95.4%

============================================================
Run: proj_lr=0.001
============================================================
    T0: train=18.4s eval=0.1s cb=6000 aa=93.9%
    T1: train=19.6s eval=0.1s cb=12000 aa=94.1%

============================================================
Run: proj_lr=0.01
============================================================
    T0: train=21.4s eval=0.1s cb=6000 aa=92.1%
    T1: train=19.4s eval=0.1s cb=12000 aa=92.5%

========================================================================
STEP 112 FINAL -- Retrieval-Driven Projection
Baseline (Step 110/111 k-NN): AA=95.4%
========================================================================
  proj_lr=0.0            AA=95.4%  fgt=0.0pp  delta=-0.0pp  [DISPROVED]
  proj_lr=0.0001         AA=95.4%  fgt=0.0pp  delta=+0.0pp  [PASSES]
  proj_lr=0.001          AA=94.1%  fgt=0.0pp  delta=-1.3pp  [DISPROVED]
  proj_lr=0.01           AA=92.5%  fgt=0.0pp  delta=-2.9pp  [DISPROVED]

  OVERALL: PASSES (best: proj_lr=0.0001 → 95.4%)

Elapsed: 123.2s
