======================================================================
STEP 1196 — AntiCorrelatedPairSubstrate
Substrate: B:\M\the-search\experiments\sub1195_defense_v83.py
======================================================================
2026-03-26 05:58:33 | INFO | Successfully fetched 25 environment(s) from API
[PRISM] Selected 3 games from 25 available (seed=None)
  GAME_2=***  GAME_3=***  GAME_4=***
Budget: 10000 steps/game, 10 seeds, randomized order

2026-03-26 05:58:34 | INFO | Successfully fetched 25 environment(s) from API
2026-03-26 05:58:34 | INFO | Created new scorecard: 32704f37-2fa4-486b-8653-762efb8240bc
2026-03-26 05:58:34 | INFO | Successfully fetched metadata for game vc33
2026-03-26 05:58:34 | INFO | Successfully loaded game class Vc33 from environment_files\vc33\9851e02b\vc33.py
2026-03-26 05:58:36 | INFO | Successfully fetched 25 environment(s) from API
2026-03-26 05:58:36 | INFO | Created new scorecard: 521381e8-f978-4faa-91b3-63a151a506be
2026-03-26 05:58:36 | INFO | Successfully fetched metadata for game sb26
2026-03-26 05:58:36 | INFO | Successfully loaded game class Sb26 from environment_files\sb26\7fbdac44\sb26.py
2026-03-26 05:58:45 | INFO | Successfully fetched 25 environment(s) from API
2026-03-26 05:58:45 | INFO | Created new scorecard: b212786c-06c2-4ea5-bf35-0ae4522b5a6a
2026-03-26 05:58:45 | INFO | Successfully fetched metadata for game sk48
2026-03-26 05:58:45 | INFO | Successfully loaded game class Sk48 from environment_files\sk48\41055498\sk48.py
2026-03-26 05:59:30 | INFO | Successfully fetched metadata for game vc33
2026-03-26 05:59:30 | INFO | Successfully loaded game class Vc33 from environment_files\vc33\9851e02b\vc33.py
2026-03-26 05:59:38 | INFO | Successfully fetched metadata for game vc33
2026-03-26 05:59:38 | INFO | Successfully loaded game class Vc33 from environment_files\vc33\9851e02b\vc33.py
2026-03-26 05:59:38 | INFO | Successfully fetched metadata for game vc33
2026-03-26 05:59:38 | INFO | Successfully loaded game class Vc33 from environment_files\vc33\9851e02b\vc33.py
2026-03-26 05:59:38 | INFO | Successfully fetched metadata for game vc33
2026-03-26 05:59:38 | INFO | Successfully loaded game class Vc33 from environment_files\vc33\9851e02b\vc33.py
2026-03-26 05:59:39 | INFO | Successfully fetched metadata for game vc33
2026-03-26 05:59:39 | INFO | Successfully loaded game class Vc33 from environment_files\vc33\9851e02b\vc33.py
2026-03-26 05:59:40 | INFO | Successfully fetched metadata for game vc33
2026-03-26 05:59:40 | INFO | Successfully loaded game class Vc33 from environment_files\vc33\9851e02b\vc33.py
2026-03-26 05:59:40 | INFO | Successfully fetched metadata for game vc33
2026-03-26 05:59:40 | INFO | Successfully loaded game class Vc33 from environment_files\vc33\9851e02b\vc33.py
2026-03-26 05:59:44 | INFO | Successfully fetched metadata for game vc33
2026-03-26 05:59:44 | INFO | Successfully loaded game class Vc33 from environment_files\vc33\9851e02b\vc33.py

======================================================================
STEP 1196 RESULTS:
  GAME_1: L1=100%  SOLVED=0%  max_lvl=0  ARC=0.0000  avg_t=0.1s
  GAME_2: L1=0%  SOLVED=0%  max_lvl=0  ARC=0.0000  avg_t=2.2s
  GAME_3: L1=30%  SOLVED=30%  max_lvl=1  ARC=0.0033  avg_t=2.7s
  GAME_4: L1=0%  SOLVED=0%  max_lvl=0  ARC=0.0000  avg_t=2.4s
  GAME_5: L1=100%  SOLVED=0%  max_lvl=0  ARC=0.0000  avg_t=0.1s
  Chain score: 3/5
  ARC Prize score: 0.0007 (human_baseline=50 actions/level)
  ** DEBATE FAIL: one or more games at 0% L1 (Jun directive 2026-03-25) **
  ** WIN CONDITION NOT MET: 100% ALL LEVELS required on ALL games **
  Chain kill verdict: PASS
    GAME_1: ++0% (100% → 100%)
    GAME_3: ++30% (0% → 30%)
    GAME_5: ++0% (100% → 100%)
  Results: [blind]
  Elapsed: 82.1s
STEP 1196 DONE
