Step 101 -- Spawn-Only Codebook (lr=0), CIFAR-100
N_TASKS=10, CLASSES_TASK=10, DEVICE=cuda
Config: lr=0 (spawn-only), spawn_thresh=0.95
k_vote sweep: [1, 3, 5, 10]
Compare: Step 100b (lr=0.001) k=5 38.3% AA, 11.6pp forgetting

Loading ResNet-18 features from /mnt/c/Users/Admin/cifar100_resnet18_features.npz...
  Train: 50000, Test: 10000, D=512
  Task 0: classes 0-9, train=5000, test=1000
  Task 1: classes 10-19, train=5000, test=1000
  Task 2: classes 20-29, train=5000, test=1000
  Task 3: classes 30-39, train=5000, test=1000
  Task 4: classes 40-49, train=5000, test=1000
  Task 5: classes 50-59, train=5000, test=1000
  Task 6: classes 60-69, train=5000, test=1000
  Task 7: classes 70-79, train=5000, test=1000
  Task 8: classes 80-89, train=5000, test=1000
  Task 9: classes 90-99, train=5000, test=1000

=== Task 0 ===
  cb: 0->4791 (+4791)
  Train: 1.1s
  Eval (1 tasks): 0.2s
  Peek: k=1=66.9% k=3=70.9% k=10=71.3%

=== Task 1 ===
  cb: 4791->9740 (+4949)
  Train: 1.1s
  Eval (2 tasks): 0.0s
  Peek: k=1=48.4% k=3=53.8% k=10=52.6%

=== Task 2 ===
  cb: 9740->14646 (+4906)
  Train: 1.5s
  Eval (3 tasks): 0.1s
  Peek: k=1=49.0% k=3=55.0% k=10=55.4%

=== Task 3 ===
  cb: 14646->19577 (+4931)
  Train: 1.9s
  Eval (4 tasks): 0.3s
  Peek: k=1=41.9% k=3=45.6% k=10=46.2%

=== Task 4 ===
  cb: 19577->24493 (+4916)
  Train: 2.2s
  Eval (5 tasks): 0.4s
  Peek: k=1=41.9% k=3=47.9% k=10=47.4%

=== Task 5 ===
  cb: 24493->29295 (+4802)
  Train: 2.5s
  Eval (6 tasks): 0.6s
  Peek: k=1=42.0% k=3=48.1% k=10=46.0%

=== Task 6 ===
  cb: 29295->34185 (+4890)
  Train: 2.7s
  Eval (7 tasks): 1.0s
  Peek: k=1=40.1% k=3=46.4% k=10=46.5%

=== Task 7 ===
  cb: 34185->39046 (+4861)
  Train: 3.0s
  Eval (8 tasks): 1.3s
  Peek: k=1=32.3% k=3=37.4% k=10=41.7%

=== Task 8 ===
  cb: 39046->43967 (+4921)
  Train: 3.0s
  Eval (9 tasks): 0.8s
  Peek: k=1=35.2% k=3=41.7% k=10=42.9%

=== Task 9 ===
  cb: 43967->48849 (+4882)
  Train: 2.5s
  Eval (10 tasks): 1.0s
  Peek: k=1=31.1% k=3=36.0% k=10=35.0%

=================================================================
STEP 101 SUMMARY -- Spawn-Only CIFAR-100
lr=0 (spawn-only), sp=0.95, DEVICE=cuda
=================================================================

   k |      AA  Forgetting |   vs k=1
----------------------------------------
   1 |   32.3%       11.8pp |    +0.0pp <-- 1-NN baseline
   3 |   37.8%       11.7pp |    +5.5pp
   5 |   38.3%       11.6pp |    +6.1pp
  10 |   37.7%       11.9pp |    +5.5pp

Final codebook: 48849 vectors
Step 100b comparison (lr=0.001): k=5 38.3% AA, 11.6pp forgetting
Fold baseline (Step 71): 33.5% AA
1-NN (lr=0):  32.3% AA
vs fold baseline: -1.2pp

KILL CRITERION:
  Best top-k (k=5): 38.3%
  Forgetting (k=5): 11.6pp
  DISPROVED: forgetting 11.6pp > 5pp (updates weren't the cause)

Elapsed: 28.5s
