======================================================================
STEP 1205 — WeightedRandomSubstrate
Substrate: B:\M\the-search\experiments\sub1204_defense_v86.py
======================================================================
2026-03-26 06:33:45 | INFO | Successfully fetched 25 environment(s) from API
[PRISM] Selected 3 games from 25 available (seed=None)
  GAME_2=***  GAME_3=***  GAME_4=***
Budget: 10000 steps/game, 10 seeds, randomized order

2026-03-26 06:33:45 | INFO | Successfully fetched 25 environment(s) from API
2026-03-26 06:33:45 | INFO | Created new scorecard: 5eb7624f-f9cd-43b8-b9a3-ee631cc287ff
2026-03-26 06:33:45 | INFO | Successfully fetched metadata for game g50t
2026-03-26 06:33:45 | INFO | Successfully loaded game class G50t from environment_files\g50t\5849a774\g50t.py
2026-03-26 06:33:50 | INFO | Successfully fetched 25 environment(s) from API
2026-03-26 06:33:50 | INFO | Created new scorecard: ff477709-d9e0-4ee4-a146-f389fac396d0
2026-03-26 06:33:50 | INFO | Successfully fetched metadata for game ft09
2026-03-26 06:33:50 | INFO | Successfully loaded game class Ft09 from environment_files\ft09\0d8bbf25\ft09.py
2026-03-26 06:33:58 | INFO | Successfully fetched 25 environment(s) from API
2026-03-26 06:33:58 | INFO | Created new scorecard: 4b1e61ae-8527-4c9b-8c16-916befc6c467
2026-03-26 06:33:59 | INFO | Successfully fetched metadata for game lp85
2026-03-26 06:33:59 | INFO | Successfully loaded game class Lp85 from environment_files\lp85\305b61c3\lp85.py

======================================================================
STEP 1205 RESULTS:
  GAME_1: L1=100%  SOLVED=0%  max_lvl=0  ARC=0.0000  avg_t=0.1s
  GAME_2: L1=0%  SOLVED=0%  max_lvl=0  ARC=0.0000  avg_t=2.0s
  GAME_3: L1=0%  SOLVED=0%  max_lvl=0  ARC=0.0000  avg_t=5.1s
  GAME_4: L1=0%  SOLVED=0%  max_lvl=0  ARC=0.0000  avg_t=2.9s
  GAME_5: L1=100%  SOLVED=0%  max_lvl=0  ARC=0.0000  avg_t=0.1s
  Chain score: 2/5
  ARC Prize score: 0.0000 (human_baseline=50 actions/level)
  ** DEBATE FAIL: one or more games at 0% L1 (Jun directive 2026-03-25) **
  ** WIN CONDITION NOT MET: 100% ALL LEVELS required on ALL games **
  Chain kill verdict: PASS
    GAME_1: ++0% (100% → 100%)
    GAME_4: ++0% (0% → 0%)
    GAME_5: ++0% (100% → 100%)
  Results: [blind]
  Elapsed: 109.1s
STEP 1205 DONE
