======================================================================
STEP 1207 — OnlineEpsilonGreedySubstrate
Substrate: B:\M\the-search\experiments\sub1207_defense_v87.py
======================================================================
2026-03-26 06:41:47 | INFO | Successfully fetched 25 environment(s) from API
[PRISM] Selected 3 games from 25 available (seed=None)
  GAME_2=***  GAME_3=***  GAME_4=***
Budget: 10000 steps/game, 10 seeds, randomized order

2026-03-26 06:41:47 | INFO | Successfully fetched 25 environment(s) from API
2026-03-26 06:41:47 | INFO | Created new scorecard: 83ad6d8a-7155-42f5-88d0-85021e135c52
2026-03-26 06:41:47 | INFO | Successfully fetched metadata for game sp80
2026-03-26 06:41:47 | INFO | Successfully loaded game class Sp80 from environment_files\sp80\0ee2d095\sp80.py
2026-03-26 06:41:52 | INFO | Successfully fetched metadata for game sp80
2026-03-26 06:41:52 | INFO | Successfully loaded game class Sp80 from environment_files\sp80\0ee2d095\sp80.py
2026-03-26 06:41:52 | INFO | Successfully fetched metadata for game sp80
2026-03-26 06:41:52 | INFO | Successfully loaded game class Sp80 from environment_files\sp80\0ee2d095\sp80.py
2026-03-26 06:41:53 | INFO | Successfully fetched metadata for game sp80
2026-03-26 06:41:53 | INFO | Successfully loaded game class Sp80 from environment_files\sp80\0ee2d095\sp80.py
2026-03-26 06:41:54 | INFO | Successfully fetched metadata for game sp80
2026-03-26 06:41:54 | INFO | Successfully loaded game class Sp80 from environment_files\sp80\0ee2d095\sp80.py
2026-03-26 06:41:54 | INFO | Successfully fetched metadata for game sp80
2026-03-26 06:41:54 | INFO | Successfully loaded game class Sp80 from environment_files\sp80\0ee2d095\sp80.py
2026-03-26 06:41:55 | INFO | Successfully fetched 25 environment(s) from API
2026-03-26 06:41:55 | INFO | Created new scorecard: 7633b775-86d0-4757-98f1-d0744f9e16d3
2026-03-26 06:41:55 | INFO | Successfully fetched metadata for game cd82
2026-03-26 06:41:55 | INFO | Successfully loaded game class Cd82 from environment_files\cd82\fb555c5d\cd82.py
2026-03-26 06:42:03 | INFO | Successfully fetched 25 environment(s) from API
2026-03-26 06:42:03 | INFO | Created new scorecard: ce8f8ebe-5aa5-4d39-bcef-9896d4372de0
2026-03-26 06:42:04 | INFO | Successfully fetched metadata for game s5i5
2026-03-26 06:42:04 | INFO | Successfully loaded game class S5i5 from environment_files\s5i5\a48e4b1d\s5i5.py
2026-03-26 06:42:35 | INFO | Successfully fetched metadata for game sp80
2026-03-26 06:42:35 | INFO | Successfully loaded game class Sp80 from environment_files\sp80\0ee2d095\sp80.py
2026-03-26 06:42:36 | INFO | Successfully fetched metadata for game sp80
2026-03-26 06:42:36 | INFO | Successfully loaded game class Sp80 from environment_files\sp80\0ee2d095\sp80.py
2026-03-26 06:42:47 | INFO | Successfully fetched metadata for game sp80
2026-03-26 06:42:47 | INFO | Successfully loaded game class Sp80 from environment_files\sp80\0ee2d095\sp80.py
2026-03-26 06:42:47 | INFO | Successfully fetched metadata for game sp80
2026-03-26 06:42:47 | INFO | Successfully loaded game class Sp80 from environment_files\sp80\0ee2d095\sp80.py
2026-03-26 06:42:51 | INFO | Successfully fetched metadata for game sp80
2026-03-26 06:42:51 | INFO | Successfully loaded game class Sp80 from environment_files\sp80\0ee2d095\sp80.py
2026-03-26 06:42:56 | INFO | Successfully fetched metadata for game sp80
2026-03-26 06:42:56 | INFO | Successfully loaded game class Sp80 from environment_files\sp80\0ee2d095\sp80.py
2026-03-26 06:42:57 | INFO | Successfully fetched metadata for game sp80
2026-03-26 06:42:57 | INFO | Successfully loaded game class Sp80 from environment_files\sp80\0ee2d095\sp80.py
2026-03-26 06:43:26 | INFO | Successfully fetched metadata for game sp80
2026-03-26 06:43:26 | INFO | Successfully loaded game class Sp80 from environment_files\sp80\0ee2d095\sp80.py
2026-03-26 06:43:27 | INFO | Successfully fetched metadata for game sp80
2026-03-26 06:43:27 | INFO | Successfully loaded game class Sp80 from environment_files\sp80\0ee2d095\sp80.py
2026-03-26 06:43:31 | INFO | Successfully fetched metadata for game sp80
2026-03-26 06:43:31 | INFO | Successfully loaded game class Sp80 from environment_files\sp80\0ee2d095\sp80.py

======================================================================
STEP 1207 RESULTS:
  GAME_1: L1=100%  SOLVED=0%  max_lvl=0  ARC=0.0000  avg_t=0.1s
  GAME_2: L1=0%  SOLVED=0%  max_lvl=0  ARC=0.0000  avg_t=1.1s
  GAME_3: L1=40%  SOLVED=40%  max_lvl=1  ARC=0.0001  avg_t=5.8s
  GAME_4: L1=0%  SOLVED=0%  max_lvl=0  ARC=0.0000  avg_t=3.0s
  GAME_5: L1=100%  SOLVED=0%  max_lvl=0  ARC=0.0000  avg_t=0.1s
  Chain score: 3/5
  ARC Prize score: 0.0000 (human_baseline=50 actions/level)
  ** DEBATE FAIL: one or more games at 0% L1 (Jun directive 2026-03-25) **
  ** WIN CONDITION NOT MET: 100% ALL LEVELS required on ALL games **
  Chain kill verdict: PASS
    GAME_1: ++0% (100% → 100%)
    GAME_5: ++0% (100% → 100%)
  Results: [blind]
  Elapsed: 109.0s
STEP 1207 DONE
