======================================================================
STEP 1110 — ClickCapableReactiveSubstrate
Substrate: B:\M\the-search\experiments\sub1110_defense_v35.py
======================================================================
2026-03-25 21:57:36 | INFO | Successfully fetched 25 environment(s) from API
[PRISM] Selected 3 games from 25 available (seed=28541)
  GAME_2=***  GAME_3=***  GAME_4=***
Budget: 10000 steps/game, 10 seeds, randomized order

2026-03-25 21:57:36 | INFO | Successfully fetched 25 environment(s) from API
2026-03-25 21:57:36 | INFO | Created new scorecard: 22474a98-cf69-4529-95e6-46239207f075
2026-03-25 21:57:37 | INFO | Successfully fetched metadata for game ka59
2026-03-25 21:57:37 | INFO | Successfully loaded game class Ka59 from environment_files\ka59\9f096b4a\ka59.py
2026-03-25 21:57:50 | INFO | Successfully fetched 25 environment(s) from API
2026-03-25 21:57:50 | INFO | Created new scorecard: 0437ea8c-fdb7-4456-8954-decd655d53bb
2026-03-25 21:57:50 | INFO | Successfully fetched metadata for game lp85
2026-03-25 21:57:50 | INFO | Successfully loaded game class Lp85 from environment_files\lp85\305b61c3\lp85.py
2026-03-25 21:57:52 | INFO | Successfully fetched metadata for game lp85
2026-03-25 21:57:52 | INFO | Successfully loaded game class Lp85 from environment_files\lp85\305b61c3\lp85.py
2026-03-25 21:57:54 | INFO | Successfully fetched metadata for game lp85
2026-03-25 21:57:54 | INFO | Successfully loaded game class Lp85 from environment_files\lp85\305b61c3\lp85.py
2026-03-25 21:57:56 | INFO | Successfully fetched metadata for game lp85
2026-03-25 21:57:56 | INFO | Successfully loaded game class Lp85 from environment_files\lp85\305b61c3\lp85.py
2026-03-25 21:57:58 | INFO | Successfully fetched metadata for game lp85
2026-03-25 21:57:58 | INFO | Successfully loaded game class Lp85 from environment_files\lp85\305b61c3\lp85.py
2026-03-25 21:58:00 | INFO | Successfully fetched metadata for game lp85
2026-03-25 21:58:00 | INFO | Successfully loaded game class Lp85 from environment_files\lp85\305b61c3\lp85.py
2026-03-25 21:58:02 | INFO | Successfully fetched metadata for game lp85
2026-03-25 21:58:02 | INFO | Successfully loaded game class Lp85 from environment_files\lp85\305b61c3\lp85.py
2026-03-25 21:58:07 | INFO | Successfully fetched 25 environment(s) from API
2026-03-25 21:58:07 | INFO | Created new scorecard: 335e3418-7b94-452c-aea6-94160bebe326
2026-03-25 21:58:07 | INFO | Successfully fetched metadata for game g50t
2026-03-25 21:58:07 | INFO | Successfully loaded game class G50t from environment_files\g50t\5849a774\g50t.py
2026-03-25 21:58:29 | INFO | Successfully fetched metadata for game lp85
2026-03-25 21:58:29 | INFO | Successfully loaded game class Lp85 from environment_files\lp85\305b61c3\lp85.py
2026-03-25 21:58:31 | INFO | Successfully fetched metadata for game lp85
2026-03-25 21:58:31 | INFO | Successfully loaded game class Lp85 from environment_files\lp85\305b61c3\lp85.py
2026-03-25 21:58:33 | INFO | Successfully fetched metadata for game lp85
2026-03-25 21:58:33 | INFO | Successfully loaded game class Lp85 from environment_files\lp85\305b61c3\lp85.py
2026-03-25 21:58:34 | INFO | Successfully fetched metadata for game lp85
2026-03-25 21:58:35 | INFO | Successfully loaded game class Lp85 from environment_files\lp85\305b61c3\lp85.py
2026-03-25 21:58:37 | INFO | Successfully fetched metadata for game lp85
2026-03-25 21:58:37 | INFO | Successfully loaded game class Lp85 from environment_files\lp85\305b61c3\lp85.py
2026-03-25 21:58:39 | INFO | Successfully fetched metadata for game lp85
2026-03-25 21:58:39 | INFO | Successfully loaded game class Lp85 from environment_files\lp85\305b61c3\lp85.py
2026-03-25 21:58:41 | INFO | Successfully fetched metadata for game lp85
2026-03-25 21:58:41 | INFO | Successfully loaded game class Lp85 from environment_files\lp85\305b61c3\lp85.py
2026-03-25 21:59:00 | INFO | Successfully fetched metadata for game lp85
2026-03-25 21:59:00 | INFO | Successfully loaded game class Lp85 from environment_files\lp85\305b61c3\lp85.py
2026-03-25 21:59:02 | INFO | Successfully fetched metadata for game lp85
2026-03-25 21:59:02 | INFO | Successfully loaded game class Lp85 from environment_files\lp85\305b61c3\lp85.py
2026-03-25 21:59:04 | INFO | Successfully fetched metadata for game lp85
2026-03-25 21:59:04 | INFO | Successfully loaded game class Lp85 from environment_files\lp85\305b61c3\lp85.py
2026-03-25 21:59:06 | INFO | Successfully fetched metadata for game lp85
2026-03-25 21:59:06 | INFO | Successfully loaded game class Lp85 from environment_files\lp85\305b61c3\lp85.py
2026-03-25 21:59:08 | INFO | Successfully fetched metadata for game lp85
2026-03-25 21:59:08 | INFO | Successfully loaded game class Lp85 from environment_files\lp85\305b61c3\lp85.py
2026-03-25 21:59:10 | INFO | Successfully fetched metadata for game lp85
2026-03-25 21:59:10 | INFO | Successfully loaded game class Lp85 from environment_files\lp85\305b61c3\lp85.py
2026-03-25 21:59:12 | INFO | Successfully fetched metadata for game lp85
2026-03-25 21:59:12 | INFO | Successfully loaded game class Lp85 from environment_files\lp85\305b61c3\lp85.py
2026-03-25 21:59:21 | INFO | Successfully fetched metadata for game lp85
2026-03-25 21:59:21 | INFO | Successfully loaded game class Lp85 from environment_files\lp85\305b61c3\lp85.py
2026-03-25 21:59:24 | INFO | Successfully fetched metadata for game lp85
2026-03-25 21:59:24 | INFO | Successfully loaded game class Lp85 from environment_files\lp85\305b61c3\lp85.py
2026-03-25 21:59:25 | INFO | Successfully fetched metadata for game lp85
2026-03-25 21:59:25 | INFO | Successfully loaded game class Lp85 from environment_files\lp85\305b61c3\lp85.py
2026-03-25 21:59:27 | INFO | Successfully fetched metadata for game lp85
2026-03-25 21:59:27 | INFO | Successfully loaded game class Lp85 from environment_files\lp85\305b61c3\lp85.py
2026-03-25 21:59:29 | INFO | Successfully fetched metadata for game lp85
2026-03-25 21:59:29 | INFO | Successfully loaded game class Lp85 from environment_files\lp85\305b61c3\lp85.py
2026-03-25 21:59:31 | INFO | Successfully fetched metadata for game lp85
2026-03-25 21:59:31 | INFO | Successfully loaded game class Lp85 from environment_files\lp85\305b61c3\lp85.py
2026-03-25 21:59:33 | INFO | Successfully fetched metadata for game lp85
2026-03-25 21:59:33 | INFO | Successfully loaded game class Lp85 from environment_files\lp85\305b61c3\lp85.py
2026-03-25 22:00:02 | INFO | Successfully fetched metadata for game lp85
2026-03-25 22:00:02 | INFO | Successfully loaded game class Lp85 from environment_files\lp85\305b61c3\lp85.py
2026-03-25 22:00:04 | INFO | Successfully fetched metadata for game lp85
2026-03-25 22:00:04 | INFO | Successfully loaded game class Lp85 from environment_files\lp85\305b61c3\lp85.py
2026-03-25 22:00:06 | INFO | Successfully fetched metadata for game lp85
2026-03-25 22:00:06 | INFO | Successfully loaded game class Lp85 from environment_files\lp85\305b61c3\lp85.py
2026-03-25 22:00:08 | INFO | Successfully fetched metadata for game lp85
2026-03-25 22:00:08 | INFO | Successfully loaded game class Lp85 from environment_files\lp85\305b61c3\lp85.py
2026-03-25 22:00:10 | INFO | Successfully fetched metadata for game lp85
2026-03-25 22:00:10 | INFO | Successfully loaded game class Lp85 from environment_files\lp85\305b61c3\lp85.py
2026-03-25 22:00:12 | INFO | Successfully fetched metadata for game lp85
2026-03-25 22:00:12 | INFO | Successfully loaded game class Lp85 from environment_files\lp85\305b61c3\lp85.py
2026-03-25 22:00:14 | INFO | Successfully fetched metadata for game lp85
2026-03-25 22:00:14 | INFO | Successfully loaded game class Lp85 from environment_files\lp85\305b61c3\lp85.py
2026-03-25 22:00:36 | INFO | Successfully fetched metadata for game lp85
2026-03-25 22:00:36 | INFO | Successfully loaded game class Lp85 from environment_files\lp85\305b61c3\lp85.py
2026-03-25 22:00:38 | INFO | Successfully fetched metadata for game lp85
2026-03-25 22:00:38 | INFO | Successfully loaded game class Lp85 from environment_files\lp85\305b61c3\lp85.py
2026-03-25 22:00:40 | INFO | Successfully fetched metadata for game lp85
2026-03-25 22:00:40 | INFO | Successfully loaded game class Lp85 from environment_files\lp85\305b61c3\lp85.py
2026-03-25 22:00:42 | INFO | Successfully fetched metadata for game lp85
2026-03-25 22:00:42 | INFO | Successfully loaded game class Lp85 from environment_files\lp85\305b61c3\lp85.py
2026-03-25 22:00:44 | INFO | Successfully fetched metadata for game lp85
2026-03-25 22:00:44 | INFO | Successfully loaded game class Lp85 from environment_files\lp85\305b61c3\lp85.py
2026-03-25 22:00:46 | INFO | Successfully fetched metadata for game lp85
2026-03-25 22:00:46 | INFO | Successfully loaded game class Lp85 from environment_files\lp85\305b61c3\lp85.py
2026-03-25 22:00:48 | INFO | Successfully fetched metadata for game lp85
2026-03-25 22:00:48 | INFO | Successfully loaded game class Lp85 from environment_files\lp85\305b61c3\lp85.py
2026-03-25 22:00:57 | INFO | Successfully fetched metadata for game lp85
2026-03-25 22:00:57 | INFO | Successfully loaded game class Lp85 from environment_files\lp85\305b61c3\lp85.py
2026-03-25 22:01:00 | INFO | Successfully fetched metadata for game lp85
2026-03-25 22:01:00 | INFO | Successfully loaded game class Lp85 from environment_files\lp85\305b61c3\lp85.py
2026-03-25 22:01:02 | INFO | Successfully fetched metadata for game lp85
2026-03-25 22:01:02 | INFO | Successfully loaded game class Lp85 from environment_files\lp85\305b61c3\lp85.py
2026-03-25 22:01:03 | INFO | Successfully fetched metadata for game lp85
2026-03-25 22:01:03 | INFO | Successfully loaded game class Lp85 from environment_files\lp85\305b61c3\lp85.py
2026-03-25 22:01:05 | INFO | Successfully fetched metadata for game lp85
2026-03-25 22:01:05 | INFO | Successfully loaded game class Lp85 from environment_files\lp85\305b61c3\lp85.py
2026-03-25 22:01:07 | INFO | Successfully fetched metadata for game lp85
2026-03-25 22:01:07 | INFO | Successfully loaded game class Lp85 from environment_files\lp85\305b61c3\lp85.py
2026-03-25 22:01:09 | INFO | Successfully fetched metadata for game lp85
2026-03-25 22:01:09 | INFO | Successfully loaded game class Lp85 from environment_files\lp85\305b61c3\lp85.py
2026-03-25 22:01:38 | INFO | Successfully fetched metadata for game lp85
2026-03-25 22:01:38 | INFO | Successfully loaded game class Lp85 from environment_files\lp85\305b61c3\lp85.py
2026-03-25 22:01:40 | INFO | Successfully fetched metadata for game lp85
2026-03-25 22:01:40 | INFO | Successfully loaded game class Lp85 from environment_files\lp85\305b61c3\lp85.py
2026-03-25 22:01:42 | INFO | Successfully fetched metadata for game lp85
2026-03-25 22:01:42 | INFO | Successfully loaded game class Lp85 from environment_files\lp85\305b61c3\lp85.py
2026-03-25 22:01:45 | INFO | Successfully fetched metadata for game lp85
2026-03-25 22:01:45 | INFO | Successfully loaded game class Lp85 from environment_files\lp85\305b61c3\lp85.py
2026-03-25 22:01:46 | INFO | Successfully fetched metadata for game lp85
2026-03-25 22:01:46 | INFO | Successfully loaded game class Lp85 from environment_files\lp85\305b61c3\lp85.py
2026-03-25 22:01:48 | INFO | Successfully fetched metadata for game lp85
2026-03-25 22:01:48 | INFO | Successfully loaded game class Lp85 from environment_files\lp85\305b61c3\lp85.py
2026-03-25 22:01:50 | INFO | Successfully fetched metadata for game lp85
2026-03-25 22:01:50 | INFO | Successfully loaded game class Lp85 from environment_files\lp85\305b61c3\lp85.py
2026-03-25 22:02:01 | INFO | Successfully fetched metadata for game lp85
2026-03-25 22:02:01 | INFO | Successfully loaded game class Lp85 from environment_files\lp85\305b61c3\lp85.py
2026-03-25 22:02:03 | INFO | Successfully fetched metadata for game lp85
2026-03-25 22:02:03 | INFO | Successfully loaded game class Lp85 from environment_files\lp85\305b61c3\lp85.py
2026-03-25 22:02:05 | INFO | Successfully fetched metadata for game lp85
2026-03-25 22:02:05 | INFO | Successfully loaded game class Lp85 from environment_files\lp85\305b61c3\lp85.py
2026-03-25 22:02:07 | INFO | Successfully fetched metadata for game lp85
2026-03-25 22:02:07 | INFO | Successfully loaded game class Lp85 from environment_files\lp85\305b61c3\lp85.py
2026-03-25 22:02:09 | INFO | Successfully fetched metadata for game lp85
2026-03-25 22:02:09 | INFO | Successfully loaded game class Lp85 from environment_files\lp85\305b61c3\lp85.py
2026-03-25 22:02:11 | INFO | Successfully fetched metadata for game lp85
2026-03-25 22:02:11 | INFO | Successfully loaded game class Lp85 from environment_files\lp85\305b61c3\lp85.py
2026-03-25 22:02:13 | INFO | Successfully fetched metadata for game lp85
2026-03-25 22:02:13 | INFO | Successfully loaded game class Lp85 from environment_files\lp85\305b61c3\lp85.py
2026-03-25 22:02:54 | INFO | Successfully fetched metadata for game lp85
2026-03-25 22:02:54 | INFO | Successfully loaded game class Lp85 from environment_files\lp85\305b61c3\lp85.py
2026-03-25 22:02:56 | INFO | Successfully fetched metadata for game lp85
2026-03-25 22:02:56 | INFO | Successfully loaded game class Lp85 from environment_files\lp85\305b61c3\lp85.py
2026-03-25 22:02:58 | INFO | Successfully fetched metadata for game lp85
2026-03-25 22:02:58 | INFO | Successfully loaded game class Lp85 from environment_files\lp85\305b61c3\lp85.py
2026-03-25 22:03:01 | INFO | Successfully fetched metadata for game lp85
2026-03-25 22:03:01 | INFO | Successfully loaded game class Lp85 from environment_files\lp85\305b61c3\lp85.py
2026-03-25 22:03:03 | INFO | Successfully fetched metadata for game lp85
2026-03-25 22:03:03 | INFO | Successfully loaded game class Lp85 from environment_files\lp85\305b61c3\lp85.py
2026-03-25 22:03:05 | INFO | Successfully fetched metadata for game lp85
2026-03-25 22:03:05 | INFO | Successfully loaded game class Lp85 from environment_files\lp85\305b61c3\lp85.py
2026-03-25 22:03:07 | INFO | Successfully fetched metadata for game lp85
2026-03-25 22:03:07 | INFO | Successfully loaded game class Lp85 from environment_files\lp85\305b61c3\lp85.py

======================================================================
STEP 1110 RESULTS:
  GAME_1: L1=100%  SOLVED=0%  max_lvl=0  ARC=0.0000  avg_t=0.0s
  GAME_2: L1=0%  SOLVED=0%  max_lvl=0  ARC=0.0000  avg_t=8.9s
  GAME_3: L1=0%  SOLVED=0%  max_lvl=0  ARC=0.0000  avg_t=11.1s
  GAME_4: L1=100%  SOLVED=100%  max_lvl=1  ARC=0.0150  avg_t=12.2s
  GAME_5: L1=100%  SOLVED=0%  max_lvl=0  ARC=0.0000  avg_t=0.0s
  Chain score: 3/5
  ARC Prize score: 0.0030 (human_baseline=50 actions/level)
  ** DEBATE FAIL: one or more games at 0% L1 (Jun directive 2026-03-25) **
  ** WIN CONDITION NOT MET: 100% ALL LEVELS required on ALL games **
  Chain kill verdict: PASS
    GAME_1: ++0% (100% → 100%)
    GAME_5: ++0% (100% → 100%)
  Results: [blind]
  Elapsed: 331.9s
STEP 1110 DONE
