Step 118 -- Random Fourier Features k-NN, CIFAR-100
N_TASKS=2, k=5, DEVICE=cuda
Baselines: raw=32.6%, random_128=31.6% (Steps 113/114)
Loading CIFAR-100...
/home/jun/csi-train/lib/python3.12/site-packages/torchvision/datasets/cifar.py:83: VisibleDeprecationWarning: dtype(): align should be passed as Python or NumPy boolean but got `align=0`. Did you mean to pass a tuple to create a subarray type? (Deprecated NumPy 2.4)
  entry = pickle.load(f, encoding="latin1")

============================================================
Condition 1: Raw pixel k-NN (d=3072)
============================================================
    T0: train=0.0s eval=0.1s cb=5000 aa=44.6%
    T1: train=0.0s eval=0.0s cb=10000 aa=32.6%

============================================================
Condition 2: Random linear proj (d=128)
============================================================
    T0: train=0.0s eval=0.0s cb=5000 aa=43.6%
    T1: train=0.0s eval=0.0s cb=10000 aa=31.6%

============================================================
RFF: d_feat=512 sigma=0.1
============================================================
    T0: train=0.0s eval=0.0s cb=5000 aa=19.3%
    T1: train=0.0s eval=0.0s cb=10000 aa=10.6%

============================================================
RFF: d_feat=512 sigma=1.0
============================================================
    T0: train=0.0s eval=0.0s cb=5000 aa=45.8%
    T1: train=0.0s eval=0.0s cb=10000 aa=32.3%

============================================================
RFF: d_feat=512 sigma=10.0
============================================================
    T0: train=0.0s eval=0.0s cb=5000 aa=45.1%
    T1: train=0.0s eval=0.0s cb=10000 aa=31.8%

============================================================
RFF: d_feat=1024 sigma=0.1
============================================================
    T0: train=0.0s eval=0.0s cb=5000 aa=22.4%
    T1: train=0.0s eval=0.0s cb=10000 aa=13.1%

============================================================
RFF: d_feat=1024 sigma=1.0
============================================================
    T0: train=0.0s eval=0.0s cb=5000 aa=44.7%
    T1: train=0.0s eval=0.0s cb=10000 aa=32.4%

============================================================
RFF: d_feat=1024 sigma=10.0
============================================================
    T0: train=0.0s eval=0.0s cb=5000 aa=46.1%
    T1: train=0.0s eval=0.0s cb=10000 aa=32.9%

============================================================
RFF: d_feat=2048 sigma=0.1
============================================================
    T0: train=0.0s eval=0.0s cb=5000 aa=23.2%
    T1: train=0.0s eval=0.0s cb=10000 aa=14.8%

============================================================
RFF: d_feat=2048 sigma=1.0
============================================================
    T0: train=0.0s eval=0.0s cb=5000 aa=45.8%
    T1: train=0.0s eval=0.0s cb=10000 aa=32.5%

============================================================
RFF: d_feat=2048 sigma=10.0
============================================================
    T0: train=0.0s eval=0.0s cb=5000 aa=45.7%
    T1: train=0.0s eval=0.0s cb=10000 aa=32.7%

============================================================
RFF: d_feat=4096 sigma=0.1
============================================================
    T0: train=0.0s eval=0.0s cb=5000 aa=24.1%
    T1: train=0.0s eval=0.0s cb=10000 aa=15.2%

============================================================
RFF: d_feat=4096 sigma=1.0
============================================================
    T0: train=0.0s eval=0.0s cb=5000 aa=44.5%
    T1: train=0.0s eval=0.0s cb=10000 aa=32.5%

============================================================
RFF: d_feat=4096 sigma=10.0
============================================================
    T0: train=0.0s eval=0.0s cb=5000 aa=44.7%
    T1: train=0.0s eval=0.0s cb=10000 aa=32.8%

========================================================================
STEP 118 FINAL -- RFF k-NN, CIFAR-100
========================================================================
  raw                       AA=32.6%  fgt=7.1pp
  random_128                AA=31.6%  fgt=6.8pp
  rff_d512_s0.1             AA=10.6%  fgt=5.4pp  delta=-22.0pp [DISPROVED]
  rff_d512_s1.0             AA=32.3%  fgt=7.8pp  delta=-0.3pp [DISPROVED]
  rff_d512_s10.0            AA=31.8%  fgt=7.9pp  delta=-0.8pp [DISPROVED]
  rff_d1024_s0.1            AA=13.1%  fgt=5.0pp  delta=-19.5pp [DISPROVED]
  rff_d1024_s1.0            AA=32.4%  fgt=7.6pp  delta=-0.2pp [DISPROVED]
  rff_d1024_s10.0           AA=32.9%  fgt=7.8pp  delta=+0.3pp [PASSES]
  rff_d2048_s0.1            AA=14.8%  fgt=4.4pp  delta=-17.8pp [DISPROVED]
  rff_d2048_s1.0            AA=32.5%  fgt=8.1pp  delta=-0.1pp [DISPROVED]
  rff_d2048_s10.0           AA=32.7%  fgt=7.8pp  delta=+0.1pp [PASSES]
  rff_d4096_s0.1            AA=15.2%  fgt=5.2pp  delta=-17.4pp [DISPROVED]
  rff_d4096_s1.0            AA=32.5%  fgt=7.5pp  delta=-0.1pp [DISPROVED]
  rff_d4096_s10.0           AA=32.8%  fgt=6.9pp  delta=+0.2pp [PASSES]

  OVERALL: PROVES
  Best RFF: rff_d1024_s10.0 -> 32.9% (delta=+0.3pp vs raw)

Elapsed: 7.2s
