======================================================================
STEP 1096 — ForwardModelSubstrate
Substrate: B:\M\the-search\experiments\sub1094_prosecution_v24.py
======================================================================
2026-03-25 20:15:39 | INFO | Successfully fetched 25 environment(s) from API
[PRISM] Selected 3 games from 25 available (seed=53197)
  GAME_2=***  GAME_3=***  GAME_4=***
Budget: 10000 steps/game, 10 seeds, randomized order

2026-03-25 20:15:39 | INFO | Successfully fetched 25 environment(s) from API
2026-03-25 20:15:39 | INFO | Created new scorecard: 212d9510-8371-4049-a23a-0d9d8f0694f2
2026-03-25 20:15:39 | INFO | Successfully fetched metadata for game s5i5
2026-03-25 20:15:39 | INFO | Successfully loaded game class S5i5 from environment_files\s5i5\a48e4b1d\s5i5.py
2026-03-25 20:15:53 | INFO | Successfully fetched 25 environment(s) from API
2026-03-25 20:15:53 | INFO | Created new scorecard: 8d79fb6e-f025-4d50-8bed-b002f0f5c299
2026-03-25 20:15:53 | INFO | Successfully fetched metadata for game ft09
2026-03-25 20:15:53 | INFO | Successfully loaded game class Ft09 from environment_files\ft09\0d8bbf25\ft09.py
2026-03-25 20:16:10 | INFO | Successfully fetched 25 environment(s) from API
2026-03-25 20:16:10 | INFO | Created new scorecard: d55022c5-2a78-480c-8011-684156ff5e1b
2026-03-25 20:16:10 | INFO | Successfully fetched metadata for game su15
2026-03-25 20:16:10 | INFO | Successfully loaded game class Su15 from environment_files\su15\4c352900\su15.py

======================================================================
STEP 1096 RESULTS:
  GAME_1: L1=100%  SOLVED=0%  max_lvl=0  ARC=0.0000  avg_t=0.1s
  GAME_2: L1=0%  SOLVED=0%  max_lvl=0  ARC=0.0000  avg_t=12.6s
  GAME_3: L1=0%  SOLVED=0%  max_lvl=0  ARC=0.0000  avg_t=12.6s
  GAME_4: L1=0%  SOLVED=0%  max_lvl=0  ARC=0.0000  avg_t=11.8s
  GAME_5: L1=100%  SOLVED=0%  max_lvl=0  ARC=0.0000  avg_t=0.1s
  Chain score: 2/5
  ARC Prize score: 0.0000 (human_baseline=50 actions/level)
  ** DEBATE FAIL: one or more games at 0% L1 (Jun directive 2026-03-25) **
  ** WIN CONDITION NOT MET: 100% ALL LEVELS required on ALL games **
  Chain kill verdict: PASS
    GAME_1: ++0% (100% → 100%)
    GAME_4: ++0% (0% → 0%)
    GAME_5: ++0% (100% → 100%)
  Results: [blind]
  Elapsed: 379.4s
STEP 1096 DONE
