Step 116 -- Augmented k-NN, CIFAR-100
N_TASKS=2, k=5, DEVICE=cuda
Baseline: raw k-NN ~32.6%. Kill: aug <= raw. Proves: aug > raw+1pp
Loading CIFAR-100...
/home/jun/csi-train/lib/python3.12/site-packages/torchvision/datasets/cifar.py:83: VisibleDeprecationWarning: dtype(): align should be passed as Python or NumPy boolean but got `align=0`. Did you mean to pass a tuple to create a subarray type? (Deprecated NumPy 2.4)
  entry = pickle.load(f, encoding="latin1")

============================================================
Baseline: Raw k-NN
============================================================
    T0: train=0.0s eval=0.2s cb=5000 aa=44.6%
    T1: train=0.0s eval=0.0s cb=10000 aa=32.6%

============================================================
Augmented k-NN (n_augs=2, 3x storage)
============================================================
    T0: train=0.9s eval=0.0s cb=15000 aa=44.6%
    T1: train=0.9s eval=0.0s cb=30000 aa=32.6%

============================================================
Augmented k-NN (n_augs=4, 5x storage)
============================================================
    T0: train=1.7s eval=0.0s cb=25000 aa=44.6%
    T1: train=1.8s eval=0.0s cb=50000 aa=32.4%

============================================================
Augmented k-NN (n_augs=8, 9x storage)
============================================================
    T0: train=3.5s eval=0.0s cb=45000 aa=44.7%
    T1: train=3.5s eval=0.2s cb=90000 aa=32.6%

========================================================================
STEP 116 FINAL -- Augmented k-NN, CIFAR-100
========================================================================
  raw          AA=32.6%  fgt=7.1pp
  aug_2        AA=32.6%  fgt=7.1pp  delta=+0.0pp [DISPROVED]
  aug_4        AA=32.4%  fgt=7.5pp  delta=-0.2pp [DISPROVED]
  aug_8        AA=32.6%  fgt=7.2pp  delta=+0.0pp [DISPROVED]

  OVERALL: DISPROVED (best: aug_2 → 32.6%)

Elapsed: 19.1s
